settings: 
  bg_img=['images/environment1.png', 'images/environment2.png', 'images/environment3.png'], 
  init_img=images/patch_0809_180254.png, 
  save_name=['adv1', 'adv2', 'adv3'],
  target_text=None, 
  target_img=images/dog.png, 
  patch_size=76,
  patch_pos=[[180, 260], [200, 260], [200, 230]], 
  steps=10000, 
  lr=0.001
输出文件保存路径: output/0818_201220

[补丁训练 Step 1] 对抗损失: 0.455793 | 背景损失: 1.403482 | 总损失: 0.596141 | 相似度: 0.544207 | used: 0h 0m 2s | remain: 7h 56m 34s
✅ 已保存 3 张对抗图像

[补丁训练 Step 100] 对抗损失: 0.297219 | 背景损失: 1.402658 | 总损失: 0.437485 | 相似度: 0.702781 | used: 0h 0m 35s | remain: 0h 57m 56s
✅ 已保存 3 张对抗图像

[补丁训练 Step 200] 对抗损失: 0.258505 | 背景损失: 1.401870 | 总损失: 0.398692 | 相似度: 0.741495 | used: 0h 1m 8s | remain: 0h 55m 32s
✅ 已保存 3 张对抗图像

[补丁训练 Step 300] 对抗损失: 0.234607 | 背景损失: 1.401268 | 总损失: 0.374734 | 相似度: 0.765393 | used: 0h 1m 40s | remain: 0h 54m 10s
✅ 已保存 3 张对抗图像

[补丁训练 Step 400] 对抗损失: 0.217103 | 背景损失: 1.400591 | 总损失: 0.357163 | 相似度: 0.782897 | used: 0h 2m 13s | remain: 0h 53m 16s
✅ 已保存 3 张对抗图像

[补丁训练 Step 500] 对抗损失: 0.209339 | 背景损失: 1.399912 | 总损失: 0.349331 | 相似度: 0.790661 | used: 0h 2m 45s | remain: 0h 52m 29s
✅ 已保存 3 张对抗图像

[补丁训练 Step 600] 对抗损失: 0.198381 | 背景损失: 1.399287 | 总损失: 0.338310 | 相似度: 0.801619 | used: 0h 3m 18s | remain: 0h 51m 46s
✅ 已保存 3 张对抗图像

[补丁训练 Step 700] 对抗损失: 0.189557 | 背景损失: 1.398644 | 总损失: 0.329421 | 相似度: 0.810443 | used: 0h 3m 50s | remain: 0h 51m 8s
✅ 已保存 3 张对抗图像

[补丁训练 Step 800] 对抗损失: 0.182703 | 背景损失: 1.398015 | 总损失: 0.322505 | 相似度: 0.817297 | used: 0h 4m 23s | remain: 0h 50m 32s
✅ 已保存 3 张对抗图像

[补丁训练 Step 900] 对抗损失: 0.180552 | 背景损失: 1.397388 | 总损失: 0.320291 | 相似度: 0.819448 | used: 0h 4m 56s | remain: 0h 49m 56s
✅ 已保存 3 张对抗图像

[补丁训练 Step 1000] 对抗损失: 0.174726 | 背景损失: 1.396815 | 总损失: 0.314407 | 相似度: 0.825274 | used: 0h 5m 28s | remain: 0h 49m 19s
✅ 已保存 3 张对抗图像

[补丁训练 Step 1100] 对抗损失: 0.170781 | 背景损失: 1.396263 | 总损失: 0.310407 | 相似度: 0.829219 | used: 0h 6m 1s | remain: 0h 48m 45s
✅ 已保存 3 张对抗图像

[补丁训练 Step 1200] 对抗损失: 0.167366 | 背景损失: 1.395726 | 总损失: 0.306938 | 相似度: 0.832634 | used: 0h 6m 34s | remain: 0h 48m 12s
✅ 已保存 3 张对抗图像

[补丁训练 Step 1300] 对抗损失: 0.165966 | 背景损失: 1.395194 | 总损失: 0.305486 | 相似度: 0.834034 | used: 0h 7m 7s | remain: 0h 47m 38s
✅ 已保存 3 张对抗图像

[补丁训练 Step 1400] 对抗损失: 0.160122 | 背景损失: 1.394669 | 总损失: 0.299589 | 相似度: 0.839878 | used: 0h 7m 39s | remain: 0h 47m 5s
✅ 已保存 3 张对抗图像

[补丁训练 Step 1500] 对抗损失: 0.157229 | 背景损失: 1.394149 | 总损失: 0.296643 | 相似度: 0.842771 | used: 0h 8m 12s | remain: 0h 46m 32s
✅ 已保存 3 张对抗图像

[补丁训练 Step 1600] 对抗损失: 0.154107 | 背景损失: 1.393624 | 总损失: 0.293469 | 相似度: 0.845893 | used: 0h 8m 45s | remain: 0h 46m 0s
✅ 已保存 3 张对抗图像

[补丁训练 Step 1700] 对抗损失: 0.152631 | 背景损失: 1.393125 | 总损失: 0.291944 | 相似度: 0.847369 | used: 0h 9m 18s | remain: 0h 45m 27s
✅ 已保存 3 张对抗图像

[补丁训练 Step 1800] 对抗损失: 0.151665 | 背景损失: 1.392616 | 总损失: 0.290927 | 相似度: 0.848335 | used: 0h 9m 51s | remain: 0h 44m 53s
✅ 已保存 3 张对抗图像

[补丁训练 Step 1900] 对抗损失: 0.147302 | 背景损失: 1.392126 | 总损失: 0.286515 | 相似度: 0.852698 | used: 0h 10m 24s | remain: 0h 44m 21s
✅ 已保存 3 张对抗图像

[补丁训练 Step 2000] 对抗损失: 0.145727 | 背景损失: 1.391648 | 总损失: 0.284892 | 相似度: 0.854273 | used: 0h 10m 57s | remain: 0h 43m 48s
✅ 已保存 3 张对抗图像

[补丁训练 Step 2100] 对抗损失: 0.161087 | 背景损失: 1.391172 | 总损失: 0.300204 | 相似度: 0.838913 | used: 0h 11m 30s | remain: 0h 43m 15s
✅ 已保存 3 张对抗图像

[补丁训练 Step 2200] 对抗损失: 0.141540 | 背景损失: 1.390737 | 总损失: 0.280614 | 相似度: 0.858460 | used: 0h 12m 2s | remain: 0h 42m 41s
✅ 已保存 3 张对抗图像

[补丁训练 Step 2300] 对抗损失: 0.140026 | 背景损失: 1.390281 | 总损失: 0.279054 | 相似度: 0.859974 | used: 0h 12m 35s | remain: 0h 42m 8s
✅ 已保存 3 张对抗图像

[补丁训练 Step 2400] 对抗损失: 0.139975 | 背景损失: 1.389808 | 总损失: 0.278956 | 相似度: 0.860025 | used: 0h 13m 7s | remain: 0h 41m 34s
✅ 已保存 3 张对抗图像

[补丁训练 Step 2500] 对抗损失: 0.136216 | 背景损失: 1.389326 | 总损失: 0.275149 | 相似度: 0.863784 | used: 0h 13m 40s | remain: 0h 41m 1s
✅ 已保存 3 张对抗图像

[补丁训练 Step 2600] 对抗损失: 0.135340 | 背景损失: 1.388856 | 总损失: 0.274226 | 相似度: 0.864660 | used: 0h 14m 13s | remain: 0h 40m 28s
✅ 已保存 3 张对抗图像

[补丁训练 Step 2700] 对抗损失: 0.134124 | 背景损失: 1.388377 | 总损失: 0.272962 | 相似度: 0.865876 | used: 0h 14m 45s | remain: 0h 39m 55s
✅ 已保存 3 张对抗图像

[补丁训练 Step 2800] 对抗损失: 0.133456 | 背景损失: 1.387904 | 总损失: 0.272246 | 相似度: 0.866544 | used: 0h 15m 18s | remain: 0h 39m 21s
✅ 已保存 3 张对抗图像

[补丁训练 Step 2900] 对抗损失: 0.132602 | 背景损失: 1.387432 | 总损失: 0.271345 | 相似度: 0.867398 | used: 0h 15m 51s | remain: 0h 38m 49s
✅ 已保存 3 张对抗图像

[补丁训练 Step 3000] 对抗损失: 0.131127 | 背景损失: 1.386966 | 总损失: 0.269823 | 相似度: 0.868873 | used: 0h 16m 24s | remain: 0h 38m 16s
✅ 已保存 3 张对抗图像

[补丁训练 Step 3100] 对抗损失: 0.129988 | 背景损失: 1.386486 | 总损失: 0.268637 | 相似度: 0.870012 | used: 0h 16m 56s | remain: 0h 37m 43s
✅ 已保存 3 张对抗图像

[补丁训练 Step 3200] 对抗损失: 0.136222 | 背景损失: 1.386070 | 总损失: 0.274828 | 相似度: 0.863778 | used: 0h 17m 29s | remain: 0h 37m 10s
✅ 已保存 3 张对抗图像

[补丁训练 Step 3300] 对抗损失: 0.127827 | 背景损失: 1.385601 | 总损失: 0.266387 | 相似度: 0.872173 | used: 0h 18m 2s | remain: 0h 36m 37s
✅ 已保存 3 张对抗图像

[补丁训练 Step 3400] 对抗损失: 0.126535 | 背景损失: 1.385147 | 总损失: 0.265049 | 相似度: 0.873465 | used: 0h 18m 35s | remain: 0h 36m 4s
✅ 已保存 3 张对抗图像

[补丁训练 Step 3500] 对抗损失: 0.127196 | 背景损失: 1.384694 | 总损失: 0.265665 | 相似度: 0.872804 | used: 0h 19m 8s | remain: 0h 35m 32s
✅ 已保存 3 张对抗图像

[补丁训练 Step 3600] 对抗损失: 0.126630 | 背景损失: 1.384238 | 总损失: 0.265053 | 相似度: 0.873371 | used: 0h 19m 40s | remain: 0h 34m 59s
✅ 已保存 3 张对抗图像

[补丁训练 Step 3700] 对抗损失: 0.135496 | 背景损失: 1.383892 | 总损失: 0.273885 | 相似度: 0.864504 | used: 0h 20m 13s | remain: 0h 34m 26s
✅ 已保存 3 张对抗图像

[补丁训练 Step 3800] 对抗损失: 0.123989 | 背景损失: 1.383415 | 总损失: 0.262331 | 相似度: 0.876011 | used: 0h 20m 46s | remain: 0h 33m 54s
✅ 已保存 3 张对抗图像

[补丁训练 Step 3900] 对抗损失: 0.123413 | 背景损失: 1.382966 | 总损失: 0.261709 | 相似度: 0.876587 | used: 0h 21m 19s | remain: 0h 33m 21s
✅ 已保存 3 张对抗图像

[补丁训练 Step 4000] 对抗损失: 0.122708 | 背景损失: 1.382550 | 总损失: 0.260963 | 相似度: 0.877293 | used: 0h 21m 52s | remain: 0h 32m 49s
✅ 已保存 3 张对抗图像

[补丁训练 Step 4100] 对抗损失: 0.123723 | 背景损失: 1.382122 | 总损失: 0.261935 | 相似度: 0.876277 | used: 0h 22m 25s | remain: 0h 32m 16s
✅ 已保存 3 张对抗图像

[补丁训练 Step 4200] 对抗损失: 0.123299 | 背景损失: 1.381700 | 总损失: 0.261469 | 相似度: 0.876701 | used: 0h 22m 58s | remain: 0h 31m 43s
✅ 已保存 3 张对抗图像

[补丁训练 Step 4300] 对抗损失: 0.122308 | 背景损失: 1.381293 | 总损失: 0.260437 | 相似度: 0.877692 | used: 0h 23m 31s | remain: 0h 31m 10s
✅ 已保存 3 张对抗图像

[补丁训练 Step 4400] 对抗损失: 0.119938 | 背景损失: 1.380884 | 总损失: 0.258026 | 相似度: 0.880062 | used: 0h 24m 4s | remain: 0h 30m 37s
✅ 已保存 3 张对抗图像

[补丁训练 Step 4500] 对抗损失: 0.119111 | 背景损失: 1.380494 | 总损失: 0.257161 | 相似度: 0.880889 | used: 0h 24m 36s | remain: 0h 30m 4s
✅ 已保存 3 张对抗图像

[补丁训练 Step 4600] 对抗损失: 0.119645 | 背景损失: 1.380100 | 总损失: 0.257655 | 相似度: 0.880355 | used: 0h 25m 9s | remain: 0h 29m 31s
✅ 已保存 3 张对抗图像

[补丁训练 Step 4700] 对抗损失: 0.121682 | 背景损失: 1.379732 | 总损失: 0.259655 | 相似度: 0.878318 | used: 0h 25m 42s | remain: 0h 28m 58s
✅ 已保存 3 张对抗图像

[补丁训练 Step 4800] 对抗损失: 0.118148 | 背景损失: 1.379332 | 总损失: 0.256082 | 相似度: 0.881852 | used: 0h 26m 14s | remain: 0h 28m 25s
✅ 已保存 3 张对抗图像

[补丁训练 Step 4900] 对抗损失: 0.118007 | 背景损失: 1.378972 | 总损失: 0.255904 | 相似度: 0.881993 | used: 0h 26m 47s | remain: 0h 27m 53s
✅ 已保存 3 张对抗图像

[补丁训练 Step 5000] 对抗损失: 0.120144 | 背景损失: 1.378610 | 总损失: 0.258005 | 相似度: 0.879856 | used: 0h 27m 20s | remain: 0h 27m 20s
✅ 已保存 3 张对抗图像

[补丁训练 Step 5100] 对抗损失: 0.118711 | 背景损失: 1.378246 | 总损失: 0.256535 | 相似度: 0.881289 | used: 0h 27m 53s | remain: 0h 26m 47s
✅ 已保存 3 张对抗图像

[补丁训练 Step 5200] 对抗损失: 0.118803 | 背景损失: 1.377871 | 总损失: 0.256590 | 相似度: 0.881197 | used: 0h 28m 25s | remain: 0h 26m 14s
✅ 已保存 3 张对抗图像

[补丁训练 Step 5300] 对抗损失: 0.116407 | 背景损失: 1.377524 | 总损失: 0.254159 | 相似度: 0.883593 | used: 0h 28m 58s | remain: 0h 25m 41s
✅ 已保存 3 张对抗图像

[补丁训练 Step 5400] 对抗损失: 0.115622 | 背景损失: 1.377162 | 总损失: 0.253339 | 相似度: 0.884377 | used: 0h 29m 31s | remain: 0h 25m 9s
✅ 已保存 3 张对抗图像

[补丁训练 Step 5500] 对抗损失: 0.115004 | 背景损失: 1.376807 | 总损失: 0.252684 | 相似度: 0.884996 | used: 0h 30m 4s | remain: 0h 24m 36s
✅ 已保存 3 张对抗图像

[补丁训练 Step 5600] 对抗损失: 0.113828 | 背景损失: 1.376462 | 总损失: 0.251474 | 相似度: 0.886172 | used: 0h 30m 37s | remain: 0h 24m 3s
✅ 已保存 3 张对抗图像

[补丁训练 Step 5700] 对抗损失: 0.118237 | 背景损失: 1.376233 | 总损失: 0.255861 | 相似度: 0.881763 | used: 0h 31m 9s | remain: 0h 23m 30s
✅ 已保存 3 张对抗图像

[补丁训练 Step 5800] 对抗损失: 0.113850 | 背景损失: 1.375834 | 总损失: 0.251434 | 相似度: 0.886150 | used: 0h 31m 42s | remain: 0h 22m 57s
✅ 已保存 3 张对抗图像

[补丁训练 Step 5900] 对抗损失: 0.113532 | 背景损失: 1.375488 | 总损失: 0.251081 | 相似度: 0.886468 | used: 0h 32m 15s | remain: 0h 22m 25s
✅ 已保存 3 张对抗图像

[补丁训练 Step 6000] 对抗损失: 0.117984 | 背景损失: 1.375144 | 总损失: 0.255499 | 相似度: 0.882016 | used: 0h 32m 48s | remain: 0h 21m 52s
✅ 已保存 3 张对抗图像

[补丁训练 Step 6100] 对抗损失: 0.120789 | 背景损失: 1.374814 | 总损失: 0.258271 | 相似度: 0.879211 | used: 0h 33m 21s | remain: 0h 21m 19s
✅ 已保存 3 张对抗图像

[补丁训练 Step 6200] 对抗损失: 0.112673 | 背景损失: 1.374477 | 总损失: 0.250121 | 相似度: 0.887327 | used: 0h 33m 54s | remain: 0h 20m 46s
✅ 已保存 3 张对抗图像

[补丁训练 Step 6300] 对抗损失: 0.112763 | 背景损失: 1.374154 | 总损失: 0.250178 | 相似度: 0.887237 | used: 0h 34m 27s | remain: 0h 20m 14s
✅ 已保存 3 张对抗图像

[补丁训练 Step 6400] 对抗损失: 0.113259 | 背景损失: 1.373811 | 总损失: 0.250640 | 相似度: 0.886741 | used: 0h 35m 0s | remain: 0h 19m 41s
✅ 已保存 3 张对抗图像

[补丁训练 Step 6500] 对抗损失: 0.111425 | 背景损失: 1.373506 | 总损失: 0.248775 | 相似度: 0.888575 | used: 0h 35m 33s | remain: 0h 19m 8s
✅ 已保存 3 张对抗图像

[补丁训练 Step 6600] 对抗损失: 0.110543 | 背景损失: 1.373181 | 总损失: 0.247861 | 相似度: 0.889457 | used: 0h 36m 6s | remain: 0h 18m 35s
✅ 已保存 3 张对抗图像

[补丁训练 Step 6700] 对抗损失: 0.109994 | 背景损失: 1.372843 | 总损失: 0.247279 | 相似度: 0.890006 | used: 0h 36m 39s | remain: 0h 18m 3s
✅ 已保存 3 张对抗图像

[补丁训练 Step 6800] 对抗损失: 0.110385 | 背景损失: 1.372539 | 总损失: 0.247639 | 相似度: 0.889615 | used: 0h 37m 12s | remain: 0h 17m 30s
✅ 已保存 3 张对抗图像

[补丁训练 Step 6900] 对抗损失: 0.110054 | 背景损失: 1.372222 | 总损失: 0.247276 | 相似度: 0.889946 | used: 0h 37m 45s | remain: 0h 16m 57s
✅ 已保存 3 张对抗图像

[补丁训练 Step 7000] 对抗损失: 0.114646 | 背景损失: 1.371912 | 总损失: 0.251837 | 相似度: 0.885354 | used: 0h 38m 18s | remain: 0h 16m 24s
✅ 已保存 3 张对抗图像

[补丁训练 Step 7100] 对抗损失: 0.113673 | 背景损失: 1.371594 | 总损失: 0.250833 | 相似度: 0.886326 | used: 0h 38m 51s | remain: 0h 15m 52s
✅ 已保存 3 张对抗图像

[补丁训练 Step 7200] 对抗损失: 0.108723 | 背景损失: 1.371288 | 总损失: 0.245851 | 相似度: 0.891277 | used: 0h 39m 24s | remain: 0h 15m 19s
✅ 已保存 3 张对抗图像

[补丁训练 Step 7300] 对抗损失: 0.109055 | 背景损失: 1.370986 | 总损失: 0.246154 | 相似度: 0.890945 | used: 0h 39m 57s | remain: 0h 14m 46s
✅ 已保存 3 张对抗图像

[补丁训练 Step 7400] 对抗损失: 0.108436 | 背景损失: 1.370662 | 总损失: 0.245502 | 相似度: 0.891564 | used: 0h 40m 30s | remain: 0h 14m 13s
✅ 已保存 3 张对抗图像

[补丁训练 Step 7500] 对抗损失: 0.108061 | 背景损失: 1.370370 | 总损失: 0.245098 | 相似度: 0.891939 | used: 0h 41m 3s | remain: 0h 13m 41s
✅ 已保存 3 张对抗图像

[补丁训练 Step 7600] 对抗损失: 0.107705 | 背景损失: 1.370099 | 总损失: 0.244715 | 相似度: 0.892295 | used: 0h 41m 36s | remain: 0h 13m 8s
✅ 已保存 3 张对抗图像

[补丁训练 Step 7700] 对抗损失: 0.107542 | 背景损失: 1.369781 | 总损失: 0.244520 | 相似度: 0.892458 | used: 0h 42m 9s | remain: 0h 12m 35s
✅ 已保存 3 张对抗图像

[补丁训练 Step 7800] 对抗损失: 0.129852 | 背景损失: 1.369483 | 总损失: 0.266800 | 相似度: 0.870149 | used: 0h 42m 43s | remain: 0h 12m 2s
✅ 已保存 3 张对抗图像

[补丁训练 Step 7900] 对抗损失: 0.111656 | 背景损失: 1.369194 | 总损失: 0.248576 | 相似度: 0.888344 | used: 0h 43m 16s | remain: 0h 11m 30s
✅ 已保存 3 张对抗图像

[补丁训练 Step 8000] 对抗损失: 0.107336 | 背景损失: 1.368903 | 总损失: 0.244226 | 相似度: 0.892664 | used: 0h 43m 50s | remain: 0h 10m 57s
✅ 已保存 3 张对抗图像

[补丁训练 Step 8100] 对抗损失: 0.123867 | 背景损失: 1.368627 | 总损失: 0.260730 | 相似度: 0.876133 | used: 0h 44m 23s | remain: 0h 10m 24s
✅ 已保存 3 张对抗图像

[补丁训练 Step 8200] 对抗损失: 0.106371 | 背景损失: 1.368331 | 总损失: 0.243204 | 相似度: 0.893629 | used: 0h 44m 56s | remain: 0h 9m 51s
✅ 已保存 3 张对抗图像

[补丁训练 Step 8300] 对抗损失: 0.108158 | 背景损失: 1.368033 | 总损失: 0.244961 | 相似度: 0.891842 | used: 0h 45m 29s | remain: 0h 9m 19s
✅ 已保存 3 张对抗图像

[补丁训练 Step 8400] 对抗损失: 0.105492 | 背景损失: 1.367738 | 总损失: 0.242266 | 相似度: 0.894508 | used: 0h 46m 2s | remain: 0h 8m 46s
✅ 已保存 3 张对抗图像

[补丁训练 Step 8500] 对抗损失: 0.106026 | 背景损失: 1.367446 | 总损失: 0.242771 | 相似度: 0.893974 | used: 0h 46m 35s | remain: 0h 8m 13s
✅ 已保存 3 张对抗图像

[补丁训练 Step 8600] 对抗损失: 0.105277 | 背景损失: 1.367156 | 总损失: 0.241993 | 相似度: 0.894723 | used: 0h 47m 7s | remain: 0h 7m 40s
✅ 已保存 3 张对抗图像

[补丁训练 Step 8700] 对抗损失: 0.110172 | 背景损失: 1.366865 | 总损失: 0.246859 | 相似度: 0.889828 | used: 0h 47m 40s | remain: 0h 7m 7s
✅ 已保存 3 张对抗图像

[补丁训练 Step 8800] 对抗损失: 0.106330 | 背景损失: 1.366572 | 总损失: 0.242987 | 相似度: 0.893670 | used: 0h 48m 13s | remain: 0h 6m 34s
✅ 已保存 3 张对抗图像

[补丁训练 Step 8900] 对抗损失: 0.104733 | 背景损失: 1.366288 | 总损失: 0.241362 | 相似度: 0.895267 | used: 0h 48m 46s | remain: 0h 6m 1s
✅ 已保存 3 张对抗图像

[补丁训练 Step 9000] 对抗损失: 0.103663 | 背景损失: 1.365999 | 总损失: 0.240263 | 相似度: 0.896337 | used: 0h 49m 19s | remain: 0h 5m 28s
✅ 已保存 3 张对抗图像

[补丁训练 Step 9100] 对抗损失: 0.103595 | 背景损失: 1.365708 | 总损失: 0.240166 | 相似度: 0.896405 | used: 0h 49m 51s | remain: 0h 4m 55s
✅ 已保存 3 张对抗图像

[补丁训练 Step 9200] 对抗损失: 0.104398 | 背景损失: 1.365426 | 总损失: 0.240940 | 相似度: 0.895602 | used: 0h 50m 24s | remain: 0h 4m 23s
✅ 已保存 3 张对抗图像

[补丁训练 Step 9300] 对抗损失: 0.106717 | 背景损失: 1.365152 | 总损失: 0.243233 | 相似度: 0.893283 | used: 0h 50m 57s | remain: 0h 3m 50s
✅ 已保存 3 张对抗图像

[补丁训练 Step 9400] 对抗损失: 0.102773 | 背景损失: 1.364856 | 总损失: 0.239259 | 相似度: 0.897227 | used: 0h 51m 30s | remain: 0h 3m 17s
✅ 已保存 3 张对抗图像

[补丁训练 Step 9500] 对抗损失: 0.103757 | 背景损失: 1.364568 | 总损失: 0.240214 | 相似度: 0.896243 | used: 0h 52m 3s | remain: 0h 2m 44s
✅ 已保存 3 张对抗图像

[补丁训练 Step 9600] 对抗损失: 0.102162 | 背景损失: 1.364284 | 总损失: 0.238590 | 相似度: 0.897838 | used: 0h 52m 36s | remain: 0h 2m 11s
✅ 已保存 3 张对抗图像

[补丁训练 Step 9700] 对抗损失: 0.102970 | 背景损失: 1.364021 | 总损失: 0.239372 | 相似度: 0.897030 | used: 0h 53m 9s | remain: 0h 1m 38s
✅ 已保存 3 张对抗图像

[补丁训练 Step 9800] 对抗损失: 0.105359 | 背景损失: 1.363731 | 总损失: 0.241732 | 相似度: 0.894642 | used: 0h 53m 42s | remain: 0h 1m 5s
✅ 已保存 3 张对抗图像

[补丁训练 Step 9900] 对抗损失: 0.102145 | 背景损失: 1.363456 | 总损失: 0.238490 | 相似度: 0.897855 | used: 0h 54m 15s | remain: 0h 0m 32s
✅ 已保存 3 张对抗图像

[补丁训练 Step 10000] 对抗损失: 0.101569 | 背景损失: 1.363177 | 总损失: 0.237886 | 相似度: 0.898431 | used: 0h 54m 48s | remain: 0h 0m 0s
✅ 已保存 3 张对抗图像

🎉 补丁训练完成！最终文件保存路径: ['output/0818_201220/adv1_0818_201220.png', 'output/0818_201220/adv2_0818_201220.png', 'output/0818_201220/adv3_0818_201220.png']
训练前:
📊 目标图像: 'images/dog.png'与图像的余弦相似度: 0.550369
📊 目标图像: 'images/dog.png'与图像的余弦相似度: 0.504500
📊 目标图像: 'images/dog.png'与图像的余弦相似度: 0.464828
训练完成后:
📊 目标图像: 'images/dog.png'与图像的余弦相似度: 0.792997
📊 目标图像: 'images/dog.png'与图像的余弦相似度: 0.709424
📊 目标图像: 'images/dog.png'与图像的余弦相似度: 0.750547
