settings: 
  bg_img=['images/Nothing_black.png', 'images/Nothing_white.png'], 
  init_img=images/initpatch1.png, 
  save_name=['adv1', 'adv2'],
  target_text=Hi Nova!, 
  target_img=None, 
  patch_size=76,
  patch_pos=[[180, 260], [200, 260]], 
  steps=30000, 
  lr=0.0005
输出文件保存路径: output/0827_101246

[补丁训练 Step 1] 对抗损失: 0.836988 | 背景损失: 2.951015 | 总损失: 1.132089 | 相似度: 0.163012 | used: 0h 0m 12s | remain: 107h 4m 9s
✅ 已保存 2 张对抗图像

[补丁训练 Step 100] 对抗损失: 0.737928 | 背景损失: 2.949822 | 总损失: 1.032911 | 相似度: 0.262072 | used: 0h 0m 35s | remain: 2h 58m 17s
✅ 已保存 2 张对抗图像

[补丁训练 Step 200] 对抗损失: 0.634136 | 背景损失: 2.949268 | 总损失: 0.929063 | 相似度: 0.365864 | used: 0h 0m 58s | remain: 2h 26m 12s
✅ 已保存 2 张对抗图像

[补丁训练 Step 300] 对抗损失: 0.597165 | 背景损失: 2.948848 | 总损失: 0.892050 | 相似度: 0.402835 | used: 0h 1m 21s | remain: 2h 14m 23s
✅ 已保存 2 张对抗图像

[补丁训练 Step 400] 对抗损失: 0.575472 | 背景损失: 2.948606 | 总损失: 0.870333 | 相似度: 0.424528 | used: 0h 1m 44s | remain: 2h 8m 30s
✅ 已保存 2 张对抗图像

[补丁训练 Step 500] 对抗损失: 0.561310 | 背景损失: 2.948448 | 总损失: 0.856155 | 相似度: 0.438690 | used: 0h 2m 6s | remain: 2h 4m 47s
✅ 已保存 2 张对抗图像

[补丁训练 Step 600] 对抗损失: 0.551953 | 背景损失: 2.948328 | 总损失: 0.846786 | 相似度: 0.448047 | used: 0h 2m 29s | remain: 2h 2m 9s
✅ 已保存 2 张对抗图像

[补丁训练 Step 700] 对抗损失: 0.543637 | 背景损失: 2.948236 | 总损失: 0.838461 | 相似度: 0.456363 | used: 0h 2m 52s | remain: 2h 0m 18s
✅ 已保存 2 张对抗图像

[补丁训练 Step 800] 对抗损失: 0.539868 | 背景损失: 2.948148 | 总损失: 0.834682 | 相似度: 0.460132 | used: 0h 3m 15s | remain: 1h 58m 51s
✅ 已保存 2 张对抗图像

[补丁训练 Step 900] 对抗损失: 0.533295 | 背景损失: 2.948063 | 总损失: 0.828101 | 相似度: 0.466705 | used: 0h 3m 38s | remain: 1h 57m 29s
✅ 已保存 2 张对抗图像

[补丁训练 Step 1000] 对抗损失: 0.532991 | 背景损失: 2.947974 | 总损失: 0.827788 | 相似度: 0.467009 | used: 0h 4m 0s | remain: 1h 56m 19s
✅ 已保存 2 张对抗图像

[补丁训练 Step 1100] 对抗损失: 0.524392 | 背景损失: 2.947890 | 总损失: 0.819181 | 相似度: 0.475608 | used: 0h 4m 23s | remain: 1h 55m 18s
✅ 已保存 2 张对抗图像

[补丁训练 Step 1200] 对抗损失: 0.519919 | 背景损失: 2.947803 | 总损失: 0.814699 | 相似度: 0.480081 | used: 0h 4m 46s | remain: 1h 54m 26s
✅ 已保存 2 张对抗图像

[补丁训练 Step 1300] 对抗损失: 0.515563 | 背景损失: 2.947714 | 总损失: 0.810335 | 相似度: 0.484437 | used: 0h 5m 8s | remain: 1h 53m 41s
✅ 已保存 2 张对抗图像

[补丁训练 Step 1400] 对抗损失: 0.512476 | 背景损失: 2.947615 | 总损失: 0.807238 | 相似度: 0.487524 | used: 0h 5m 31s | remain: 1h 53m 1s
✅ 已保存 2 张对抗图像

[补丁训练 Step 1500] 对抗损失: 0.509804 | 背景损失: 2.947515 | 总损失: 0.804555 | 相似度: 0.490196 | used: 0h 5m 54s | remain: 1h 52m 23s
✅ 已保存 2 张对抗图像

[补丁训练 Step 1600] 对抗损失: 0.507110 | 背景损失: 2.947421 | 总损失: 0.801852 | 相似度: 0.492890 | used: 0h 6m 17s | remain: 1h 51m 48s
✅ 已保存 2 张对抗图像

[补丁训练 Step 1700] 对抗损失: 0.504266 | 背景损失: 2.947331 | 总损失: 0.798999 | 相似度: 0.495734 | used: 0h 6m 40s | remain: 1h 51m 14s
✅ 已保存 2 张对抗图像

[补丁训练 Step 1800] 对抗损失: 0.502207 | 背景损失: 2.947245 | 总损失: 0.796931 | 相似度: 0.497793 | used: 0h 7m 3s | remain: 1h 50m 41s
✅ 已保存 2 张对抗图像

[补丁训练 Step 1900] 对抗损失: 0.501301 | 背景损失: 2.947159 | 总损失: 0.796017 | 相似度: 0.498699 | used: 0h 7m 26s | remain: 1h 50m 9s
✅ 已保存 2 张对抗图像

[补丁训练 Step 2000] 对抗损失: 0.498965 | 背景损失: 2.947075 | 总损失: 0.793672 | 相似度: 0.501035 | used: 0h 7m 50s | remain: 1h 49m 40s
✅ 已保存 2 张对抗图像

[补丁训练 Step 2100] 对抗损失: 0.496148 | 背景损失: 2.946993 | 总损失: 0.790847 | 相似度: 0.503852 | used: 0h 8m 13s | remain: 1h 49m 10s
✅ 已保存 2 张对抗图像

[补丁训练 Step 2200] 对抗损失: 0.494460 | 背景损失: 2.946911 | 总损失: 0.789151 | 相似度: 0.505540 | used: 0h 8m 35s | remain: 1h 48m 37s
✅ 已保存 2 张对抗图像

[补丁训练 Step 2300] 对抗损失: 0.491871 | 背景损失: 2.946829 | 总损失: 0.786554 | 相似度: 0.508129 | used: 0h 8m 58s | remain: 1h 48m 5s
✅ 已保存 2 张对抗图像

[补丁训练 Step 2400] 对抗损失: 0.490673 | 背景损失: 2.946746 | 总损失: 0.785347 | 相似度: 0.509327 | used: 0h 9m 21s | remain: 1h 47m 34s
✅ 已保存 2 张对抗图像

[补丁训练 Step 2500] 对抗损失: 0.488572 | 背景损失: 2.946663 | 总损失: 0.783239 | 相似度: 0.511428 | used: 0h 9m 44s | remain: 1h 47m 5s
✅ 已保存 2 张对抗图像

[补丁训练 Step 2600] 对抗损失: 0.487210 | 背景损失: 2.946578 | 总损失: 0.781868 | 相似度: 0.512790 | used: 0h 10m 6s | remain: 1h 46m 36s
✅ 已保存 2 张对抗图像

[补丁训练 Step 2700] 对抗损失: 0.485075 | 背景损失: 2.946490 | 总损失: 0.779724 | 相似度: 0.514925 | used: 0h 10m 29s | remain: 1h 46m 8s
✅ 已保存 2 张对抗图像

[补丁训练 Step 2800] 对抗损失: 0.484257 | 背景损失: 2.946403 | 总损失: 0.778898 | 相似度: 0.515743 | used: 0h 10m 52s | remain: 1h 45m 41s
✅ 已保存 2 张对抗图像

[补丁训练 Step 2900] 对抗损失: 0.485041 | 背景损失: 2.946315 | 总损失: 0.779672 | 相似度: 0.514959 | used: 0h 11m 15s | remain: 1h 45m 13s
✅ 已保存 2 张对抗图像

[补丁训练 Step 3000] 对抗损失: 0.480660 | 背景损失: 2.946225 | 总损失: 0.775282 | 相似度: 0.519340 | used: 0h 11m 38s | remain: 1h 44m 47s
✅ 已保存 2 张对抗图像

[补丁训练 Step 3100] 对抗损失: 0.483345 | 背景损失: 2.946142 | 总损失: 0.777959 | 相似度: 0.516655 | used: 0h 12m 1s | remain: 1h 44m 21s
✅ 已保存 2 张对抗图像

[补丁训练 Step 3200] 对抗损失: 0.481910 | 背景损失: 2.946051 | 总损失: 0.776515 | 相似度: 0.518090 | used: 0h 12m 24s | remain: 1h 43m 56s
✅ 已保存 2 张对抗图像

[补丁训练 Step 3300] 对抗损失: 0.478066 | 背景损失: 2.945966 | 总损失: 0.772663 | 相似度: 0.521934 | used: 0h 12m 47s | remain: 1h 43m 30s
✅ 已保存 2 张对抗图像

[补丁训练 Step 3400] 对抗损失: 0.477220 | 背景损失: 2.945883 | 总损失: 0.771809 | 相似度: 0.522780 | used: 0h 13m 10s | remain: 1h 43m 5s
✅ 已保存 2 张对抗图像

[补丁训练 Step 3500] 对抗损失: 0.477558 | 背景损失: 2.945798 | 总损失: 0.772138 | 相似度: 0.522442 | used: 0h 13m 33s | remain: 1h 42m 41s
✅ 已保存 2 张对抗图像

[补丁训练 Step 3600] 对抗损失: 0.473989 | 背景损失: 2.945718 | 总损失: 0.768561 | 相似度: 0.526011 | used: 0h 13m 56s | remain: 1h 42m 17s
✅ 已保存 2 张对抗图像

[补丁训练 Step 3700] 对抗损失: 0.474105 | 背景损失: 2.945633 | 总损失: 0.768668 | 相似度: 0.525895 | used: 0h 14m 20s | remain: 1h 41m 53s
✅ 已保存 2 张对抗图像

[补丁训练 Step 3800] 对抗损失: 0.471659 | 背景损失: 2.945549 | 总损失: 0.766214 | 相似度: 0.528341 | used: 0h 14m 43s | remain: 1h 41m 30s
✅ 已保存 2 张对抗图像

[补丁训练 Step 3900] 对抗损失: 0.471361 | 背景损失: 2.945467 | 总损失: 0.765908 | 相似度: 0.528639 | used: 0h 15m 6s | remain: 1h 41m 7s
✅ 已保存 2 张对抗图像

[补丁训练 Step 4000] 对抗损失: 0.469526 | 背景损失: 2.945386 | 总损失: 0.764065 | 相似度: 0.530474 | used: 0h 15m 29s | remain: 1h 40m 44s
✅ 已保存 2 张对抗图像

[补丁训练 Step 4100] 对抗损失: 0.473132 | 背景损失: 2.945307 | 总损失: 0.767663 | 相似度: 0.526868 | used: 0h 15m 53s | remain: 1h 40m 20s
✅ 已保存 2 张对抗图像

[补丁训练 Step 4200] 对抗损失: 0.470249 | 背景损失: 2.945229 | 总损失: 0.764772 | 相似度: 0.529751 | used: 0h 16m 15s | remain: 1h 39m 55s
✅ 已保存 2 张对抗图像

[补丁训练 Step 4300] 对抗损失: 0.466807 | 背景损失: 2.945150 | 总损失: 0.761322 | 相似度: 0.533193 | used: 0h 16m 38s | remain: 1h 39m 29s
✅ 已保存 2 张对抗图像

[补丁训练 Step 4400] 对抗损失: 0.469204 | 背景损失: 2.945077 | 总损失: 0.763712 | 相似度: 0.530796 | used: 0h 17m 1s | remain: 1h 39m 4s
✅ 已保存 2 张对抗图像

[补丁训练 Step 4500] 对抗损失: 0.465625 | 背景损失: 2.945003 | 总损失: 0.760126 | 相似度: 0.534375 | used: 0h 17m 24s | remain: 1h 38m 39s
✅ 已保存 2 张对抗图像

[补丁训练 Step 4600] 对抗损失: 0.464588 | 背景损失: 2.944931 | 总损失: 0.759082 | 相似度: 0.535412 | used: 0h 17m 47s | remain: 1h 38m 14s
✅ 已保存 2 张对抗图像

[补丁训练 Step 4700] 对抗损失: 0.463779 | 背景损失: 2.944862 | 总损失: 0.758265 | 相似度: 0.536221 | used: 0h 18m 10s | remain: 1h 37m 49s
✅ 已保存 2 张对抗图像

[补丁训练 Step 4800] 对抗损失: 0.462652 | 背景损失: 2.944791 | 总损失: 0.757131 | 相似度: 0.537348 | used: 0h 18m 33s | remain: 1h 37m 24s
✅ 已保存 2 张对抗图像

[补丁训练 Step 4900] 对抗损失: 0.462026 | 背景损失: 2.944726 | 总损失: 0.756499 | 相似度: 0.537974 | used: 0h 18m 56s | remain: 1h 37m 0s
✅ 已保存 2 张对抗图像

[补丁训练 Step 5000] 对抗损失: 0.461431 | 背景损失: 2.944661 | 总损失: 0.755897 | 相似度: 0.538569 | used: 0h 19m 19s | remain: 1h 36m 36s
✅ 已保存 2 张对抗图像

[补丁训练 Step 5100] 对抗损失: 0.462261 | 背景损失: 2.944595 | 总损失: 0.756721 | 相似度: 0.537739 | used: 0h 19m 42s | remain: 1h 36m 11s
✅ 已保存 2 张对抗图像

[补丁训练 Step 5200] 对抗损失: 0.460300 | 背景损失: 2.944531 | 总损失: 0.754753 | 相似度: 0.539700 | used: 0h 20m 5s | remain: 1h 35m 47s
✅ 已保存 2 张对抗图像

[补丁训练 Step 5300] 对抗损失: 0.458792 | 背景损失: 2.944469 | 总损失: 0.753239 | 相似度: 0.541208 | used: 0h 20m 28s | remain: 1h 35m 23s
✅ 已保存 2 张对抗图像

[补丁训练 Step 5400] 对抗损失: 0.460799 | 背景损失: 2.944405 | 总损失: 0.755239 | 相似度: 0.539201 | used: 0h 20m 51s | remain: 1h 34m 59s
✅ 已保存 2 张对抗图像

[补丁训练 Step 5500] 对抗损失: 0.457974 | 背景损失: 2.944341 | 总损失: 0.752408 | 相似度: 0.542026 | used: 0h 21m 14s | remain: 1h 34m 35s
✅ 已保存 2 张对抗图像

[补丁训练 Step 5600] 对抗损失: 0.457499 | 背景损失: 2.944280 | 总损失: 0.751927 | 相似度: 0.542501 | used: 0h 21m 37s | remain: 1h 34m 11s
✅ 已保存 2 张对抗图像

[补丁训练 Step 5700] 对抗损失: 0.455814 | 背景损失: 2.944219 | 总损失: 0.750236 | 相似度: 0.544186 | used: 0h 22m 0s | remain: 1h 33m 47s
✅ 已保存 2 张对抗图像

[补丁训练 Step 5800] 对抗损失: 0.455318 | 背景损失: 2.944158 | 总损失: 0.749734 | 相似度: 0.544682 | used: 0h 22m 23s | remain: 1h 33m 23s
✅ 已保存 2 张对抗图像

[补丁训练 Step 5900] 对抗损失: 0.454441 | 背景损失: 2.944098 | 总损失: 0.748850 | 相似度: 0.545559 | used: 0h 22m 46s | remain: 1h 33m 0s
✅ 已保存 2 张对抗图像

[补丁训练 Step 6000] 对抗损失: 0.460289 | 背景损失: 2.944041 | 总损失: 0.754693 | 相似度: 0.539711 | used: 0h 23m 9s | remain: 1h 32m 37s
✅ 已保存 2 张对抗图像

[补丁训练 Step 6100] 对抗损失: 0.452723 | 背景损失: 2.943985 | 总损失: 0.747122 | 相似度: 0.547277 | used: 0h 23m 32s | remain: 1h 32m 13s
✅ 已保存 2 张对抗图像

[补丁训练 Step 6200] 对抗损失: 0.451834 | 背景损失: 2.943929 | 总损失: 0.746227 | 相似度: 0.548166 | used: 0h 23m 55s | remain: 1h 31m 50s
✅ 已保存 2 张对抗图像

[补丁训练 Step 6300] 对抗损失: 0.451191 | 背景损失: 2.943873 | 总损失: 0.745578 | 相似度: 0.548809 | used: 0h 24m 18s | remain: 1h 31m 27s
✅ 已保存 2 张对抗图像

[补丁训练 Step 6400] 对抗损失: 0.450251 | 背景损失: 2.943821 | 总损失: 0.744633 | 相似度: 0.549749 | used: 0h 24m 41s | remain: 1h 31m 4s
✅ 已保存 2 张对抗图像

[补丁训练 Step 6500] 对抗损失: 0.450142 | 背景损失: 2.943767 | 总损失: 0.744519 | 相似度: 0.549858 | used: 0h 25m 4s | remain: 1h 30m 41s
✅ 已保存 2 张对抗图像

[补丁训练 Step 6600] 对抗损失: 0.448629 | 背景损失: 2.943713 | 总损失: 0.743001 | 相似度: 0.551371 | used: 0h 25m 28s | remain: 1h 30m 17s
✅ 已保存 2 张对抗图像

[补丁训练 Step 6700] 对抗损失: 0.455539 | 背景损失: 2.943663 | 总损失: 0.749905 | 相似度: 0.544461 | used: 0h 25m 51s | remain: 1h 29m 54s
✅ 已保存 2 张对抗图像

[补丁训练 Step 6800] 对抗损失: 0.455474 | 背景损失: 2.943612 | 总损失: 0.749835 | 相似度: 0.544526 | used: 0h 26m 14s | remain: 1h 29m 32s
✅ 已保存 2 张对抗图像

[补丁训练 Step 6900] 对抗损失: 0.446736 | 背景损失: 2.943559 | 总损失: 0.741092 | 相似度: 0.553264 | used: 0h 26m 37s | remain: 1h 29m 9s
✅ 已保存 2 张对抗图像

[补丁训练 Step 7000] 对抗损失: 0.445477 | 背景损失: 2.943507 | 总损失: 0.739828 | 相似度: 0.554523 | used: 0h 27m 1s | remain: 1h 28m 46s
✅ 已保存 2 张对抗图像

[补丁训练 Step 7100] 对抗损失: 0.444737 | 背景损失: 2.943456 | 总损失: 0.739083 | 相似度: 0.555263 | used: 0h 27m 24s | remain: 1h 28m 23s
✅ 已保存 2 张对抗图像

[补丁训练 Step 7200] 对抗损失: 0.444004 | 背景损失: 2.943404 | 总损失: 0.738344 | 相似度: 0.555996 | used: 0h 27m 47s | remain: 1h 28m 0s
✅ 已保存 2 张对抗图像

[补丁训练 Step 7300] 对抗损失: 0.445107 | 背景损失: 2.943354 | 总损失: 0.739442 | 相似度: 0.554893 | used: 0h 28m 10s | remain: 1h 27m 37s
✅ 已保存 2 张对抗图像

[补丁训练 Step 7400] 对抗损失: 0.442038 | 背景损失: 2.943305 | 总损失: 0.736369 | 相似度: 0.557962 | used: 0h 28m 34s | remain: 1h 27m 15s
✅ 已保存 2 张对抗图像

[补丁训练 Step 7500] 对抗损失: 0.442233 | 背景损失: 2.943255 | 总损失: 0.736558 | 相似度: 0.557767 | used: 0h 28m 57s | remain: 1h 26m 52s
✅ 已保存 2 张对抗图像

[补丁训练 Step 7600] 对抗损失: 0.440920 | 背景损失: 2.943206 | 总损失: 0.735241 | 相似度: 0.559080 | used: 0h 29m 20s | remain: 1h 26m 29s
✅ 已保存 2 张对抗图像

[补丁训练 Step 7700] 对抗损失: 0.439740 | 背景损失: 2.943157 | 总损失: 0.734056 | 相似度: 0.560260 | used: 0h 29m 43s | remain: 1h 26m 6s
✅ 已保存 2 张对抗图像

[补丁训练 Step 7800] 对抗损失: 0.440183 | 背景损失: 2.943107 | 总损失: 0.734494 | 相似度: 0.559817 | used: 0h 30m 7s | remain: 1h 25m 43s
✅ 已保存 2 张对抗图像

[补丁训练 Step 7900] 对抗损失: 0.439188 | 背景损失: 2.943059 | 总损失: 0.733494 | 相似度: 0.560812 | used: 0h 30m 30s | remain: 1h 25m 21s
✅ 已保存 2 张对抗图像

[补丁训练 Step 8000] 对抗损失: 0.439658 | 背景损失: 2.943008 | 总损失: 0.733958 | 相似度: 0.560342 | used: 0h 30m 54s | remain: 1h 24m 58s
✅ 已保存 2 张对抗图像

[补丁训练 Step 8100] 对抗损失: 0.438296 | 背景损失: 2.942961 | 总损失: 0.732592 | 相似度: 0.561704 | used: 0h 31m 17s | remain: 1h 24m 35s
✅ 已保存 2 张对抗图像

[补丁训练 Step 8200] 对抗损失: 0.440248 | 背景损失: 2.942910 | 总损失: 0.734539 | 相似度: 0.559752 | used: 0h 31m 40s | remain: 1h 24m 13s
✅ 已保存 2 张对抗图像

[补丁训练 Step 8300] 对抗损失: 0.435896 | 背景损失: 2.942861 | 总损失: 0.730182 | 相似度: 0.564104 | used: 0h 32m 3s | remain: 1h 23m 49s
✅ 已保存 2 张对抗图像

[补丁训练 Step 8400] 对抗损失: 0.436816 | 背景损失: 2.942810 | 总损失: 0.731097 | 相似度: 0.563184 | used: 0h 32m 26s | remain: 1h 23m 26s
✅ 已保存 2 张对抗图像

[补丁训练 Step 8500] 对抗损失: 0.435161 | 背景损失: 2.942761 | 总损失: 0.729437 | 相似度: 0.564839 | used: 0h 32m 49s | remain: 1h 23m 2s
✅ 已保存 2 张对抗图像

[补丁训练 Step 8600] 对抗损失: 0.435302 | 背景损失: 2.942710 | 总损失: 0.729573 | 相似度: 0.564698 | used: 0h 33m 12s | remain: 1h 22m 38s
✅ 已保存 2 张对抗图像

[补丁训练 Step 8700] 对抗损失: 0.433928 | 背景损失: 2.942660 | 总损失: 0.728194 | 相似度: 0.566072 | used: 0h 33m 35s | remain: 1h 22m 15s
✅ 已保存 2 张对抗图像

[补丁训练 Step 8800] 对抗损失: 0.435398 | 背景损失: 2.942610 | 总损失: 0.729659 | 相似度: 0.564602 | used: 0h 33m 58s | remain: 1h 21m 52s
✅ 已保存 2 张对抗图像

[补丁训练 Step 8900] 对抗损失: 0.435574 | 背景损失: 2.942561 | 总损失: 0.729830 | 相似度: 0.564426 | used: 0h 34m 21s | remain: 1h 21m 28s
✅ 已保存 2 张对抗图像

[补丁训练 Step 9000] 对抗损失: 0.431839 | 背景损失: 2.942512 | 总损失: 0.726091 | 相似度: 0.568161 | used: 0h 34m 45s | remain: 1h 21m 5s
✅ 已保存 2 张对抗图像

[补丁训练 Step 9100] 对抗损失: 0.431554 | 背景损失: 2.942462 | 总损失: 0.725800 | 相似度: 0.568446 | used: 0h 35m 8s | remain: 1h 20m 41s
✅ 已保存 2 张对抗图像

[补丁训练 Step 9200] 对抗损失: 0.431351 | 背景损失: 2.942414 | 总损失: 0.725593 | 相似度: 0.568649 | used: 0h 35m 31s | remain: 1h 20m 18s
✅ 已保存 2 张对抗图像

[补丁训练 Step 9300] 对抗损失: 0.431209 | 背景损失: 2.942363 | 总损失: 0.725445 | 相似度: 0.568791 | used: 0h 35m 54s | remain: 1h 19m 54s
✅ 已保存 2 张对抗图像

[补丁训练 Step 9400] 对抗损失: 0.429069 | 背景损失: 2.942317 | 总损失: 0.723301 | 相似度: 0.570931 | used: 0h 36m 17s | remain: 1h 19m 31s
✅ 已保存 2 张对抗图像

[补丁训练 Step 9500] 对抗损失: 0.433237 | 背景损失: 2.942268 | 总损失: 0.727464 | 相似度: 0.566763 | used: 0h 36m 40s | remain: 1h 19m 7s
✅ 已保存 2 张对抗图像

[补丁训练 Step 9600] 对抗损失: 0.429187 | 背景损失: 2.942219 | 总损失: 0.723409 | 相似度: 0.570813 | used: 0h 37m 3s | remain: 1h 18m 44s
✅ 已保存 2 张对抗图像

[补丁训练 Step 9700] 对抗损失: 0.428192 | 背景损失: 2.942172 | 总损失: 0.722410 | 相似度: 0.571808 | used: 0h 37m 26s | remain: 1h 18m 20s
✅ 已保存 2 张对抗图像

[补丁训练 Step 9800] 对抗损失: 0.427588 | 背景损失: 2.942124 | 总损失: 0.721801 | 相似度: 0.572412 | used: 0h 37m 48s | remain: 1h 17m 56s
✅ 已保存 2 张对抗图像

[补丁训练 Step 9900] 对抗损失: 0.425932 | 背景损失: 2.942077 | 总损失: 0.720139 | 相似度: 0.574068 | used: 0h 38m 11s | remain: 1h 17m 33s
✅ 已保存 2 张对抗图像

[补丁训练 Step 10000] 对抗损失: 0.432943 | 背景损失: 2.942029 | 总损失: 0.727146 | 相似度: 0.567057 | used: 0h 38m 34s | remain: 1h 17m 9s
✅ 已保存 2 张对抗图像

[补丁训练 Step 10100] 对抗损失: 0.428933 | 背景损失: 2.941982 | 总损失: 0.723131 | 相似度: 0.571067 | used: 0h 38m 57s | remain: 1h 16m 45s
✅ 已保存 2 张对抗图像

[补丁训练 Step 10200] 对抗损失: 0.427210 | 背景损失: 2.941935 | 总损失: 0.721404 | 相似度: 0.572790 | used: 0h 39m 20s | remain: 1h 16m 22s
✅ 已保存 2 张对抗图像

[补丁训练 Step 10300] 对抗损失: 0.426220 | 背景损失: 2.941889 | 总损失: 0.720409 | 相似度: 0.573780 | used: 0h 39m 43s | remain: 1h 15m 59s
✅ 已保存 2 张对抗图像

[补丁训练 Step 10400] 对抗损失: 0.425796 | 背景损失: 2.941843 | 总损失: 0.719980 | 相似度: 0.574204 | used: 0h 40m 6s | remain: 1h 15m 35s
✅ 已保存 2 张对抗图像

[补丁训练 Step 10500] 对抗损失: 0.425447 | 背景损失: 2.941798 | 总损失: 0.719627 | 相似度: 0.574553 | used: 0h 40m 29s | remain: 1h 15m 12s
✅ 已保存 2 张对抗图像

[补丁训练 Step 10600] 对抗损失: 0.423417 | 背景损失: 2.941753 | 总损失: 0.717592 | 相似度: 0.576583 | used: 0h 40m 52s | remain: 1h 14m 48s
✅ 已保存 2 张对抗图像

[补丁训练 Step 10700] 对抗损失: 0.423403 | 背景损失: 2.941706 | 总损失: 0.717574 | 相似度: 0.576597 | used: 0h 41m 15s | remain: 1h 14m 25s
✅ 已保存 2 张对抗图像

[补丁训练 Step 10800] 对抗损失: 0.422878 | 背景损失: 2.941660 | 总损失: 0.717044 | 相似度: 0.577122 | used: 0h 41m 38s | remain: 1h 14m 2s
✅ 已保存 2 张对抗图像

[补丁训练 Step 10900] 对抗损失: 0.422266 | 背景损失: 2.941615 | 总损失: 0.716428 | 相似度: 0.577734 | used: 0h 42m 1s | remain: 1h 13m 38s
✅ 已保存 2 张对抗图像

[补丁训练 Step 11000] 对抗损失: 0.423674 | 背景损失: 2.941570 | 总损失: 0.717831 | 相似度: 0.576326 | used: 0h 42m 24s | remain: 1h 13m 15s
✅ 已保存 2 张对抗图像

[补丁训练 Step 11100] 对抗损失: 0.421115 | 背景损失: 2.941526 | 总损失: 0.715268 | 相似度: 0.578885 | used: 0h 42m 47s | remain: 1h 12m 52s
✅ 已保存 2 张对抗图像

[补丁训练 Step 11200] 对抗损失: 0.421041 | 背景损失: 2.941481 | 总损失: 0.715189 | 相似度: 0.578959 | used: 0h 43m 10s | remain: 1h 12m 28s
✅ 已保存 2 张对抗图像

[补丁训练 Step 11300] 对抗损失: 0.420736 | 背景损失: 2.941437 | 总损失: 0.714880 | 相似度: 0.579264 | used: 0h 43m 33s | remain: 1h 12m 5s
✅ 已保存 2 张对抗图像

[补丁训练 Step 11400] 对抗损失: 0.422552 | 背景损失: 2.941393 | 总损失: 0.716692 | 相似度: 0.577448 | used: 0h 43m 56s | remain: 1h 11m 41s
✅ 已保存 2 张对抗图像

[补丁训练 Step 11500] 对抗损失: 0.424413 | 背景损失: 2.941350 | 总损失: 0.718548 | 相似度: 0.575587 | used: 0h 44m 19s | remain: 1h 11m 18s
✅ 已保存 2 张对抗图像

[补丁训练 Step 11600] 对抗损失: 0.422273 | 背景损失: 2.941304 | 总损失: 0.716403 | 相似度: 0.577727 | used: 0h 44m 42s | remain: 1h 10m 55s
✅ 已保存 2 张对抗图像

[补丁训练 Step 11700] 对抗损失: 0.419295 | 背景损失: 2.941260 | 总损失: 0.713421 | 相似度: 0.580705 | used: 0h 45m 5s | remain: 1h 10m 32s
✅ 已保存 2 张对抗图像

[补丁训练 Step 11800] 对抗损失: 0.419780 | 背景损失: 2.941216 | 总损失: 0.713901 | 相似度: 0.580220 | used: 0h 45m 28s | remain: 1h 10m 9s
✅ 已保存 2 张对抗图像

[补丁训练 Step 11900] 对抗损失: 0.419377 | 背景损失: 2.941174 | 总损失: 0.713494 | 相似度: 0.580624 | used: 0h 45m 51s | remain: 1h 9m 45s
✅ 已保存 2 张对抗图像

[补丁训练 Step 12000] 对抗损失: 0.417430 | 背景损失: 2.941131 | 总损失: 0.711543 | 相似度: 0.582570 | used: 0h 46m 15s | remain: 1h 9m 22s
✅ 已保存 2 张对抗图像

[补丁训练 Step 12100] 对抗损失: 0.417279 | 背景损失: 2.941087 | 总损失: 0.711388 | 相似度: 0.582721 | used: 0h 46m 38s | remain: 1h 8m 59s
✅ 已保存 2 张对抗图像

[补丁训练 Step 12200] 对抗损失: 0.418666 | 背景损失: 2.941046 | 总损失: 0.712771 | 相似度: 0.581334 | used: 0h 47m 1s | remain: 1h 8m 36s
✅ 已保存 2 张对抗图像

[补丁训练 Step 12300] 对抗损失: 0.416751 | 背景损失: 2.941007 | 总损失: 0.710852 | 相似度: 0.583249 | used: 0h 47m 24s | remain: 1h 8m 13s
✅ 已保存 2 张对抗图像

[补丁训练 Step 12400] 对抗损失: 0.418403 | 背景损失: 2.940963 | 总损失: 0.712499 | 相似度: 0.581597 | used: 0h 47m 47s | remain: 1h 7m 50s
✅ 已保存 2 张对抗图像

[补丁训练 Step 12500] 对抗损失: 0.416250 | 背景损失: 2.940923 | 总损失: 0.710343 | 相似度: 0.583750 | used: 0h 48m 10s | remain: 1h 7m 26s
✅ 已保存 2 张对抗图像

[补丁训练 Step 12600] 对抗损失: 0.414573 | 背景损失: 2.940882 | 总损失: 0.708661 | 相似度: 0.585427 | used: 0h 48m 33s | remain: 1h 7m 3s
✅ 已保存 2 张对抗图像

[补丁训练 Step 12700] 对抗损失: 0.414784 | 背景损失: 2.940840 | 总损失: 0.708868 | 相似度: 0.585216 | used: 0h 48m 56s | remain: 1h 6m 40s
✅ 已保存 2 张对抗图像

[补丁训练 Step 12800] 对抗损失: 0.414519 | 背景损失: 2.940800 | 总损失: 0.708599 | 相似度: 0.585481 | used: 0h 49m 19s | remain: 1h 6m 17s
✅ 已保存 2 张对抗图像

[补丁训练 Step 12900] 对抗损失: 0.413671 | 背景损失: 2.940764 | 总损失: 0.707747 | 相似度: 0.586329 | used: 0h 49m 42s | remain: 1h 5m 54s
✅ 已保存 2 张对抗图像

[补丁训练 Step 13000] 对抗损失: 0.413443 | 背景损失: 2.940722 | 总损失: 0.707516 | 相似度: 0.586557 | used: 0h 50m 6s | remain: 1h 5m 31s
✅ 已保存 2 张对抗图像

[补丁训练 Step 13100] 对抗损失: 0.412600 | 背景损失: 2.940683 | 总损失: 0.706668 | 相似度: 0.587400 | used: 0h 50m 29s | remain: 1h 5m 7s
✅ 已保存 2 张对抗图像

[补丁训练 Step 13200] 对抗损失: 0.413685 | 背景损失: 2.940645 | 总损失: 0.707750 | 相似度: 0.586315 | used: 0h 50m 52s | remain: 1h 4m 44s
✅ 已保存 2 张对抗图像

[补丁训练 Step 13300] 对抗损失: 0.414098 | 背景损失: 2.940605 | 总损失: 0.708158 | 相似度: 0.585902 | used: 0h 51m 15s | remain: 1h 4m 21s
✅ 已保存 2 张对抗图像

[补丁训练 Step 13400] 对抗损失: 0.411525 | 背景损失: 2.940567 | 总损失: 0.705582 | 相似度: 0.588475 | used: 0h 51m 38s | remain: 1h 3m 58s
✅ 已保存 2 张对抗图像

[补丁训练 Step 13500] 对抗损失: 0.412233 | 背景损失: 2.940530 | 总损失: 0.706286 | 相似度: 0.587767 | used: 0h 52m 1s | remain: 1h 3m 35s
✅ 已保存 2 张对抗图像

[补丁训练 Step 13600] 对抗损失: 0.411412 | 背景损失: 2.940492 | 总损失: 0.705461 | 相似度: 0.588588 | used: 0h 52m 25s | remain: 1h 3m 12s
✅ 已保存 2 张对抗图像

[补丁训练 Step 13700] 对抗损失: 0.411357 | 背景损失: 2.940454 | 总损失: 0.705403 | 相似度: 0.588643 | used: 0h 52m 48s | remain: 1h 2m 49s
✅ 已保存 2 张对抗图像

[补丁训练 Step 13800] 对抗损失: 0.415375 | 背景损失: 2.940417 | 总损失: 0.709417 | 相似度: 0.584625 | used: 0h 53m 11s | remain: 1h 2m 26s
✅ 已保存 2 张对抗图像

[补丁训练 Step 13900] 对抗损失: 0.410558 | 背景损失: 2.940379 | 总损失: 0.704596 | 相似度: 0.589442 | used: 0h 53m 34s | remain: 1h 2m 3s
✅ 已保存 2 张对抗图像

[补丁训练 Step 14000] 对抗损失: 0.410180 | 背景损失: 2.940343 | 总损失: 0.704214 | 相似度: 0.589820 | used: 0h 53m 58s | remain: 1h 1m 40s
✅ 已保存 2 张对抗图像

[补丁训练 Step 14100] 对抗损失: 0.409704 | 背景损失: 2.940308 | 总损失: 0.703735 | 相似度: 0.590296 | used: 0h 54m 21s | remain: 1h 1m 17s
✅ 已保存 2 张对抗图像

[补丁训练 Step 14200] 对抗损失: 0.409312 | 背景损失: 2.940269 | 总损失: 0.703339 | 相似度: 0.590688 | used: 0h 54m 44s | remain: 1h 0m 54s
✅ 已保存 2 张对抗图像

[补丁训练 Step 14300] 对抗损失: 0.408424 | 背景损失: 2.940233 | 总损失: 0.702447 | 相似度: 0.591576 | used: 0h 55m 7s | remain: 1h 0m 31s
✅ 已保存 2 张对抗图像

[补丁训练 Step 14400] 对抗损失: 0.410611 | 背景损失: 2.940200 | 总损失: 0.704631 | 相似度: 0.589389 | used: 0h 55m 30s | remain: 1h 0m 8s
✅ 已保存 2 张对抗图像

[补丁训练 Step 14500] 对抗损失: 0.409635 | 背景损失: 2.940165 | 总损失: 0.703651 | 相似度: 0.590366 | used: 0h 55m 54s | remain: 0h 59m 45s
✅ 已保存 2 张对抗图像

[补丁训练 Step 14600] 对抗损失: 0.406977 | 背景损失: 2.940129 | 总损失: 0.700990 | 相似度: 0.593023 | used: 0h 56m 17s | remain: 0h 59m 22s
✅ 已保存 2 张对抗图像

[补丁训练 Step 14700] 对抗损失: 0.414562 | 背景损失: 2.940100 | 总损失: 0.708572 | 相似度: 0.585438 | used: 0h 56m 40s | remain: 0h 58m 59s
✅ 已保存 2 张对抗图像

[补丁训练 Step 14800] 对抗损失: 0.407809 | 背景损失: 2.940062 | 总损失: 0.701816 | 相似度: 0.592191 | used: 0h 57m 4s | remain: 0h 58m 36s
✅ 已保存 2 张对抗图像

[补丁训练 Step 14900] 对抗损失: 0.406576 | 背景损失: 2.940027 | 总损失: 0.700579 | 相似度: 0.593424 | used: 0h 57m 27s | remain: 0h 58m 13s
✅ 已保存 2 张对抗图像

[补丁训练 Step 15000] 对抗损失: 0.406658 | 背景损失: 2.939993 | 总损失: 0.700657 | 相似度: 0.593342 | used: 0h 57m 50s | remain: 0h 57m 50s
✅ 已保存 2 张对抗图像

[补丁训练 Step 15100] 对抗损失: 0.406832 | 背景损失: 2.939960 | 总损失: 0.700828 | 相似度: 0.593168 | used: 0h 58m 13s | remain: 0h 57m 27s
✅ 已保存 2 张对抗图像

[补丁训练 Step 15200] 对抗损失: 0.406500 | 背景损失: 2.939928 | 总损失: 0.700493 | 相似度: 0.593500 | used: 0h 58m 37s | remain: 0h 57m 4s
✅ 已保存 2 张对抗图像

[补丁训练 Step 15300] 对抗损失: 0.406537 | 背景损失: 2.939893 | 总损失: 0.700526 | 相似度: 0.593463 | used: 0h 59m 0s | remain: 0h 56m 41s
✅ 已保存 2 张对抗图像

[补丁训练 Step 15400] 对抗损失: 0.408357 | 背景损失: 2.939862 | 总损失: 0.702343 | 相似度: 0.591643 | used: 0h 59m 23s | remain: 0h 56m 18s
✅ 已保存 2 张对抗图像

[补丁训练 Step 15500] 对抗损失: 0.404325 | 背景损失: 2.939829 | 总损失: 0.698308 | 相似度: 0.595675 | used: 0h 59m 47s | remain: 0h 55m 55s
✅ 已保存 2 张对抗图像

[补丁训练 Step 15600] 对抗损失: 0.404780 | 背景损失: 2.939795 | 总损失: 0.698759 | 相似度: 0.595220 | used: 1h 0m 10s | remain: 0h 55m 32s
✅ 已保存 2 张对抗图像

[补丁训练 Step 15700] 对抗损失: 0.403871 | 背景损失: 2.939763 | 总损失: 0.697847 | 相似度: 0.596129 | used: 1h 0m 33s | remain: 0h 55m 9s
✅ 已保存 2 张对抗图像

[补丁训练 Step 15800] 对抗损失: 0.407310 | 背景损失: 2.939730 | 总损失: 0.701283 | 相似度: 0.592690 | used: 1h 0m 57s | remain: 0h 54m 46s
✅ 已保存 2 张对抗图像

[补丁训练 Step 15900] 对抗损失: 0.403988 | 背景损失: 2.939697 | 总损失: 0.697958 | 相似度: 0.596012 | used: 1h 1m 20s | remain: 0h 54m 23s
✅ 已保存 2 张对抗图像

[补丁训练 Step 16000] 对抗损失: 0.402830 | 背景损失: 2.939665 | 总损失: 0.696796 | 相似度: 0.597170 | used: 1h 1m 43s | remain: 0h 54m 0s
✅ 已保存 2 张对抗图像

[补丁训练 Step 16100] 对抗损失: 0.404973 | 背景损失: 2.939633 | 总损失: 0.698936 | 相似度: 0.595027 | used: 1h 2m 7s | remain: 0h 53m 38s
✅ 已保存 2 张对抗图像

[补丁训练 Step 16200] 对抗损失: 0.406810 | 背景损失: 2.939600 | 总损失: 0.700770 | 相似度: 0.593190 | used: 1h 2m 30s | remain: 0h 53m 15s
✅ 已保存 2 张对抗图像

[补丁训练 Step 16300] 对抗损失: 0.401967 | 背景损失: 2.939569 | 总损失: 0.695923 | 相似度: 0.598033 | used: 1h 2m 54s | remain: 0h 52m 52s
✅ 已保存 2 张对抗图像

[补丁训练 Step 16400] 对抗损失: 0.405379 | 背景损失: 2.939537 | 总损失: 0.699333 | 相似度: 0.594621 | used: 1h 3m 17s | remain: 0h 52m 29s
✅ 已保存 2 张对抗图像

[补丁训练 Step 16500] 对抗损失: 0.402260 | 背景损失: 2.939505 | 总损失: 0.696211 | 相似度: 0.597740 | used: 1h 3m 41s | remain: 0h 52m 6s
✅ 已保存 2 张对抗图像

[补丁训练 Step 16600] 对抗损失: 0.401359 | 背景损失: 2.939473 | 总损失: 0.695306 | 相似度: 0.598641 | used: 1h 4m 5s | remain: 0h 51m 44s
✅ 已保存 2 张对抗图像

[补丁训练 Step 16700] 对抗损失: 0.401376 | 背景损失: 2.939442 | 总损失: 0.695321 | 相似度: 0.598624 | used: 1h 4m 28s | remain: 0h 51m 21s
✅ 已保存 2 张对抗图像

[补丁训练 Step 16800] 对抗损失: 0.401068 | 背景损失: 2.939410 | 总损失: 0.695009 | 相似度: 0.598932 | used: 1h 4m 52s | remain: 0h 50m 58s
✅ 已保存 2 张对抗图像

[补丁训练 Step 16900] 对抗损失: 0.406741 | 背景损失: 2.939379 | 总损失: 0.700678 | 相似度: 0.593259 | used: 1h 5m 16s | remain: 0h 50m 36s
✅ 已保存 2 张对抗图像

[补丁训练 Step 17000] 对抗损失: 0.399329 | 背景损失: 2.939347 | 总损失: 0.693264 | 相似度: 0.600671 | used: 1h 5m 43s | remain: 0h 50m 15s
✅ 已保存 2 张对抗图像

[补丁训练 Step 17100] 对抗损失: 0.398708 | 背景损失: 2.939317 | 总损失: 0.692640 | 相似度: 0.601292 | used: 1h 6m 6s | remain: 0h 49m 52s
✅ 已保存 2 张对抗图像

[补丁训练 Step 17200] 对抗损失: 0.400924 | 背景损失: 2.939285 | 总损失: 0.694853 | 相似度: 0.599076 | used: 1h 6m 30s | remain: 0h 49m 29s
✅ 已保存 2 张对抗图像

[补丁训练 Step 17300] 对抗损失: 0.398303 | 背景损失: 2.939253 | 总损失: 0.692228 | 相似度: 0.601697 | used: 1h 6m 53s | remain: 0h 49m 6s
✅ 已保存 2 张对抗图像

[补丁训练 Step 17400] 对抗损失: 0.398793 | 背景损失: 2.939222 | 总损失: 0.692715 | 相似度: 0.601207 | used: 1h 7m 16s | remain: 0h 48m 43s
✅ 已保存 2 张对抗图像

[补丁训练 Step 17500] 对抗损失: 0.403417 | 背景损失: 2.939188 | 总损失: 0.697336 | 相似度: 0.596583 | used: 1h 7m 40s | remain: 0h 48m 20s
✅ 已保存 2 张对抗图像

[补丁训练 Step 17600] 对抗损失: 0.399853 | 背景损失: 2.939158 | 总损失: 0.693769 | 相似度: 0.600147 | used: 1h 8m 3s | remain: 0h 47m 57s
✅ 已保存 2 张对抗图像

[补丁训练 Step 17700] 对抗损失: 0.397665 | 背景损失: 2.939127 | 总损失: 0.691578 | 相似度: 0.602335 | used: 1h 8m 27s | remain: 0h 47m 34s
✅ 已保存 2 张对抗图像

[补丁训练 Step 17800] 对抗损失: 0.400675 | 背景损失: 2.939096 | 总损失: 0.694585 | 相似度: 0.599325 | used: 1h 8m 50s | remain: 0h 47m 10s
✅ 已保存 2 张对抗图像

[补丁训练 Step 17900] 对抗损失: 0.398657 | 背景损失: 2.939066 | 总损失: 0.692564 | 相似度: 0.601343 | used: 1h 9m 13s | remain: 0h 46m 47s
✅ 已保存 2 张对抗图像

[补丁训练 Step 18000] 对抗损失: 0.397289 | 背景损失: 2.939036 | 总损失: 0.691192 | 相似度: 0.602711 | used: 1h 9m 37s | remain: 0h 46m 24s
✅ 已保存 2 张对抗图像

[补丁训练 Step 18100] 对抗损失: 0.398042 | 背景损失: 2.939005 | 总损失: 0.691943 | 相似度: 0.601958 | used: 1h 10m 0s | remain: 0h 46m 1s
✅ 已保存 2 张对抗图像

[补丁训练 Step 18200] 对抗损失: 0.397931 | 背景损失: 2.938976 | 总损失: 0.691829 | 相似度: 0.602069 | used: 1h 10m 24s | remain: 0h 45m 38s
✅ 已保存 2 张对抗图像

[补丁训练 Step 18300] 对抗损失: 0.397413 | 背景损失: 2.938946 | 总损失: 0.691308 | 相似度: 0.602587 | used: 1h 10m 47s | remain: 0h 45m 15s
✅ 已保存 2 张对抗图像

[补丁训练 Step 18400] 对抗损失: 0.399900 | 背景损失: 2.938916 | 总损失: 0.693792 | 相似度: 0.600100 | used: 1h 11m 11s | remain: 0h 44m 52s
✅ 已保存 2 张对抗图像

[补丁训练 Step 18500] 对抗损失: 0.395713 | 背景损失: 2.938885 | 总损失: 0.689601 | 相似度: 0.604287 | used: 1h 11m 34s | remain: 0h 44m 29s
✅ 已保存 2 张对抗图像

[补丁训练 Step 18600] 对抗损失: 0.394878 | 背景损失: 2.938856 | 总损失: 0.688764 | 相似度: 0.605122 | used: 1h 11m 58s | remain: 0h 44m 6s
✅ 已保存 2 张对抗图像

[补丁训练 Step 18700] 对抗损失: 0.397128 | 背景损失: 2.938827 | 总损失: 0.691011 | 相似度: 0.602872 | used: 1h 12m 21s | remain: 0h 43m 43s
✅ 已保存 2 张对抗图像

[补丁训练 Step 18800] 对抗损失: 0.394503 | 背景损失: 2.938797 | 总损失: 0.688382 | 相似度: 0.605497 | used: 1h 12m 45s | remain: 0h 43m 20s
✅ 已保存 2 张对抗图像

[补丁训练 Step 18900] 对抗损失: 0.394846 | 背景损失: 2.938770 | 总损失: 0.688723 | 相似度: 0.605154 | used: 1h 13m 8s | remain: 0h 42m 57s
✅ 已保存 2 张对抗图像

[补丁训练 Step 19000] 对抗损失: 0.394649 | 背景损失: 2.938739 | 总损失: 0.688523 | 相似度: 0.605351 | used: 1h 13m 32s | remain: 0h 42m 34s
✅ 已保存 2 张对抗图像

[补丁训练 Step 19100] 对抗损失: 0.395156 | 背景损失: 2.938711 | 总损失: 0.689027 | 相似度: 0.604844 | used: 1h 13m 55s | remain: 0h 42m 11s
✅ 已保存 2 张对抗图像

[补丁训练 Step 19200] 对抗损失: 0.393301 | 背景损失: 2.938683 | 总损失: 0.687169 | 相似度: 0.606699 | used: 1h 14m 19s | remain: 0h 41m 48s
✅ 已保存 2 张对抗图像

[补丁训练 Step 19300] 对抗损失: 0.393149 | 背景损失: 2.938652 | 总损失: 0.687015 | 相似度: 0.606851 | used: 1h 14m 43s | remain: 0h 41m 25s
✅ 已保存 2 张对抗图像

[补丁训练 Step 19400] 对抗损失: 0.392040 | 背景损失: 2.938623 | 总损失: 0.685902 | 相似度: 0.607960 | used: 1h 15m 6s | remain: 0h 41m 2s
✅ 已保存 2 张对抗图像

[补丁训练 Step 19500] 对抗损失: 0.395373 | 背景损失: 2.938593 | 总损失: 0.689232 | 相似度: 0.604627 | used: 1h 15m 30s | remain: 0h 40m 39s
✅ 已保存 2 张对抗图像

[补丁训练 Step 19600] 对抗损失: 0.392063 | 背景损失: 2.938564 | 总损失: 0.685920 | 相似度: 0.607937 | used: 1h 15m 53s | remain: 0h 40m 16s
✅ 已保存 2 张对抗图像

[补丁训练 Step 19700] 对抗损失: 0.392230 | 背景损失: 2.938535 | 总损失: 0.686083 | 相似度: 0.607770 | used: 1h 16m 17s | remain: 0h 39m 53s
✅ 已保存 2 张对抗图像

[补丁训练 Step 19800] 对抗损失: 0.391556 | 背景损失: 2.938507 | 总损失: 0.685407 | 相似度: 0.608444 | used: 1h 16m 41s | remain: 0h 39m 30s
✅ 已保存 2 张对抗图像

[补丁训练 Step 19900] 对抗损失: 0.392675 | 背景损失: 2.938478 | 总损失: 0.686523 | 相似度: 0.607325 | used: 1h 17m 4s | remain: 0h 39m 7s
✅ 已保存 2 张对抗图像

[补丁训练 Step 20000] 对抗损失: 0.391900 | 背景损失: 2.938448 | 总损失: 0.685745 | 相似度: 0.608100 | used: 1h 17m 28s | remain: 0h 38m 44s
✅ 已保存 2 张对抗图像

[补丁训练 Step 20100] 对抗损失: 0.390112 | 背景损失: 2.938419 | 总损失: 0.683954 | 相似度: 0.609888 | used: 1h 17m 51s | remain: 0h 38m 21s
✅ 已保存 2 张对抗图像

[补丁训练 Step 20200] 对抗损失: 0.390771 | 背景损失: 2.938392 | 总损失: 0.684610 | 相似度: 0.609229 | used: 1h 18m 15s | remain: 0h 37m 58s
✅ 已保存 2 张对抗图像

[补丁训练 Step 20300] 对抗损失: 0.391049 | 背景损失: 2.938363 | 总损失: 0.684885 | 相似度: 0.608951 | used: 1h 18m 39s | remain: 0h 37m 35s
✅ 已保存 2 张对抗图像

[补丁训练 Step 20400] 对抗损失: 0.390016 | 背景损失: 2.938335 | 总损失: 0.683849 | 相似度: 0.609984 | used: 1h 19m 3s | remain: 0h 37m 12s
✅ 已保存 2 张对抗图像

[补丁训练 Step 20500] 对抗损失: 0.396794 | 背景损失: 2.938306 | 总损失: 0.690624 | 相似度: 0.603207 | used: 1h 19m 26s | remain: 0h 36m 48s
✅ 已保存 2 张对抗图像

[补丁训练 Step 20600] 对抗损失: 0.390310 | 背景损失: 2.938279 | 总损失: 0.684138 | 相似度: 0.609690 | used: 1h 19m 49s | remain: 0h 36m 25s
✅ 已保存 2 张对抗图像

[补丁训练 Step 20700] 对抗损失: 0.390051 | 背景损失: 2.938252 | 总损失: 0.683877 | 相似度: 0.609949 | used: 1h 20m 13s | remain: 0h 36m 2s
✅ 已保存 2 张对抗图像

[补丁训练 Step 20800] 对抗损失: 0.390001 | 背景损失: 2.938223 | 总损失: 0.683824 | 相似度: 0.609999 | used: 1h 20m 36s | remain: 0h 35m 39s
✅ 已保存 2 张对抗图像

[补丁训练 Step 20900] 对抗损失: 0.391424 | 背景损失: 2.938194 | 总损失: 0.685243 | 相似度: 0.608576 | used: 1h 20m 59s | remain: 0h 35m 15s
✅ 已保存 2 张对抗图像

[补丁训练 Step 21000] 对抗损失: 0.389597 | 背景损失: 2.938168 | 总损失: 0.683413 | 相似度: 0.610403 | used: 1h 21m 22s | remain: 0h 34m 52s
✅ 已保存 2 张对抗图像

[补丁训练 Step 21100] 对抗损失: 0.391349 | 背景损失: 2.938144 | 总损失: 0.685164 | 相似度: 0.608651 | used: 1h 21m 46s | remain: 0h 34m 29s
✅ 已保存 2 张对抗图像

[补丁训练 Step 21200] 对抗损失: 0.388033 | 背景损失: 2.938113 | 总损失: 0.681845 | 相似度: 0.611967 | used: 1h 22m 9s | remain: 0h 34m 6s
✅ 已保存 2 张对抗图像

[补丁训练 Step 21300] 对抗损失: 0.387272 | 背景损失: 2.938087 | 总损失: 0.681081 | 相似度: 0.612728 | used: 1h 22m 32s | remain: 0h 33m 43s
✅ 已保存 2 张对抗图像

[补丁训练 Step 21400] 对抗损失: 0.388534 | 背景损失: 2.938057 | 总损失: 0.682340 | 相似度: 0.611466 | used: 1h 22m 56s | remain: 0h 33m 19s
✅ 已保存 2 张对抗图像

[补丁训练 Step 21500] 对抗损失: 0.388320 | 背景损失: 2.938033 | 总损失: 0.682124 | 相似度: 0.611680 | used: 1h 23m 19s | remain: 0h 32m 56s
✅ 已保存 2 张对抗图像

[补丁训练 Step 21600] 对抗损失: 0.387541 | 背景损失: 2.938003 | 总损失: 0.681341 | 相似度: 0.612459 | used: 1h 23m 42s | remain: 0h 32m 33s
✅ 已保存 2 张对抗图像

[补丁训练 Step 21700] 对抗损失: 0.388268 | 背景损失: 2.937977 | 总损失: 0.682066 | 相似度: 0.611732 | used: 1h 24m 6s | remain: 0h 32m 10s
✅ 已保存 2 张对抗图像

[补丁训练 Step 21800] 对抗损失: 0.387870 | 背景损失: 2.937949 | 总损失: 0.681665 | 相似度: 0.612130 | used: 1h 24m 29s | remain: 0h 31m 46s
✅ 已保存 2 张对抗图像

[补丁训练 Step 21900] 对抗损失: 0.386200 | 背景损失: 2.937922 | 总损失: 0.679993 | 相似度: 0.613800 | used: 1h 24m 52s | remain: 0h 31m 23s
✅ 已保存 2 张对抗图像

[补丁训练 Step 22000] 对抗损失: 0.386860 | 背景损失: 2.937894 | 总损失: 0.680650 | 相似度: 0.613140 | used: 1h 25m 15s | remain: 0h 31m 0s
✅ 已保存 2 张对抗图像

[补丁训练 Step 22100] 对抗损失: 0.387219 | 背景损失: 2.937867 | 总损失: 0.681005 | 相似度: 0.612782 | used: 1h 25m 39s | remain: 0h 30m 37s
✅ 已保存 2 张对抗图像

[补丁训练 Step 22200] 对抗损失: 0.384996 | 背景损失: 2.937839 | 总损失: 0.678780 | 相似度: 0.615004 | used: 1h 26m 2s | remain: 0h 30m 13s
✅ 已保存 2 张对抗图像

[补丁训练 Step 22300] 对抗损失: 0.386218 | 背景损失: 2.937810 | 总损失: 0.679999 | 相似度: 0.613782 | used: 1h 26m 25s | remain: 0h 29m 50s
✅ 已保存 2 张对抗图像

[补丁训练 Step 22400] 对抗损失: 0.392436 | 背景损失: 2.937782 | 总损失: 0.686214 | 相似度: 0.607564 | used: 1h 26m 48s | remain: 0h 29m 27s
✅ 已保存 2 张对抗图像

[补丁训练 Step 22500] 对抗损失: 0.385887 | 背景损失: 2.937754 | 总损失: 0.679662 | 相似度: 0.614113 | used: 1h 27m 12s | remain: 0h 29m 4s
✅ 已保存 2 张对抗图像

[补丁训练 Step 22600] 对抗损失: 0.385666 | 背景损失: 2.937727 | 总损失: 0.679439 | 相似度: 0.614334 | used: 1h 27m 35s | remain: 0h 28m 40s
✅ 已保存 2 张对抗图像

[补丁训练 Step 22700] 对抗损失: 0.384364 | 背景损失: 2.937702 | 总损失: 0.678135 | 相似度: 0.615636 | used: 1h 27m 58s | remain: 0h 28m 17s
✅ 已保存 2 张对抗图像

[补丁训练 Step 22800] 对抗损失: 0.390346 | 背景损失: 2.937674 | 总损失: 0.684113 | 相似度: 0.609654 | used: 1h 28m 22s | remain: 0h 27m 54s
✅ 已保存 2 张对抗图像

[补丁训练 Step 22900] 对抗损失: 0.388506 | 背景损失: 2.937648 | 总损失: 0.682271 | 相似度: 0.611494 | used: 1h 28m 45s | remain: 0h 27m 31s
✅ 已保存 2 张对抗图像

[补丁训练 Step 23000] 对抗损失: 0.384277 | 背景损失: 2.937622 | 总损失: 0.678039 | 相似度: 0.615723 | used: 1h 29m 8s | remain: 0h 27m 7s
✅ 已保存 2 张对抗图像

[补丁训练 Step 23100] 对抗损失: 0.383871 | 背景损失: 2.937598 | 总损失: 0.677631 | 相似度: 0.616129 | used: 1h 29m 32s | remain: 0h 26m 44s
✅ 已保存 2 张对抗图像

[补丁训练 Step 23200] 对抗损失: 0.391064 | 背景损失: 2.937571 | 总损失: 0.684821 | 相似度: 0.608936 | used: 1h 29m 55s | remain: 0h 26m 21s
✅ 已保存 2 张对抗图像

[补丁训练 Step 23300] 对抗损失: 0.384911 | 背景损失: 2.937545 | 总损失: 0.678666 | 相似度: 0.615089 | used: 1h 30m 19s | remain: 0h 25m 58s
✅ 已保存 2 张对抗图像

[补丁训练 Step 23400] 对抗损失: 0.383482 | 背景损失: 2.937519 | 总损失: 0.677234 | 相似度: 0.616518 | used: 1h 30m 42s | remain: 0h 25m 35s
✅ 已保存 2 张对抗图像

[补丁训练 Step 23500] 对抗损失: 0.382024 | 背景损失: 2.937490 | 总损失: 0.675773 | 相似度: 0.617976 | used: 1h 31m 5s | remain: 0h 25m 11s
✅ 已保存 2 张对抗图像

[补丁训练 Step 23600] 对抗损失: 0.382847 | 背景损失: 2.937465 | 总损失: 0.676594 | 相似度: 0.617153 | used: 1h 31m 29s | remain: 0h 24m 48s
✅ 已保存 2 张对抗图像

[补丁训练 Step 23700] 对抗损失: 0.382244 | 背景损失: 2.937439 | 总损失: 0.675987 | 相似度: 0.617756 | used: 1h 31m 52s | remain: 0h 24m 25s
✅ 已保存 2 张对抗图像

[补丁训练 Step 23800] 对抗损失: 0.382905 | 背景损失: 2.937414 | 总损失: 0.676647 | 相似度: 0.617095 | used: 1h 32m 16s | remain: 0h 24m 2s
✅ 已保存 2 张对抗图像

[补丁训练 Step 23900] 对抗损失: 0.380948 | 背景损失: 2.937389 | 总损失: 0.674687 | 相似度: 0.619052 | used: 1h 32m 39s | remain: 0h 23m 39s
✅ 已保存 2 张对抗图像

[补丁训练 Step 24000] 对抗损失: 0.382017 | 背景损失: 2.937363 | 总损失: 0.675754 | 相似度: 0.617983 | used: 1h 33m 3s | remain: 0h 23m 15s
✅ 已保存 2 张对抗图像

[补丁训练 Step 24100] 对抗损失: 0.383608 | 背景损失: 2.937337 | 总损失: 0.677341 | 相似度: 0.616392 | used: 1h 33m 26s | remain: 0h 22m 52s
✅ 已保存 2 张对抗图像

[补丁训练 Step 24200] 对抗损失: 0.380769 | 背景损失: 2.937312 | 总损失: 0.674501 | 相似度: 0.619231 | used: 1h 33m 50s | remain: 0h 22m 29s
✅ 已保存 2 张对抗图像

[补丁训练 Step 24300] 对抗损失: 0.383007 | 背景损失: 2.937288 | 总损失: 0.676736 | 相似度: 0.616993 | used: 1h 34m 13s | remain: 0h 22m 6s
✅ 已保存 2 张对抗图像

[补丁训练 Step 24400] 对抗损失: 0.380645 | 背景损失: 2.937264 | 总损失: 0.674372 | 相似度: 0.619355 | used: 1h 34m 36s | remain: 0h 21m 42s
✅ 已保存 2 张对抗图像

[补丁训练 Step 24500] 对抗损失: 0.384534 | 背景损失: 2.937239 | 总损失: 0.678258 | 相似度: 0.615466 | used: 1h 35m 0s | remain: 0h 21m 19s
✅ 已保存 2 张对抗图像

[补丁训练 Step 24600] 对抗损失: 0.385210 | 背景损失: 2.937214 | 总损失: 0.678931 | 相似度: 0.614790 | used: 1h 35m 23s | remain: 0h 20m 56s
✅ 已保存 2 张对抗图像

[补丁训练 Step 24700] 对抗损失: 0.380881 | 背景损失: 2.937190 | 总损失: 0.674600 | 相似度: 0.619119 | used: 1h 35m 47s | remain: 0h 20m 33s
✅ 已保存 2 张对抗图像

[补丁训练 Step 24800] 对抗损失: 0.379598 | 背景损失: 2.937165 | 总损失: 0.673314 | 相似度: 0.620402 | used: 1h 36m 10s | remain: 0h 20m 9s
✅ 已保存 2 张对抗图像

[补丁训练 Step 24900] 对抗损失: 0.395623 | 背景损失: 2.937143 | 总损失: 0.689337 | 相似度: 0.604377 | used: 1h 36m 34s | remain: 0h 19m 46s
✅ 已保存 2 张对抗图像

[补丁训练 Step 25000] 对抗损失: 0.379051 | 背景损失: 2.937121 | 总损失: 0.672763 | 相似度: 0.620949 | used: 1h 36m 57s | remain: 0h 19m 23s
✅ 已保存 2 张对抗图像

[补丁训练 Step 25100] 对抗损失: 0.381113 | 背景损失: 2.937098 | 总损失: 0.674823 | 相似度: 0.618887 | used: 1h 37m 20s | remain: 0h 19m 0s
✅ 已保存 2 张对抗图像

[补丁训练 Step 25200] 对抗损失: 0.378028 | 背景损失: 2.937075 | 总损失: 0.671736 | 相似度: 0.621972 | used: 1h 37m 44s | remain: 0h 18m 37s
✅ 已保存 2 张对抗图像

[补丁训练 Step 25300] 对抗损失: 0.382769 | 背景损失: 2.937050 | 总损失: 0.676474 | 相似度: 0.617231 | used: 1h 38m 7s | remain: 0h 18m 13s
✅ 已保存 2 张对抗图像

[补丁训练 Step 25400] 对抗损失: 0.377836 | 背景损失: 2.937027 | 总损失: 0.671539 | 相似度: 0.622164 | used: 1h 38m 31s | remain: 0h 17m 50s
✅ 已保存 2 张对抗图像

[补丁训练 Step 25500] 对抗损失: 0.380807 | 背景损失: 2.937005 | 总损失: 0.674508 | 相似度: 0.619193 | used: 1h 38m 54s | remain: 0h 17m 27s
✅ 已保存 2 张对抗图像

[补丁训练 Step 25600] 对抗损失: 0.379041 | 背景损失: 2.936985 | 总损失: 0.672740 | 相似度: 0.620959 | used: 1h 39m 18s | remain: 0h 17m 4s
✅ 已保存 2 张对抗图像

[补丁训练 Step 25700] 对抗损失: 0.377852 | 背景损失: 2.936961 | 总损失: 0.671548 | 相似度: 0.622148 | used: 1h 39m 41s | remain: 0h 16m 40s
✅ 已保存 2 张对抗图像

[补丁训练 Step 25800] 对抗损失: 0.382847 | 背景损失: 2.936939 | 总损失: 0.676541 | 相似度: 0.617153 | used: 1h 40m 5s | remain: 0h 16m 17s
✅ 已保存 2 张对抗图像

[补丁训练 Step 25900] 对抗损失: 0.375977 | 背景损失: 2.936916 | 总损失: 0.669668 | 相似度: 0.624023 | used: 1h 40m 28s | remain: 0h 15m 54s
✅ 已保存 2 张对抗图像

[补丁训练 Step 26000] 对抗损失: 0.380064 | 背景损失: 2.936896 | 总损失: 0.673754 | 相似度: 0.619936 | used: 1h 40m 52s | remain: 0h 15m 31s
✅ 已保存 2 张对抗图像

[补丁训练 Step 26100] 对抗损失: 0.376441 | 背景损失: 2.936874 | 总损失: 0.670129 | 相似度: 0.623559 | used: 1h 41m 15s | remain: 0h 15m 7s
✅ 已保存 2 张对抗图像

[补丁训练 Step 26200] 对抗损失: 0.379954 | 背景损失: 2.936853 | 总损失: 0.673639 | 相似度: 0.620046 | used: 1h 41m 38s | remain: 0h 14m 44s
✅ 已保存 2 张对抗图像

[补丁训练 Step 26300] 对抗损失: 0.376637 | 背景损失: 2.936833 | 总损失: 0.670320 | 相似度: 0.623363 | used: 1h 42m 2s | remain: 0h 14m 21s
✅ 已保存 2 张对抗图像

[补丁训练 Step 26400] 对抗损失: 0.374699 | 背景损失: 2.936811 | 总损失: 0.668380 | 相似度: 0.625301 | used: 1h 42m 25s | remain: 0h 13m 58s
✅ 已保存 2 张对抗图像

[补丁训练 Step 26500] 对抗损失: 0.376042 | 背景损失: 2.936791 | 总损失: 0.669721 | 相似度: 0.623958 | used: 1h 42m 49s | remain: 0h 13m 34s
✅ 已保存 2 张对抗图像

[补丁训练 Step 26600] 对抗损失: 0.377654 | 背景损失: 2.936769 | 总损失: 0.671331 | 相似度: 0.622346 | used: 1h 43m 12s | remain: 0h 13m 11s
✅ 已保存 2 张对抗图像

[补丁训练 Step 26700] 对抗损失: 0.382191 | 背景损失: 2.936749 | 总损失: 0.675866 | 相似度: 0.617809 | used: 1h 43m 36s | remain: 0h 12m 48s
✅ 已保存 2 张对抗图像

[补丁训练 Step 26800] 对抗损失: 0.376502 | 背景损失: 2.936731 | 总损失: 0.670175 | 相似度: 0.623498 | used: 1h 43m 59s | remain: 0h 12m 25s
✅ 已保存 2 张对抗图像

[补丁训练 Step 26900] 对抗损失: 0.374961 | 背景损失: 2.936709 | 总损失: 0.668632 | 相似度: 0.625039 | used: 1h 44m 23s | remain: 0h 12m 1s
✅ 已保存 2 张对抗图像

[补丁训练 Step 27000] 对抗损失: 0.376146 | 背景损失: 2.936690 | 总损失: 0.669815 | 相似度: 0.623854 | used: 1h 44m 46s | remain: 0h 11m 38s
✅ 已保存 2 张对抗图像

[补丁训练 Step 27100] 对抗损失: 0.387201 | 背景损失: 2.936671 | 总损失: 0.680869 | 相似度: 0.612799 | used: 1h 45m 10s | remain: 0h 11m 15s
✅ 已保存 2 张对抗图像

[补丁训练 Step 27200] 对抗损失: 0.375590 | 背景损失: 2.936650 | 总损失: 0.669255 | 相似度: 0.624410 | used: 1h 45m 33s | remain: 0h 10m 52s
✅ 已保存 2 张对抗图像

[补丁训练 Step 27300] 对抗损失: 0.374310 | 背景损失: 2.936628 | 总损失: 0.667973 | 相似度: 0.625690 | used: 1h 45m 57s | remain: 0h 10m 28s
✅ 已保存 2 张对抗图像

[补丁训练 Step 27400] 对抗损失: 0.378824 | 背景损失: 2.936610 | 总损失: 0.672485 | 相似度: 0.621176 | used: 1h 46m 20s | remain: 0h 10m 5s
✅ 已保存 2 张对抗图像

[补丁训练 Step 27500] 对抗损失: 0.374708 | 背景损失: 2.936591 | 总损失: 0.668367 | 相似度: 0.625292 | used: 1h 46m 44s | remain: 0h 9m 42s
✅ 已保存 2 张对抗图像

[补丁训练 Step 27600] 对抗损失: 0.375257 | 背景损失: 2.936571 | 总损失: 0.668914 | 相似度: 0.624743 | used: 1h 47m 7s | remain: 0h 9m 18s
✅ 已保存 2 张对抗图像

[补丁训练 Step 27700] 对抗损失: 0.375704 | 背景损失: 2.936551 | 总损失: 0.669359 | 相似度: 0.624296 | used: 1h 47m 31s | remain: 0h 8m 55s
✅ 已保存 2 张对抗图像

[补丁训练 Step 27800] 对抗损失: 0.375719 | 背景损失: 2.936532 | 总损失: 0.669372 | 相似度: 0.624281 | used: 1h 47m 54s | remain: 0h 8m 32s
✅ 已保存 2 张对抗图像

[补丁训练 Step 27900] 对抗损失: 0.378297 | 背景损失: 2.936515 | 总损失: 0.671949 | 相似度: 0.621703 | used: 1h 48m 18s | remain: 0h 8m 9s
✅ 已保存 2 张对抗图像

[补丁训练 Step 28000] 对抗损失: 0.372480 | 背景损失: 2.936495 | 总损失: 0.666129 | 相似度: 0.627520 | used: 1h 48m 41s | remain: 0h 7m 45s
✅ 已保存 2 张对抗图像

[补丁训练 Step 28100] 对抗损失: 0.373730 | 背景损失: 2.936476 | 总损失: 0.667378 | 相似度: 0.626270 | used: 1h 49m 5s | remain: 0h 7m 22s
✅ 已保存 2 张对抗图像

[补丁训练 Step 28200] 对抗损失: 0.371401 | 背景损失: 2.936458 | 总损失: 0.665047 | 相似度: 0.628599 | used: 1h 49m 28s | remain: 0h 6m 59s
✅ 已保存 2 张对抗图像

[补丁训练 Step 28300] 对抗损失: 0.375449 | 背景损失: 2.936438 | 总损失: 0.669093 | 相似度: 0.624551 | used: 1h 49m 51s | remain: 0h 6m 35s
✅ 已保存 2 张对抗图像

[补丁训练 Step 28400] 对抗损失: 0.372013 | 背景损失: 2.936419 | 总损失: 0.665655 | 相似度: 0.627987 | used: 1h 50m 15s | remain: 0h 6m 12s
✅ 已保存 2 张对抗图像

[补丁训练 Step 28500] 对抗损失: 0.370823 | 背景损失: 2.936401 | 总损失: 0.664463 | 相似度: 0.629177 | used: 1h 50m 39s | remain: 0h 5m 49s
✅ 已保存 2 张对抗图像

[补丁训练 Step 28600] 对抗损失: 0.375371 | 背景损失: 2.936384 | 总损失: 0.669009 | 相似度: 0.624629 | used: 1h 51m 2s | remain: 0h 5m 26s
✅ 已保存 2 张对抗图像

[补丁训练 Step 28700] 对抗损失: 0.373333 | 背景损失: 2.936365 | 总损失: 0.666969 | 相似度: 0.626667 | used: 1h 51m 26s | remain: 0h 5m 2s
✅ 已保存 2 张对抗图像

[补丁训练 Step 28800] 对抗损失: 0.370572 | 背景损失: 2.936347 | 总损失: 0.664207 | 相似度: 0.629428 | used: 1h 51m 50s | remain: 0h 4m 39s
✅ 已保存 2 张对抗图像

[补丁训练 Step 28900] 对抗损失: 0.370774 | 背景损失: 2.936330 | 总损失: 0.664407 | 相似度: 0.629226 | used: 1h 52m 13s | remain: 0h 4m 16s
✅ 已保存 2 张对抗图像

[补丁训练 Step 29000] 对抗损失: 0.371484 | 背景损失: 2.936312 | 总损失: 0.665116 | 相似度: 0.628516 | used: 1h 52m 37s | remain: 0h 3m 53s
✅ 已保存 2 张对抗图像

[补丁训练 Step 29100] 对抗损失: 0.375115 | 背景损失: 2.936295 | 总损失: 0.668745 | 相似度: 0.624885 | used: 1h 53m 1s | remain: 0h 3m 29s
✅ 已保存 2 张对抗图像

[补丁训练 Step 29200] 对抗损失: 0.371054 | 背景损失: 2.936277 | 总损失: 0.664682 | 相似度: 0.628946 | used: 1h 53m 24s | remain: 0h 3m 6s
✅ 已保存 2 张对抗图像

[补丁训练 Step 29300] 对抗损失: 0.378799 | 背景损失: 2.936261 | 总损失: 0.672426 | 相似度: 0.621201 | used: 1h 53m 48s | remain: 0h 2m 43s
✅ 已保存 2 张对抗图像

[补丁训练 Step 29400] 对抗损失: 0.369496 | 背景损失: 2.936243 | 总损失: 0.663120 | 相似度: 0.630504 | used: 1h 54m 12s | remain: 0h 2m 19s
✅ 已保存 2 张对抗图像

[补丁训练 Step 29500] 对抗损失: 0.372767 | 背景损失: 2.936227 | 总损失: 0.666390 | 相似度: 0.627233 | used: 1h 54m 35s | remain: 0h 1m 56s
✅ 已保存 2 张对抗图像

[补丁训练 Step 29600] 对抗损失: 0.374960 | 背景损失: 2.936208 | 总损失: 0.668581 | 相似度: 0.625040 | used: 1h 54m 59s | remain: 0h 1m 33s
✅ 已保存 2 张对抗图像

[补丁训练 Step 29700] 对抗损失: 0.374986 | 背景损失: 2.936193 | 总损失: 0.668605 | 相似度: 0.625014 | used: 1h 55m 23s | remain: 0h 1m 9s
✅ 已保存 2 张对抗图像

[补丁训练 Step 29800] 对抗损失: 0.368338 | 背景损失: 2.936174 | 总损失: 0.661955 | 相似度: 0.631662 | used: 1h 55m 46s | remain: 0h 0m 46s
✅ 已保存 2 张对抗图像

[补丁训练 Step 29900] 对抗损失: 0.368093 | 背景损失: 2.936158 | 总损失: 0.661708 | 相似度: 0.631907 | used: 1h 56m 10s | remain: 0h 0m 23s
✅ 已保存 2 张对抗图像

[补丁训练 Step 30000] 对抗损失: 0.370110 | 背景损失: 2.936142 | 总损失: 0.663725 | 相似度: 0.629890 | used: 1h 56m 33s | remain: 0h 0m 0s
✅ 已保存 2 张对抗图像

🎉 补丁训练完成！最终文件保存路径: ['output/0827_101246/adv1_0827_101246.png', 'output/0827_101246/adv2_0827_101246.png']
训练前:
📊 目标文本: 'Hi Nova!'与图像的余弦相似度: 0.164300
📊 目标文本: 'Hi Nova!'与图像的余弦相似度: 0.157107
训练完成后:
📊 目标文本: 'Hi Nova!'与图像的余弦相似度: 0.264591
📊 目标文本: 'Hi Nova!'与图像的余弦相似度: 0.196083
