settings: 
  bg_img=['images/environment1.png', 'images/environment2.png', 'images/environment3.png'], 
  init_img=images/patch_0809_180254.png, 
  save_name=['adv1', 'adv2', 'adv3'],
  target_text=Hi Nova!, 
  target_img=None, 
  patch_size=76,
  patch_pos=[[180, 260], [200, 260], [200, 230]], 
  steps=30000, 
  lr=0.0005
输出文件保存路径: output/0826_141923

[补丁训练 Step 1] 对抗损失: 0.851403 | 背景损失: 1.403482 | 总损失: 0.991751 | 相似度: 0.148597 | used: 0h 0m 14s | remain: 120h 32m 41s
✅ 已保存 3 张对抗图像

[补丁训练 Step 100] 对抗损失: 0.755474 | 背景损失: 1.402145 | 总损失: 0.895689 | 相似度: 0.244526 | used: 0h 0m 47s | remain: 3h 56m 26s
✅ 已保存 3 张对抗图像

[补丁训练 Step 200] 对抗损失: 0.688476 | 背景损失: 1.400948 | 总损失: 0.828571 | 相似度: 0.311524 | used: 0h 1m 20s | remain: 3h 20m 31s
✅ 已保存 3 张对抗图像

[补丁训练 Step 300] 对抗损失: 0.656402 | 背景损失: 1.400195 | 总损失: 0.796421 | 相似度: 0.343598 | used: 0h 1m 53s | remain: 3h 7m 34s
✅ 已保存 3 张对抗图像

[补丁训练 Step 400] 对抗损失: 0.634510 | 背景损失: 1.399439 | 总损失: 0.774454 | 相似度: 0.365490 | used: 0h 2m 26s | remain: 3h 0m 56s
✅ 已保存 3 张对抗图像

[补丁训练 Step 500] 对抗损失: 0.621155 | 背景损失: 1.398753 | 总损失: 0.761030 | 相似度: 0.378845 | used: 0h 2m 59s | remain: 2h 56m 33s
✅ 已保存 3 张对抗图像

[补丁训练 Step 600] 对抗损失: 0.611577 | 背景损失: 1.398115 | 总损失: 0.751389 | 相似度: 0.388423 | used: 0h 3m 32s | remain: 2h 53m 25s
✅ 已保存 3 张对抗图像

[补丁训练 Step 700] 对抗损失: 0.603536 | 背景损失: 1.397499 | 总损失: 0.743286 | 相似度: 0.396464 | used: 0h 4m 5s | remain: 2h 51m 9s
✅ 已保存 3 张对抗图像

[补丁训练 Step 800] 对抗损失: 0.597901 | 背景损失: 1.396915 | 总损失: 0.737593 | 相似度: 0.402099 | used: 0h 4m 38s | remain: 2h 49m 23s
✅ 已保存 3 张对抗图像

[补丁训练 Step 900] 对抗损失: 0.590380 | 背景损失: 1.396362 | 总损失: 0.730016 | 相似度: 0.409620 | used: 0h 5m 11s | remain: 2h 47m 44s
✅ 已保存 3 张对抗图像

[补丁训练 Step 1000] 对抗损失: 0.585608 | 背景损失: 1.395888 | 总损失: 0.725197 | 相似度: 0.414392 | used: 0h 5m 44s | remain: 2h 46m 16s
✅ 已保存 3 张对抗图像

[补丁训练 Step 1100] 对抗损失: 0.579794 | 背景损失: 1.395446 | 总损失: 0.719339 | 相似度: 0.420206 | used: 0h 6m 16s | remain: 2h 45m 1s
✅ 已保存 3 张对抗图像

[补丁训练 Step 1200] 对抗损失: 0.575870 | 背景损失: 1.395029 | 总损失: 0.715373 | 相似度: 0.424130 | used: 0h 6m 49s | remain: 2h 43m 54s
✅ 已保存 3 张对抗图像

[补丁训练 Step 1300] 对抗损失: 0.572099 | 背景损失: 1.394616 | 总损失: 0.711560 | 相似度: 0.427901 | used: 0h 7m 22s | remain: 2h 42m 56s
✅ 已保存 3 张对抗图像

[补丁训练 Step 1400] 对抗损失: 0.570253 | 背景损失: 1.394214 | 总损失: 0.709675 | 相似度: 0.429747 | used: 0h 7m 55s | remain: 2h 42m 1s
✅ 已保存 3 张对抗图像

[补丁训练 Step 1500] 对抗损失: 0.567965 | 背景损失: 1.393825 | 总损失: 0.707347 | 相似度: 0.432035 | used: 0h 8m 29s | remain: 2h 41m 11s
✅ 已保存 3 张对抗图像

[补丁训练 Step 1600] 对抗损失: 0.564864 | 背景损失: 1.393448 | 总损失: 0.704209 | 相似度: 0.435136 | used: 0h 9m 2s | remain: 2h 40m 22s
✅ 已保存 3 张对抗图像

[补丁训练 Step 1700] 对抗损失: 0.563257 | 背景损失: 1.393072 | 总损失: 0.702564 | 相似度: 0.436744 | used: 0h 9m 35s | remain: 2h 39m 36s
✅ 已保存 3 张对抗图像

[补丁训练 Step 1800] 对抗损失: 0.560376 | 背景损失: 1.392715 | 总损失: 0.699648 | 相似度: 0.439624 | used: 0h 10m 8s | remain: 2h 38m 52s
✅ 已保存 3 张对抗图像

[补丁训练 Step 1900] 对抗损失: 0.559405 | 背景损失: 1.392367 | 总损失: 0.698641 | 相似度: 0.440595 | used: 0h 10m 41s | remain: 2h 38m 8s
✅ 已保存 3 张对抗图像

[补丁训练 Step 2000] 对抗损失: 0.558723 | 背景损失: 1.392025 | 总损失: 0.697926 | 相似度: 0.441277 | used: 0h 11m 14s | remain: 2h 37m 28s
✅ 已保存 3 张对抗图像

[补丁训练 Step 2100] 对抗损失: 0.555213 | 背景损失: 1.391692 | 总损失: 0.694382 | 相似度: 0.444787 | used: 0h 11m 47s | remain: 2h 36m 45s
✅ 已保存 3 张对抗图像

[补丁训练 Step 2200] 对抗损失: 0.555796 | 背景损失: 1.391372 | 总损失: 0.694933 | 相似度: 0.444204 | used: 0h 12m 20s | remain: 2h 36m 0s
✅ 已保存 3 张对抗图像

[补丁训练 Step 2300] 对抗损失: 0.552853 | 背景损失: 1.391076 | 总损失: 0.691961 | 相似度: 0.447147 | used: 0h 12m 53s | remain: 2h 35m 17s
✅ 已保存 3 张对抗图像

[补丁训练 Step 2400] 对抗损失: 0.551326 | 背景损失: 1.390778 | 总损失: 0.690404 | 相似度: 0.448674 | used: 0h 13m 26s | remain: 2h 34m 35s
✅ 已保存 3 张对抗图像

[补丁训练 Step 2500] 对抗损失: 0.549868 | 背景损失: 1.390478 | 总损失: 0.688915 | 相似度: 0.450133 | used: 0h 13m 59s | remain: 2h 33m 53s
✅ 已保存 3 张对抗图像

[补丁训练 Step 2600] 对抗损失: 0.549255 | 背景损失: 1.390191 | 总损失: 0.688274 | 相似度: 0.450745 | used: 0h 14m 32s | remain: 2h 33m 14s
✅ 已保存 3 张对抗图像

[补丁训练 Step 2700] 对抗损失: 0.548030 | 背景损失: 1.389926 | 总损失: 0.687023 | 相似度: 0.451970 | used: 0h 15m 5s | remain: 2h 32m 34s
✅ 已保存 3 张对抗图像

[补丁训练 Step 2800] 对抗损失: 0.546084 | 背景损失: 1.389648 | 总损失: 0.685048 | 相似度: 0.453916 | used: 0h 15m 38s | remain: 2h 31m 55s
✅ 已保存 3 张对抗图像

[补丁训练 Step 2900] 对抗损失: 0.546198 | 背景损失: 1.389390 | 总损失: 0.685137 | 相似度: 0.453802 | used: 0h 16m 11s | remain: 2h 31m 16s
✅ 已保存 3 张对抗图像

[补丁训练 Step 3000] 对抗损失: 0.543949 | 背景损失: 1.389129 | 总损失: 0.682862 | 相似度: 0.456051 | used: 0h 16m 44s | remain: 2h 30m 39s
✅ 已保存 3 张对抗图像

[补丁训练 Step 3100] 对抗损失: 0.543667 | 背景损失: 1.388877 | 总损失: 0.682554 | 相似度: 0.456333 | used: 0h 17m 17s | remain: 2h 30m 2s
✅ 已保存 3 张对抗图像

[补丁训练 Step 3200] 对抗损失: 0.541891 | 背景损失: 1.388631 | 总损失: 0.680755 | 相似度: 0.458109 | used: 0h 17m 50s | remain: 2h 29m 24s
✅ 已保存 3 张对抗图像

[补丁训练 Step 3300] 对抗损失: 0.541012 | 背景损失: 1.388394 | 总损失: 0.679852 | 相似度: 0.458988 | used: 0h 18m 23s | remain: 2h 28m 48s
✅ 已保存 3 张对抗图像

[补丁训练 Step 3400] 对抗损失: 0.540445 | 背景损失: 1.388160 | 总损失: 0.679261 | 相似度: 0.459555 | used: 0h 18m 56s | remain: 2h 28m 11s
✅ 已保存 3 张对抗图像

[补丁训练 Step 3500] 对抗损失: 0.540235 | 背景损失: 1.387949 | 总损失: 0.679030 | 相似度: 0.459765 | used: 0h 19m 29s | remain: 2h 27m 37s
✅ 已保存 3 张对抗图像

[补丁训练 Step 3600] 对抗损失: 0.539060 | 背景损失: 1.387729 | 总损失: 0.677833 | 相似度: 0.460940 | used: 0h 20m 3s | remain: 2h 27m 2s
✅ 已保存 3 张对抗图像

[补丁训练 Step 3700] 对抗损失: 0.538070 | 背景损失: 1.387510 | 总损失: 0.676821 | 相似度: 0.461930 | used: 0h 20m 36s | remain: 2h 26m 27s
✅ 已保存 3 张对抗图像

[补丁训练 Step 3800] 对抗损失: 0.542252 | 背景损失: 1.387301 | 总损失: 0.680982 | 相似度: 0.457749 | used: 0h 21m 9s | remain: 2h 25m 53s
✅ 已保存 3 张对抗图像

[补丁训练 Step 3900] 对抗损失: 0.536750 | 背景损失: 1.387102 | 总损失: 0.675460 | 相似度: 0.463250 | used: 0h 21m 43s | remain: 2h 25m 20s
✅ 已保存 3 张对抗图像

[补丁训练 Step 4000] 对抗损失: 0.536105 | 背景损失: 1.386899 | 总损失: 0.674795 | 相似度: 0.463895 | used: 0h 22m 16s | remain: 2h 24m 47s
✅ 已保存 3 张对抗图像

[补丁训练 Step 4100] 对抗损失: 0.534758 | 背景损失: 1.386697 | 总损失: 0.673428 | 相似度: 0.465242 | used: 0h 22m 49s | remain: 2h 24m 13s
✅ 已保存 3 张对抗图像

[补丁训练 Step 4200] 对抗损失: 0.533906 | 背景损失: 1.386493 | 总损失: 0.672555 | 相似度: 0.466094 | used: 0h 23m 22s | remain: 2h 23m 37s
✅ 已保存 3 张对抗图像

[补丁训练 Step 4300] 对抗损失: 0.533547 | 背景损失: 1.386299 | 总损失: 0.672177 | 相似度: 0.466453 | used: 0h 23m 55s | remain: 2h 23m 2s
✅ 已保存 3 张对抗图像

[补丁训练 Step 4400] 对抗损失: 0.532678 | 背景损失: 1.386101 | 总损失: 0.671288 | 相似度: 0.467322 | used: 0h 24m 28s | remain: 2h 22m 26s
✅ 已保存 3 张对抗图像

[补丁训练 Step 4500] 对抗损失: 0.532403 | 背景损失: 1.385907 | 总损失: 0.670993 | 相似度: 0.467597 | used: 0h 25m 2s | remain: 2h 21m 51s
✅ 已保存 3 张对抗图像

[补丁训练 Step 4600] 对抗损失: 0.533583 | 背景损失: 1.385707 | 总损失: 0.672153 | 相似度: 0.466417 | used: 0h 25m 35s | remain: 2h 21m 16s
✅ 已保存 3 张对抗图像

[补丁训练 Step 4700] 对抗损失: 0.531071 | 背景损失: 1.385507 | 总损失: 0.669622 | 相似度: 0.468929 | used: 0h 26m 8s | remain: 2h 20m 40s
✅ 已保存 3 张对抗图像

[补丁训练 Step 4800] 对抗损失: 0.531410 | 背景损失: 1.385326 | 总损失: 0.669942 | 相似度: 0.468590 | used: 0h 26m 41s | remain: 2h 20m 5s
✅ 已保存 3 张对抗图像

[补丁训练 Step 4900] 对抗损失: 0.530810 | 背景损失: 1.385132 | 总损失: 0.669324 | 相似度: 0.469190 | used: 0h 27m 14s | remain: 2h 19m 30s
✅ 已保存 3 张对抗图像

[补丁训练 Step 5000] 对抗损失: 0.529742 | 背景损失: 1.384941 | 总损失: 0.668236 | 相似度: 0.470258 | used: 0h 27m 46s | remain: 2h 18m 54s
✅ 已保存 3 张对抗图像

[补丁训练 Step 5100] 对抗损失: 0.528882 | 背景损失: 1.384749 | 总损失: 0.667356 | 相似度: 0.471118 | used: 0h 28m 19s | remain: 2h 18m 19s
✅ 已保存 3 张对抗图像

[补丁训练 Step 5200] 对抗损失: 0.528146 | 背景损失: 1.384563 | 总损失: 0.666602 | 相似度: 0.471854 | used: 0h 28m 52s | remain: 2h 17m 44s
✅ 已保存 3 张对抗图像

[补丁训练 Step 5300] 对抗损失: 0.528162 | 背景损失: 1.384384 | 总损失: 0.666601 | 相似度: 0.471838 | used: 0h 29m 25s | remain: 2h 17m 8s
✅ 已保存 3 张对抗图像

[补丁训练 Step 5400] 对抗损失: 0.528210 | 背景损失: 1.384190 | 总损失: 0.666629 | 相似度: 0.471790 | used: 0h 29m 58s | remain: 2h 16m 34s
✅ 已保存 3 张对抗图像

[补丁训练 Step 5500] 对抗损失: 0.530218 | 背景损失: 1.384007 | 总损失: 0.668619 | 相似度: 0.469781 | used: 0h 30m 31s | remain: 2h 16m 0s
✅ 已保存 3 张对抗图像

[补丁训练 Step 5600] 对抗损失: 0.526380 | 背景损失: 1.383828 | 总损失: 0.664763 | 相似度: 0.473620 | used: 0h 31m 4s | remain: 2h 15m 25s
✅ 已保存 3 张对抗图像

[补丁训练 Step 5700] 对抗损失: 0.526279 | 背景损失: 1.383646 | 总损失: 0.664644 | 相似度: 0.473721 | used: 0h 31m 37s | remain: 2h 14m 51s
✅ 已保存 3 张对抗图像

[补丁训练 Step 5800] 对抗损失: 0.526620 | 背景损失: 1.383464 | 总损失: 0.664966 | 相似度: 0.473380 | used: 0h 32m 11s | remain: 2h 14m 17s
✅ 已保存 3 张对抗图像

[补丁训练 Step 5900] 对抗损失: 0.524783 | 背景损失: 1.383287 | 总损失: 0.663112 | 相似度: 0.475217 | used: 0h 32m 44s | remain: 2h 13m 43s
✅ 已保存 3 张对抗图像

[补丁训练 Step 6000] 对抗损失: 0.525605 | 背景损失: 1.383109 | 总损失: 0.663916 | 相似度: 0.474395 | used: 0h 33m 17s | remain: 2h 13m 9s
✅ 已保存 3 张对抗图像

[补丁训练 Step 6100] 对抗损失: 0.524226 | 背景损失: 1.382935 | 总损失: 0.662519 | 相似度: 0.475774 | used: 0h 33m 50s | remain: 2h 12m 35s
✅ 已保存 3 张对抗图像

[补丁训练 Step 6200] 对抗损失: 0.523273 | 背景损失: 1.382763 | 总损失: 0.661549 | 相似度: 0.476727 | used: 0h 34m 23s | remain: 2h 12m 2s
✅ 已保存 3 张对抗图像

[补丁训练 Step 6300] 对抗损失: 0.522624 | 背景损失: 1.382591 | 总损失: 0.660883 | 相似度: 0.477376 | used: 0h 34m 56s | remain: 2h 11m 28s
✅ 已保存 3 张对抗图像

[补丁训练 Step 6400] 对抗损失: 0.523099 | 背景损失: 1.382419 | 总损失: 0.661341 | 相似度: 0.476901 | used: 0h 35m 30s | remain: 2h 10m 55s
✅ 已保存 3 张对抗图像

[补丁训练 Step 6500] 对抗损失: 0.521864 | 背景损失: 1.382248 | 总损失: 0.660089 | 相似度: 0.478136 | used: 0h 36m 3s | remain: 2h 10m 22s
✅ 已保存 3 张对抗图像

[补丁训练 Step 6600] 对抗损失: 0.522300 | 背景损失: 1.382077 | 总损失: 0.660508 | 相似度: 0.477700 | used: 0h 36m 36s | remain: 2h 9m 49s
✅ 已保存 3 张对抗图像

[补丁训练 Step 6700] 对抗损失: 0.521575 | 背景损失: 1.381911 | 总损失: 0.659766 | 相似度: 0.478425 | used: 0h 37m 10s | remain: 2h 9m 15s
✅ 已保存 3 张对抗图像

[补丁训练 Step 6800] 对抗损失: 0.520358 | 背景损失: 1.381744 | 总损失: 0.658532 | 相似度: 0.479642 | used: 0h 37m 43s | remain: 2h 8m 42s
✅ 已保存 3 张对抗图像

[补丁训练 Step 6900] 对抗损失: 0.521007 | 背景损失: 1.381576 | 总损失: 0.659164 | 相似度: 0.478993 | used: 0h 38m 16s | remain: 2h 8m 9s
✅ 已保存 3 张对抗图像

[补丁训练 Step 7000] 对抗损失: 0.519405 | 背景损失: 1.381407 | 总损失: 0.657545 | 相似度: 0.480595 | used: 0h 38m 50s | remain: 2h 7m 36s
✅ 已保存 3 张对抗图像

[补丁训练 Step 7100] 对抗损失: 0.519726 | 背景损失: 1.381239 | 总损失: 0.657849 | 相似度: 0.480274 | used: 0h 39m 23s | remain: 2h 7m 3s
✅ 已保存 3 张对抗图像

[补丁训练 Step 7200] 对抗损失: 0.518749 | 背景损失: 1.381073 | 总损失: 0.656857 | 相似度: 0.481251 | used: 0h 39m 56s | remain: 2h 6m 30s
✅ 已保存 3 张对抗图像

[补丁训练 Step 7300] 对抗损失: 0.518273 | 背景损失: 1.380912 | 总损失: 0.656364 | 相似度: 0.481727 | used: 0h 40m 30s | remain: 2h 5m 56s
✅ 已保存 3 张对抗图像

[补丁训练 Step 7400] 对抗损失: 0.518034 | 背景损失: 1.380750 | 总损失: 0.656109 | 相似度: 0.481966 | used: 0h 41m 3s | remain: 2h 5m 23s
✅ 已保存 3 张对抗图像

[补丁训练 Step 7500] 对抗损失: 0.517599 | 背景损失: 1.380591 | 总损失: 0.655658 | 相似度: 0.482401 | used: 0h 41m 36s | remain: 2h 4m 50s
✅ 已保存 3 张对抗图像

[补丁训练 Step 7600] 对抗损失: 0.518017 | 背景损失: 1.380430 | 总损失: 0.656060 | 相似度: 0.481983 | used: 0h 42m 10s | remain: 2h 4m 17s
✅ 已保存 3 张对抗图像

[补丁训练 Step 7700] 对抗损失: 0.516329 | 背景损失: 1.380274 | 总损失: 0.654356 | 相似度: 0.483671 | used: 0h 42m 43s | remain: 2h 3m 44s
✅ 已保存 3 张对抗图像

[补丁训练 Step 7800] 对抗损失: 0.515815 | 背景损失: 1.380116 | 总损失: 0.653827 | 相似度: 0.484185 | used: 0h 43m 17s | remain: 2h 3m 12s
✅ 已保存 3 张对抗图像

[补丁训练 Step 7900] 对抗损失: 0.516244 | 背景损失: 1.379958 | 总损失: 0.654240 | 相似度: 0.483756 | used: 0h 43m 50s | remain: 2h 2m 38s
✅ 已保存 3 张对抗图像

[补丁训练 Step 8000] 对抗损失: 0.515527 | 背景损失: 1.379802 | 总损失: 0.653507 | 相似度: 0.484473 | used: 0h 44m 24s | remain: 2h 2m 6s
✅ 已保存 3 张对抗图像

[补丁训练 Step 8100] 对抗损失: 0.514425 | 背景损失: 1.379650 | 总损失: 0.652390 | 相似度: 0.485575 | used: 0h 44m 57s | remain: 2h 1m 33s
✅ 已保存 3 张对抗图像

[补丁训练 Step 8200] 对抗损失: 0.514352 | 背景损失: 1.379501 | 总损失: 0.652302 | 相似度: 0.485648 | used: 0h 45m 30s | remain: 2h 1m 0s
✅ 已保存 3 张对抗图像

[补丁训练 Step 8300] 对抗损失: 0.513502 | 背景损失: 1.379350 | 总损失: 0.651437 | 相似度: 0.486498 | used: 0h 46m 4s | remain: 2h 0m 26s
✅ 已保存 3 张对抗图像

[补丁训练 Step 8400] 对抗损失: 0.513533 | 背景损失: 1.379205 | 总损失: 0.651453 | 相似度: 0.486467 | used: 0h 46m 37s | remain: 1h 59m 52s
✅ 已保存 3 张对抗图像

[补丁训练 Step 8500] 对抗损失: 0.513089 | 背景损失: 1.379060 | 总损失: 0.650995 | 相似度: 0.486911 | used: 0h 47m 10s | remain: 1h 59m 18s
✅ 已保存 3 张对抗图像

[补丁训练 Step 8600] 对抗损失: 0.512792 | 背景损失: 1.378911 | 总损失: 0.650684 | 相似度: 0.487208 | used: 0h 47m 43s | remain: 1h 58m 44s
✅ 已保存 3 张对抗图像

[补丁训练 Step 8700] 对抗损失: 0.512370 | 背景损失: 1.378766 | 总损失: 0.650246 | 相似度: 0.487630 | used: 0h 48m 16s | remain: 1h 58m 10s
✅ 已保存 3 张对抗图像

[补丁训练 Step 8800] 对抗损失: 0.511301 | 背景损失: 1.378626 | 总损失: 0.649164 | 相似度: 0.488699 | used: 0h 48m 49s | remain: 1h 57m 36s
✅ 已保存 3 张对抗图像

[补丁训练 Step 8900] 对抗损失: 0.512001 | 背景损失: 1.378484 | 总损失: 0.649849 | 相似度: 0.487999 | used: 0h 49m 22s | remain: 1h 57m 3s
✅ 已保存 3 张对抗图像

[补丁训练 Step 9000] 对抗损失: 0.511510 | 背景损失: 1.378340 | 总损失: 0.649345 | 相似度: 0.488490 | used: 0h 49m 55s | remain: 1h 56m 29s
✅ 已保存 3 张对抗图像

[补丁训练 Step 9100] 对抗损失: 0.511092 | 背景损失: 1.378202 | 总损失: 0.648912 | 相似度: 0.488908 | used: 0h 50m 28s | remain: 1h 55m 55s
✅ 已保存 3 张对抗图像

[补丁训练 Step 9200] 对抗损失: 0.509949 | 背景损失: 1.378064 | 总损失: 0.647755 | 相似度: 0.490051 | used: 0h 51m 1s | remain: 1h 55m 22s
✅ 已保存 3 张对抗图像

[补丁训练 Step 9300] 对抗损失: 0.510795 | 背景损失: 1.377924 | 总损失: 0.648587 | 相似度: 0.489205 | used: 0h 51m 34s | remain: 1h 54m 48s
✅ 已保存 3 张对抗图像

[补丁训练 Step 9400] 对抗损失: 0.509456 | 背景损失: 1.377789 | 总损失: 0.647235 | 相似度: 0.490544 | used: 0h 52m 8s | remain: 1h 54m 15s
✅ 已保存 3 张对抗图像

[补丁训练 Step 9500] 对抗损失: 0.509622 | 背景损失: 1.377653 | 总损失: 0.647388 | 相似度: 0.490378 | used: 0h 52m 41s | remain: 1h 53m 41s
✅ 已保存 3 张对抗图像

[补丁训练 Step 9600] 对抗损失: 0.508920 | 背景损失: 1.377519 | 总损失: 0.646672 | 相似度: 0.491080 | used: 0h 53m 14s | remain: 1h 53m 8s
✅ 已保存 3 张对抗图像

[补丁训练 Step 9700] 对抗损失: 0.508858 | 背景损失: 1.377386 | 总损失: 0.646597 | 相似度: 0.491142 | used: 0h 53m 47s | remain: 1h 52m 35s
✅ 已保存 3 张对抗图像

[补丁训练 Step 9800] 对抗损失: 0.508301 | 背景损失: 1.377254 | 总损失: 0.646026 | 相似度: 0.491699 | used: 0h 54m 21s | remain: 1h 52m 2s
✅ 已保存 3 张对抗图像

[补丁训练 Step 9900] 对抗损失: 0.508381 | 背景损失: 1.377123 | 总损失: 0.646093 | 相似度: 0.491619 | used: 0h 54m 54s | remain: 1h 51m 29s
✅ 已保存 3 张对抗图像

[补丁训练 Step 10000] 对抗损失: 0.509572 | 背景损失: 1.376991 | 总损失: 0.647272 | 相似度: 0.490428 | used: 0h 55m 27s | remain: 1h 50m 55s
✅ 已保存 3 张对抗图像

[补丁训练 Step 10100] 对抗损失: 0.507449 | 背景损失: 1.376864 | 总损失: 0.645135 | 相似度: 0.492551 | used: 0h 56m 1s | remain: 1h 50m 22s
✅ 已保存 3 张对抗图像

[补丁训练 Step 10200] 对抗损失: 0.508685 | 背景损失: 1.376733 | 总损失: 0.646359 | 相似度: 0.491315 | used: 0h 56m 34s | remain: 1h 49m 49s
✅ 已保存 3 张对抗图像

[补丁训练 Step 10300] 对抗损失: 0.506942 | 背景损失: 1.376608 | 总损失: 0.644603 | 相似度: 0.493058 | used: 0h 57m 7s | remain: 1h 49m 16s
✅ 已保存 3 张对抗图像

[补丁训练 Step 10400] 对抗损失: 0.507788 | 背景损失: 1.376482 | 总损失: 0.645437 | 相似度: 0.492212 | used: 0h 57m 41s | remain: 1h 48m 43s
✅ 已保存 3 张对抗图像

[补丁训练 Step 10500] 对抗损失: 0.506323 | 背景损失: 1.376361 | 总损失: 0.643959 | 相似度: 0.493677 | used: 0h 58m 14s | remain: 1h 48m 9s
✅ 已保存 3 张对抗图像

[补丁训练 Step 10600] 对抗损失: 0.507296 | 背景损失: 1.376234 | 总损失: 0.644919 | 相似度: 0.492704 | used: 0h 58m 47s | remain: 1h 47m 36s
✅ 已保存 3 张对抗图像

[补丁训练 Step 10700] 对抗损失: 0.507529 | 背景损失: 1.376111 | 总损失: 0.645140 | 相似度: 0.492471 | used: 0h 59m 20s | remain: 1h 47m 2s
✅ 已保存 3 张对抗图像

[补丁训练 Step 10800] 对抗损失: 0.505995 | 背景损失: 1.375992 | 总损失: 0.643594 | 相似度: 0.494005 | used: 0h 59m 53s | remain: 1h 46m 29s
✅ 已保存 3 张对抗图像

[补丁训练 Step 10900] 对抗损失: 0.505223 | 背景损失: 1.375872 | 总损失: 0.642810 | 相似度: 0.494777 | used: 1h 0m 27s | remain: 1h 45m 56s
✅ 已保存 3 张对抗图像

[补丁训练 Step 11000] 对抗损失: 0.504367 | 背景损失: 1.375754 | 总损失: 0.641942 | 相似度: 0.495633 | used: 1h 1m 0s | remain: 1h 45m 22s
✅ 已保存 3 张对抗图像

[补丁训练 Step 11100] 对抗损失: 0.504091 | 背景损失: 1.375637 | 总损失: 0.641654 | 相似度: 0.495909 | used: 1h 1m 33s | remain: 1h 44m 49s
✅ 已保存 3 张对抗图像

[补丁训练 Step 11200] 对抗损失: 0.505068 | 背景损失: 1.375518 | 总损失: 0.642619 | 相似度: 0.494932 | used: 1h 2m 7s | remain: 1h 44m 16s
✅ 已保存 3 张对抗图像

[补丁训练 Step 11300] 对抗损失: 0.505035 | 背景损失: 1.375406 | 总损失: 0.642575 | 相似度: 0.494965 | used: 1h 2m 40s | remain: 1h 43m 43s
✅ 已保存 3 张对抗图像

[补丁训练 Step 11400] 对抗损失: 0.503670 | 背景损失: 1.375288 | 总损失: 0.641199 | 相似度: 0.496330 | used: 1h 3m 13s | remain: 1h 43m 9s
✅ 已保存 3 张对抗图像

[补丁训练 Step 11500] 对抗损失: 0.502949 | 背景损失: 1.375175 | 总损失: 0.640467 | 相似度: 0.497050 | used: 1h 3m 50s | remain: 1h 42m 42s
✅ 已保存 3 张对抗图像

[补丁训练 Step 11600] 对抗损失: 0.504703 | 背景损失: 1.375061 | 总损失: 0.642209 | 相似度: 0.495297 | used: 1h 4m 26s | remain: 1h 42m 12s
✅ 已保存 3 张对抗图像

[补丁训练 Step 11700] 对抗损失: 0.502473 | 背景损失: 1.374950 | 总损失: 0.639968 | 相似度: 0.497527 | used: 1h 4m 59s | remain: 1h 41m 39s
✅ 已保存 3 张对抗图像

[补丁训练 Step 11800] 对抗损失: 0.502942 | 背景损失: 1.374840 | 总损失: 0.640426 | 相似度: 0.497058 | used: 1h 5m 33s | remain: 1h 41m 6s
✅ 已保存 3 张对抗图像

[补丁训练 Step 11900] 对抗损失: 0.503359 | 背景损失: 1.374733 | 总损失: 0.640832 | 相似度: 0.496641 | used: 1h 6m 6s | remain: 1h 40m 33s
✅ 已保存 3 张对抗图像

[补丁训练 Step 12000] 对抗损失: 0.501507 | 背景损失: 1.374626 | 总损失: 0.638969 | 相似度: 0.498493 | used: 1h 6m 40s | remain: 1h 40m 0s
✅ 已保存 3 张对抗图像

[补丁训练 Step 12100] 对抗损失: 0.504017 | 背景损失: 1.374517 | 总损失: 0.641468 | 相似度: 0.495983 | used: 1h 7m 13s | remain: 1h 39m 27s
✅ 已保存 3 张对抗图像

[补丁训练 Step 12200] 对抗损失: 0.501530 | 背景损失: 1.374413 | 总损失: 0.638971 | 相似度: 0.498470 | used: 1h 7m 47s | remain: 1h 38m 54s
✅ 已保存 3 张对抗图像

[补丁训练 Step 12300] 对抗损失: 0.501220 | 背景损失: 1.374310 | 总损失: 0.638651 | 相似度: 0.498780 | used: 1h 8m 20s | remain: 1h 38m 21s
✅ 已保存 3 张对抗图像

[补丁训练 Step 12400] 对抗损失: 0.501690 | 背景损失: 1.374207 | 总损失: 0.639111 | 相似度: 0.498310 | used: 1h 8m 54s | remain: 1h 37m 48s
✅ 已保存 3 张对抗图像

[补丁训练 Step 12500] 对抗损失: 0.501482 | 背景损失: 1.374107 | 总损失: 0.638893 | 相似度: 0.498518 | used: 1h 9m 27s | remain: 1h 37m 14s
✅ 已保存 3 张对抗图像

[补丁训练 Step 12600] 对抗损失: 0.502585 | 背景损失: 1.374004 | 总损失: 0.639985 | 相似度: 0.497415 | used: 1h 10m 1s | remain: 1h 36m 41s
✅ 已保存 3 张对抗图像

[补丁训练 Step 12700] 对抗损失: 0.502999 | 背景损失: 1.373905 | 总损失: 0.640390 | 相似度: 0.497001 | used: 1h 10m 34s | remain: 1h 36m 8s
✅ 已保存 3 张对抗图像

[补丁训练 Step 12800] 对抗损失: 0.501009 | 背景损失: 1.373806 | 总损失: 0.638389 | 相似度: 0.498991 | used: 1h 11m 8s | remain: 1h 35m 35s
✅ 已保存 3 张对抗图像

[补丁训练 Step 12900] 对抗损失: 0.500749 | 背景损失: 1.373708 | 总损失: 0.638119 | 相似度: 0.499252 | used: 1h 11m 41s | remain: 1h 35m 2s
✅ 已保存 3 张对抗图像

[补丁训练 Step 13000] 对抗损失: 0.500411 | 背景损失: 1.373610 | 总损失: 0.637772 | 相似度: 0.499589 | used: 1h 12m 15s | remain: 1h 34m 28s
✅ 已保存 3 张对抗图像

[补丁训练 Step 13100] 对抗损失: 0.501581 | 背景损失: 1.373514 | 总损失: 0.638932 | 相似度: 0.498419 | used: 1h 12m 48s | remain: 1h 33m 55s
✅ 已保存 3 张对抗图像

[补丁训练 Step 13200] 对抗损失: 0.498980 | 背景损失: 1.373419 | 总损失: 0.636322 | 相似度: 0.501020 | used: 1h 13m 21s | remain: 1h 33m 22s
✅ 已保存 3 张对抗图像

[补丁训练 Step 13300] 对抗损失: 0.501255 | 背景损失: 1.373321 | 总损失: 0.638587 | 相似度: 0.498745 | used: 1h 13m 55s | remain: 1h 32m 49s
✅ 已保存 3 张对抗图像

[补丁训练 Step 13400] 对抗损失: 0.498373 | 背景损失: 1.373229 | 总损失: 0.635696 | 相似度: 0.501627 | used: 1h 14m 28s | remain: 1h 32m 15s
✅ 已保存 3 张对抗图像

[补丁训练 Step 13500] 对抗损失: 0.498594 | 背景损失: 1.373137 | 总损失: 0.635907 | 相似度: 0.501406 | used: 1h 15m 2s | remain: 1h 31m 42s
✅ 已保存 3 张对抗图像

[补丁训练 Step 13600] 对抗损失: 0.498198 | 背景损失: 1.373044 | 总损失: 0.635502 | 相似度: 0.501802 | used: 1h 15m 35s | remain: 1h 31m 9s
✅ 已保存 3 张对抗图像

[补丁训练 Step 13700] 对抗损失: 0.498692 | 背景损失: 1.372952 | 总损失: 0.635988 | 相似度: 0.501308 | used: 1h 16m 9s | remain: 1h 30m 36s
✅ 已保存 3 张对抗图像

[补丁训练 Step 13800] 对抗损失: 0.498280 | 背景损失: 1.372859 | 总损失: 0.635566 | 相似度: 0.501720 | used: 1h 16m 42s | remain: 1h 30m 3s
✅ 已保存 3 张对抗图像

[补丁训练 Step 13900] 对抗损失: 0.497140 | 背景损失: 1.372768 | 总损失: 0.634416 | 相似度: 0.502860 | used: 1h 17m 16s | remain: 1h 29m 30s
✅ 已保存 3 张对抗图像

[补丁训练 Step 14000] 对抗损失: 0.498303 | 背景损失: 1.372675 | 总损失: 0.635570 | 相似度: 0.501697 | used: 1h 17m 50s | remain: 1h 28m 57s
✅ 已保存 3 张对抗图像

[补丁训练 Step 14100] 对抗损失: 0.497294 | 背景损失: 1.372583 | 总损失: 0.634552 | 相似度: 0.502706 | used: 1h 18m 23s | remain: 1h 28m 24s
✅ 已保存 3 张对抗图像

[补丁训练 Step 14200] 对抗损失: 0.497112 | 背景损失: 1.372493 | 总损失: 0.634362 | 相似度: 0.502888 | used: 1h 18m 57s | remain: 1h 27m 51s
✅ 已保存 3 张对抗图像

[补丁训练 Step 14300] 对抗损失: 0.496634 | 背景损失: 1.372402 | 总损失: 0.633874 | 相似度: 0.503366 | used: 1h 19m 30s | remain: 1h 27m 17s
✅ 已保存 3 张对抗图像

[补丁训练 Step 14400] 对抗损失: 0.496018 | 背景损失: 1.372313 | 总损失: 0.633249 | 相似度: 0.503982 | used: 1h 20m 4s | remain: 1h 26m 44s
✅ 已保存 3 张对抗图像

[补丁训练 Step 14500] 对抗损失: 0.496855 | 背景损失: 1.372225 | 总损失: 0.634078 | 相似度: 0.503145 | used: 1h 20m 38s | remain: 1h 26m 11s
✅ 已保存 3 张对抗图像

[补丁训练 Step 14600] 对抗损失: 0.496294 | 背景损失: 1.372135 | 总损失: 0.633507 | 相似度: 0.503706 | used: 1h 21m 11s | remain: 1h 25m 38s
✅ 已保存 3 张对抗图像

[补丁训练 Step 14700] 对抗损失: 0.495882 | 背景损失: 1.372046 | 总损失: 0.633087 | 相似度: 0.504118 | used: 1h 21m 45s | remain: 1h 25m 5s
✅ 已保存 3 张对抗图像

[补丁训练 Step 14800] 对抗损失: 0.495522 | 背景损失: 1.371959 | 总损失: 0.632718 | 相似度: 0.504478 | used: 1h 22m 19s | remain: 1h 24m 32s
✅ 已保存 3 张对抗图像

[补丁训练 Step 14900] 对抗损失: 0.495238 | 背景损失: 1.371871 | 总损失: 0.632425 | 相似度: 0.504762 | used: 1h 22m 52s | remain: 1h 23m 59s
✅ 已保存 3 张对抗图像

[补丁训练 Step 15000] 对抗损失: 0.495098 | 背景损失: 1.371782 | 总损失: 0.632277 | 相似度: 0.504902 | used: 1h 23m 26s | remain: 1h 23m 26s
✅ 已保存 3 张对抗图像

[补丁训练 Step 15100] 对抗损失: 0.495919 | 背景损失: 1.371693 | 总损失: 0.633089 | 相似度: 0.504081 | used: 1h 24m 3s | remain: 1h 22m 56s
✅ 已保存 3 张对抗图像

[补丁训练 Step 15200] 对抗损失: 0.495763 | 背景损失: 1.371608 | 总损失: 0.632924 | 相似度: 0.504237 | used: 1h 24m 37s | remain: 1h 22m 23s
✅ 已保存 3 张对抗图像

[补丁训练 Step 15300] 对抗损失: 0.494780 | 背景损失: 1.371521 | 总损失: 0.631932 | 相似度: 0.505220 | used: 1h 25m 11s | remain: 1h 21m 50s
✅ 已保存 3 张对抗图像

[补丁训练 Step 15400] 对抗损失: 0.494674 | 背景损失: 1.371434 | 总损失: 0.631818 | 相似度: 0.505326 | used: 1h 25m 45s | remain: 1h 21m 17s
✅ 已保存 3 张对抗图像

[补丁训练 Step 15500] 对抗损失: 0.494104 | 背景损失: 1.371348 | 总损失: 0.631239 | 相似度: 0.505896 | used: 1h 26m 18s | remain: 1h 20m 44s
✅ 已保存 3 张对抗图像

[补丁训练 Step 15600] 对抗损失: 0.494150 | 背景损失: 1.371262 | 总损失: 0.631276 | 相似度: 0.505850 | used: 1h 26m 52s | remain: 1h 20m 11s
✅ 已保存 3 张对抗图像

[补丁训练 Step 15700] 对抗损失: 0.496640 | 背景损失: 1.371175 | 总损失: 0.633757 | 相似度: 0.503360 | used: 1h 27m 26s | remain: 1h 19m 38s
✅ 已保存 3 张对抗图像

[补丁训练 Step 15800] 对抗损失: 0.493447 | 背景损失: 1.371089 | 总损失: 0.630556 | 相似度: 0.506553 | used: 1h 28m 0s | remain: 1h 19m 5s
✅ 已保存 3 张对抗图像

[补丁训练 Step 15900] 对抗损失: 0.493169 | 背景损失: 1.371005 | 总损失: 0.630270 | 相似度: 0.506831 | used: 1h 28m 34s | remain: 1h 18m 32s
✅ 已保存 3 张对抗图像

[补丁训练 Step 16000] 对抗损失: 0.493124 | 背景损失: 1.370920 | 总损失: 0.630216 | 相似度: 0.506876 | used: 1h 29m 7s | remain: 1h 17m 59s
✅ 已保存 3 张对抗图像

[补丁训练 Step 16100] 对抗损失: 0.493038 | 背景损失: 1.370837 | 总损失: 0.630121 | 相似度: 0.506962 | used: 1h 29m 41s | remain: 1h 17m 26s
✅ 已保存 3 张对抗图像

[补丁训练 Step 16200] 对抗损失: 0.494980 | 背景损失: 1.370752 | 总损失: 0.632056 | 相似度: 0.505020 | used: 1h 30m 15s | remain: 1h 16m 52s
✅ 已保存 3 张对抗图像

[补丁训练 Step 16300] 对抗损失: 0.493035 | 背景损失: 1.370670 | 总损失: 0.630102 | 相似度: 0.506965 | used: 1h 30m 48s | remain: 1h 16m 19s
✅ 已保存 3 张对抗图像

[补丁训练 Step 16400] 对抗损失: 0.492509 | 背景损失: 1.370587 | 总损失: 0.629568 | 相似度: 0.507491 | used: 1h 31m 22s | remain: 1h 15m 46s
✅ 已保存 3 张对抗图像

[补丁训练 Step 16500] 对抗损失: 0.492124 | 背景损失: 1.370507 | 总损失: 0.629175 | 相似度: 0.507876 | used: 1h 31m 56s | remain: 1h 15m 13s
✅ 已保存 3 张对抗图像

[补丁训练 Step 16600] 对抗损失: 0.491970 | 背景损失: 1.370424 | 总损失: 0.629012 | 相似度: 0.508030 | used: 1h 32m 29s | remain: 1h 14m 39s
✅ 已保存 3 张对抗图像

[补丁训练 Step 16700] 对抗损失: 0.492895 | 背景损失: 1.370342 | 总损失: 0.629930 | 相似度: 0.507105 | used: 1h 33m 3s | remain: 1h 14m 6s
✅ 已保存 3 张对抗图像

[补丁训练 Step 16800] 对抗损失: 0.492420 | 背景损失: 1.370261 | 总损失: 0.629446 | 相似度: 0.507580 | used: 1h 33m 36s | remain: 1h 13m 33s
✅ 已保存 3 张对抗图像

[补丁训练 Step 16900] 对抗损失: 0.492005 | 背景损失: 1.370178 | 总损失: 0.629023 | 相似度: 0.507995 | used: 1h 34m 10s | remain: 1h 12m 59s
✅ 已保存 3 张对抗图像

[补丁训练 Step 17000] 对抗损失: 0.491625 | 背景损失: 1.370095 | 总损失: 0.628635 | 相似度: 0.508375 | used: 1h 34m 44s | remain: 1h 12m 26s
✅ 已保存 3 张对抗图像

[补丁训练 Step 17100] 对抗损失: 0.491650 | 背景损失: 1.370012 | 总损失: 0.628652 | 相似度: 0.508350 | used: 1h 35m 17s | remain: 1h 11m 53s
✅ 已保存 3 张对抗图像

[补丁训练 Step 17200] 对抗损失: 0.491142 | 背景损失: 1.369931 | 总损失: 0.628135 | 相似度: 0.508858 | used: 1h 35m 51s | remain: 1h 11m 20s
✅ 已保存 3 张对抗图像

[补丁训练 Step 17300] 对抗损失: 0.490574 | 背景损失: 1.369850 | 总损失: 0.627559 | 相似度: 0.509426 | used: 1h 36m 24s | remain: 1h 10m 46s
✅ 已保存 3 张对抗图像

[补丁训练 Step 17400] 对抗损失: 0.491349 | 背景损失: 1.369767 | 总损失: 0.628325 | 相似度: 0.508651 | used: 1h 36m 58s | remain: 1h 10m 13s
✅ 已保存 3 张对抗图像

[补丁训练 Step 17500] 对抗损失: 0.491401 | 背景损失: 1.369685 | 总损失: 0.628370 | 相似度: 0.508599 | used: 1h 37m 32s | remain: 1h 9m 40s
✅ 已保存 3 张对抗图像

[补丁训练 Step 17600] 对抗损失: 0.490266 | 背景损失: 1.369605 | 总损失: 0.627227 | 相似度: 0.509734 | used: 1h 38m 5s | remain: 1h 9m 6s
✅ 已保存 3 张对抗图像

[补丁训练 Step 17700] 对抗损失: 0.490623 | 背景损失: 1.369526 | 总损失: 0.627576 | 相似度: 0.509377 | used: 1h 38m 39s | remain: 1h 8m 33s
✅ 已保存 3 张对抗图像

[补丁训练 Step 17800] 对抗损失: 0.489859 | 背景损失: 1.369446 | 总损失: 0.626804 | 相似度: 0.510141 | used: 1h 39m 13s | remain: 1h 8m 0s
✅ 已保存 3 张对抗图像

[补丁训练 Step 17900] 对抗损失: 0.489472 | 背景损失: 1.369367 | 总损失: 0.626408 | 相似度: 0.510529 | used: 1h 39m 46s | remain: 1h 7m 26s
✅ 已保存 3 张对抗图像

[补丁训练 Step 18000] 对抗损失: 0.489610 | 背景损失: 1.369284 | 总损失: 0.626538 | 相似度: 0.510390 | used: 1h 40m 20s | remain: 1h 6m 53s
✅ 已保存 3 张对抗图像

[补丁训练 Step 18100] 对抗损失: 0.489519 | 背景损失: 1.369205 | 总损失: 0.626440 | 相似度: 0.510481 | used: 1h 40m 54s | remain: 1h 6m 20s
✅ 已保存 3 张对抗图像

[补丁训练 Step 18200] 对抗损失: 0.490848 | 背景损失: 1.369123 | 总损失: 0.627760 | 相似度: 0.509152 | used: 1h 41m 27s | remain: 1h 5m 47s
✅ 已保存 3 张对抗图像

[补丁训练 Step 18300] 对抗损失: 0.491832 | 背景损失: 1.369042 | 总损失: 0.628737 | 相似度: 0.508168 | used: 1h 42m 1s | remain: 1h 5m 13s
✅ 已保存 3 张对抗图像

[补丁训练 Step 18400] 对抗损失: 0.488595 | 背景损失: 1.368967 | 总损失: 0.625491 | 相似度: 0.511405 | used: 1h 42m 35s | remain: 1h 4m 40s
✅ 已保存 3 张对抗图像

[补丁训练 Step 18500] 对抗损失: 0.490979 | 背景损失: 1.368890 | 总损失: 0.627868 | 相似度: 0.509021 | used: 1h 43m 9s | remain: 1h 4m 7s
✅ 已保存 3 张对抗图像

[补丁训练 Step 18600] 对抗损失: 0.489372 | 背景损失: 1.368810 | 总损失: 0.626253 | 相似度: 0.510628 | used: 1h 43m 42s | remain: 1h 3m 33s
✅ 已保存 3 张对抗图像

[补丁训练 Step 18700] 对抗损失: 0.488386 | 背景损失: 1.368733 | 总损失: 0.625259 | 相似度: 0.511614 | used: 1h 44m 16s | remain: 1h 3m 0s
✅ 已保存 3 张对抗图像

[补丁训练 Step 18800] 对抗损失: 0.491825 | 背景损失: 1.368655 | 总损失: 0.628690 | 相似度: 0.508175 | used: 1h 44m 50s | remain: 1h 2m 27s
✅ 已保存 3 张对抗图像

[补丁训练 Step 18900] 对抗损失: 0.487836 | 背景损失: 1.368580 | 总损失: 0.624694 | 相似度: 0.512164 | used: 1h 45m 23s | remain: 1h 1m 54s
✅ 已保存 3 张对抗图像

[补丁训练 Step 19000] 对抗损失: 0.488499 | 背景损失: 1.368498 | 总损失: 0.625349 | 相似度: 0.511501 | used: 1h 45m 57s | remain: 1h 1m 20s
✅ 已保存 3 张对抗图像

[补丁训练 Step 19100] 对抗损失: 0.488072 | 背景损失: 1.368422 | 总损失: 0.624914 | 相似度: 0.511928 | used: 1h 46m 31s | remain: 1h 0m 47s
✅ 已保存 3 张对抗图像

[补丁训练 Step 19200] 对抗损失: 0.489800 | 背景损失: 1.368343 | 总损失: 0.626634 | 相似度: 0.510200 | used: 1h 47m 5s | remain: 1h 0m 14s
✅ 已保存 3 张对抗图像

[补丁训练 Step 19300] 对抗损失: 0.487250 | 背景损失: 1.368267 | 总损失: 0.624077 | 相似度: 0.512750 | used: 1h 47m 38s | remain: 0h 59m 40s
✅ 已保存 3 张对抗图像

[补丁训练 Step 19400] 对抗损失: 0.488816 | 背景损失: 1.368190 | 总损失: 0.625635 | 相似度: 0.511184 | used: 1h 48m 12s | remain: 0h 59m 7s
✅ 已保存 3 张对抗图像

[补丁训练 Step 19500] 对抗损失: 0.487064 | 背景损失: 1.368116 | 总损失: 0.623876 | 相似度: 0.512936 | used: 1h 48m 46s | remain: 0h 58m 34s
✅ 已保存 3 张对抗图像

[补丁训练 Step 19600] 对抗损失: 0.487546 | 背景损失: 1.368040 | 总损失: 0.624350 | 相似度: 0.512454 | used: 1h 49m 20s | remain: 0h 58m 1s
✅ 已保存 3 张对抗图像

[补丁训练 Step 19700] 对抗损失: 0.486256 | 背景损失: 1.367965 | 总损失: 0.623053 | 相似度: 0.513744 | used: 1h 49m 54s | remain: 0h 57m 27s
✅ 已保存 3 张对抗图像

[补丁训练 Step 19800] 对抗损失: 0.486209 | 背景损失: 1.367886 | 总损失: 0.622998 | 相似度: 0.513791 | used: 1h 50m 28s | remain: 0h 56m 54s
✅ 已保存 3 张对抗图像

[补丁训练 Step 19900] 对抗损失: 0.486176 | 背景损失: 1.367811 | 总损失: 0.622957 | 相似度: 0.513824 | used: 1h 51m 1s | remain: 0h 56m 21s
✅ 已保存 3 张对抗图像

[补丁训练 Step 20000] 对抗损失: 0.486184 | 背景损失: 1.367734 | 总损失: 0.622958 | 相似度: 0.513816 | used: 1h 51m 35s | remain: 0h 55m 47s
✅ 已保存 3 张对抗图像

[补丁训练 Step 20100] 对抗损失: 0.487180 | 背景损失: 1.367657 | 总损失: 0.623946 | 相似度: 0.512820 | used: 1h 52m 9s | remain: 0h 55m 14s
✅ 已保存 3 张对抗图像

[补丁训练 Step 20200] 对抗损失: 0.486461 | 背景损失: 1.367580 | 总损失: 0.623220 | 相似度: 0.513539 | used: 1h 52m 43s | remain: 0h 54m 41s
✅ 已保存 3 张对抗图像

[补丁训练 Step 20300] 对抗损失: 0.489725 | 背景损失: 1.367500 | 总损失: 0.626475 | 相似度: 0.510275 | used: 1h 53m 17s | remain: 0h 54m 7s
✅ 已保存 3 张对抗图像

[补丁训练 Step 20400] 对抗损失: 0.486551 | 背景损失: 1.367429 | 总损失: 0.623294 | 相似度: 0.513449 | used: 1h 53m 51s | remain: 0h 53m 34s
✅ 已保存 3 张对抗图像

[补丁训练 Step 20500] 对抗损失: 0.484931 | 背景损失: 1.367354 | 总损失: 0.621666 | 相似度: 0.515069 | used: 1h 54m 24s | remain: 0h 53m 1s
✅ 已保存 3 张对抗图像

[补丁训练 Step 20600] 对抗损失: 0.486004 | 背景损失: 1.367277 | 总损失: 0.622732 | 相似度: 0.513996 | used: 1h 54m 58s | remain: 0h 52m 27s
✅ 已保存 3 张对抗图像

[补丁训练 Step 20700] 对抗损失: 0.485160 | 背景损失: 1.367201 | 总损失: 0.621880 | 相似度: 0.514840 | used: 1h 55m 31s | remain: 0h 51m 54s
✅ 已保存 3 张对抗图像

[补丁训练 Step 20800] 对抗损失: 0.485861 | 背景损失: 1.367126 | 总损失: 0.622574 | 相似度: 0.514139 | used: 1h 56m 4s | remain: 0h 51m 20s
✅ 已保存 3 张对抗图像

[补丁训练 Step 20900] 对抗损失: 0.484931 | 背景损失: 1.367049 | 总损失: 0.621636 | 相似度: 0.515069 | used: 1h 56m 37s | remain: 0h 50m 46s
✅ 已保存 3 张对抗图像

[补丁训练 Step 21000] 对抗损失: 0.485681 | 背景损失: 1.366973 | 总损失: 0.622378 | 相似度: 0.514319 | used: 1h 57m 11s | remain: 0h 50m 13s
✅ 已保存 3 张对抗图像

[补丁训练 Step 21100] 对抗损失: 0.485697 | 背景损失: 1.366899 | 总损失: 0.622387 | 相似度: 0.514303 | used: 1h 57m 44s | remain: 0h 49m 39s
✅ 已保存 3 张对抗图像

[补丁训练 Step 21200] 对抗损失: 0.483792 | 背景损失: 1.366825 | 总损失: 0.620474 | 相似度: 0.516209 | used: 1h 58m 18s | remain: 0h 49m 6s
✅ 已保存 3 张对抗图像

[补丁训练 Step 21300] 对抗损失: 0.485298 | 背景损失: 1.366750 | 总损失: 0.621973 | 相似度: 0.514702 | used: 1h 58m 51s | remain: 0h 48m 32s
✅ 已保存 3 张对抗图像

[补丁训练 Step 21400] 对抗损失: 0.483655 | 背景损失: 1.366675 | 总损失: 0.620322 | 相似度: 0.516345 | used: 1h 59m 24s | remain: 0h 47m 59s
✅ 已保存 3 张对抗图像

[补丁训练 Step 21500] 对抗损失: 0.483722 | 背景损失: 1.366598 | 总损失: 0.620382 | 相似度: 0.516278 | used: 1h 59m 58s | remain: 0h 47m 25s
✅ 已保存 3 张对抗图像

[补丁训练 Step 21600] 对抗损失: 0.483730 | 背景损失: 1.366522 | 总损失: 0.620382 | 相似度: 0.516270 | used: 2h 0m 31s | remain: 0h 46m 52s
✅ 已保存 3 张对抗图像

[补丁训练 Step 21700] 对抗损失: 0.485122 | 背景损失: 1.366449 | 总损失: 0.621767 | 相似度: 0.514878 | used: 2h 1m 5s | remain: 0h 46m 18s
✅ 已保存 3 张对抗图像

[补丁训练 Step 21800] 对抗损失: 0.484488 | 背景损失: 1.366372 | 总损失: 0.621125 | 相似度: 0.515512 | used: 2h 1m 38s | remain: 0h 45m 45s
✅ 已保存 3 张对抗图像

[补丁训练 Step 21900] 对抗损失: 0.483711 | 背景损失: 1.366299 | 总损失: 0.620341 | 相似度: 0.516289 | used: 2h 2m 12s | remain: 0h 45m 11s
✅ 已保存 3 张对抗图像

[补丁训练 Step 22000] 对抗损失: 0.482926 | 背景损失: 1.366225 | 总损失: 0.619549 | 相似度: 0.517074 | used: 2h 2m 45s | remain: 0h 44m 38s
✅ 已保存 3 张对抗图像

[补丁训练 Step 22100] 对抗损失: 0.482428 | 背景损失: 1.366152 | 总损失: 0.619043 | 相似度: 0.517572 | used: 2h 3m 18s | remain: 0h 44m 4s
✅ 已保存 3 张对抗图像

[补丁训练 Step 22200] 对抗损失: 0.482137 | 背景损失: 1.366079 | 总损失: 0.618745 | 相似度: 0.517863 | used: 2h 3m 52s | remain: 0h 43m 31s
✅ 已保存 3 张对抗图像

[补丁训练 Step 22300] 对抗损失: 0.482596 | 背景损失: 1.366006 | 总损失: 0.619197 | 相似度: 0.517404 | used: 2h 4m 25s | remain: 0h 42m 57s
✅ 已保存 3 张对抗图像

[补丁训练 Step 22400] 对抗损失: 0.482383 | 背景损失: 1.365934 | 总损失: 0.618977 | 相似度: 0.517617 | used: 2h 4m 59s | remain: 0h 42m 24s
✅ 已保存 3 张对抗图像

[补丁训练 Step 22500] 对抗损失: 0.483291 | 背景损失: 1.365855 | 总损失: 0.619876 | 相似度: 0.516709 | used: 2h 5m 32s | remain: 0h 41m 50s
✅ 已保存 3 张对抗图像

[补丁训练 Step 22600] 对抗损失: 0.481675 | 背景损失: 1.365787 | 总损失: 0.618253 | 相似度: 0.518325 | used: 2h 6m 6s | remain: 0h 41m 17s
✅ 已保存 3 张对抗图像

[补丁训练 Step 22700] 对抗损失: 0.481209 | 背景损失: 1.365717 | 总损失: 0.617781 | 相似度: 0.518791 | used: 2h 6m 39s | remain: 0h 40m 43s
✅ 已保存 3 张对抗图像

[补丁训练 Step 22800] 对抗损失: 0.481737 | 背景损失: 1.365641 | 总损失: 0.618301 | 相似度: 0.518263 | used: 2h 7m 13s | remain: 0h 40m 10s
✅ 已保存 3 张对抗图像

[补丁训练 Step 22900] 对抗损失: 0.482809 | 背景损失: 1.365571 | 总损失: 0.619366 | 相似度: 0.517191 | used: 2h 7m 46s | remain: 0h 39m 37s
✅ 已保存 3 张对抗图像

[补丁训练 Step 23000] 对抗损失: 0.482764 | 背景损失: 1.365497 | 总损失: 0.619313 | 相似度: 0.517236 | used: 2h 8m 20s | remain: 0h 39m 3s
✅ 已保存 3 张对抗图像

[补丁训练 Step 23100] 对抗损失: 0.482172 | 背景损失: 1.365423 | 总损失: 0.618714 | 相似度: 0.517828 | used: 2h 8m 53s | remain: 0h 38m 30s
✅ 已保存 3 张对抗图像

[补丁训练 Step 23200] 对抗损失: 0.481588 | 背景损失: 1.365351 | 总损失: 0.618123 | 相似度: 0.518412 | used: 2h 9m 27s | remain: 0h 37m 56s
✅ 已保存 3 张对抗图像

[补丁训练 Step 23300] 对抗损失: 0.481386 | 背景损失: 1.365281 | 总损失: 0.617914 | 相似度: 0.518614 | used: 2h 10m 0s | remain: 0h 37m 23s
✅ 已保存 3 张对抗图像

[补丁训练 Step 23400] 对抗损失: 0.480419 | 背景损失: 1.365210 | 总损失: 0.616940 | 相似度: 0.519581 | used: 2h 10m 34s | remain: 0h 36m 49s
✅ 已保存 3 张对抗图像

[补丁训练 Step 23500] 对抗损失: 0.481227 | 背景损失: 1.365136 | 总损失: 0.617741 | 相似度: 0.518773 | used: 2h 11m 8s | remain: 0h 36m 16s
✅ 已保存 3 张对抗图像

[补丁训练 Step 23600] 对抗损失: 0.483053 | 背景损失: 1.365064 | 总损失: 0.619559 | 相似度: 0.516947 | used: 2h 11m 41s | remain: 0h 35m 42s
✅ 已保存 3 张对抗图像

[补丁训练 Step 23700] 对抗损失: 0.480337 | 背景损失: 1.364991 | 总损失: 0.616836 | 相似度: 0.519663 | used: 2h 12m 15s | remain: 0h 35m 9s
✅ 已保存 3 张对抗图像

[补丁训练 Step 23800] 对抗损失: 0.481613 | 背景损失: 1.364918 | 总损失: 0.618105 | 相似度: 0.518387 | used: 2h 12m 48s | remain: 0h 34m 35s
✅ 已保存 3 张对抗图像

[补丁训练 Step 23900] 对抗损失: 0.481459 | 背景损失: 1.364845 | 总损失: 0.617944 | 相似度: 0.518541 | used: 2h 13m 22s | remain: 0h 34m 2s
✅ 已保存 3 张对抗图像

[补丁训练 Step 24000] 对抗损失: 0.481314 | 背景损失: 1.364774 | 总损失: 0.617791 | 相似度: 0.518686 | used: 2h 13m 56s | remain: 0h 33m 29s
✅ 已保存 3 张对抗图像

[补丁训练 Step 24100] 对抗损失: 0.480343 | 背景损失: 1.364701 | 总损失: 0.616813 | 相似度: 0.519657 | used: 2h 14m 29s | remain: 0h 32m 55s
✅ 已保存 3 张对抗图像

[补丁训练 Step 24200] 对抗损失: 0.479648 | 背景损失: 1.364630 | 总损失: 0.616111 | 相似度: 0.520352 | used: 2h 15m 3s | remain: 0h 32m 22s
✅ 已保存 3 张对抗图像

[补丁训练 Step 24300] 对抗损失: 0.479027 | 背景损失: 1.364559 | 总损失: 0.615483 | 相似度: 0.520973 | used: 2h 15m 36s | remain: 0h 31m 48s
✅ 已保存 3 张对抗图像

[补丁训练 Step 24400] 对抗损失: 0.480351 | 背景损失: 1.364486 | 总损失: 0.616799 | 相似度: 0.519649 | used: 2h 16m 10s | remain: 0h 31m 15s
✅ 已保存 3 张对抗图像

[补丁训练 Step 24500] 对抗损失: 0.478833 | 背景损失: 1.364415 | 总损失: 0.615275 | 相似度: 0.521167 | used: 2h 16m 44s | remain: 0h 30m 41s
✅ 已保存 3 张对抗图像

[补丁训练 Step 24600] 对抗损失: 0.478810 | 背景损失: 1.364344 | 总损失: 0.615245 | 相似度: 0.521190 | used: 2h 17m 18s | remain: 0h 30m 8s
✅ 已保存 3 张对抗图像

[补丁训练 Step 24700] 对抗损失: 0.478471 | 背景损失: 1.364271 | 总损失: 0.614898 | 相似度: 0.521529 | used: 2h 17m 51s | remain: 0h 29m 34s
✅ 已保存 3 张对抗图像

[补丁训练 Step 24800] 对抗损失: 0.480487 | 背景损失: 1.364197 | 总损失: 0.616907 | 相似度: 0.519513 | used: 2h 18m 25s | remain: 0h 29m 1s
✅ 已保存 3 张对抗图像

[补丁训练 Step 24900] 对抗损失: 0.479833 | 背景损失: 1.364124 | 总损失: 0.616246 | 相似度: 0.520167 | used: 2h 18m 59s | remain: 0h 28m 28s
✅ 已保存 3 张对抗图像

[补丁训练 Step 25000] 对抗损失: 0.478869 | 背景损失: 1.364051 | 总损失: 0.615274 | 相似度: 0.521131 | used: 2h 19m 33s | remain: 0h 27m 54s
✅ 已保存 3 张对抗图像

[补丁训练 Step 25100] 对抗损失: 0.479150 | 背景损失: 1.363979 | 总损失: 0.615547 | 相似度: 0.520850 | used: 2h 20m 7s | remain: 0h 27m 21s
✅ 已保存 3 张对抗图像

[补丁训练 Step 25200] 对抗损失: 0.477721 | 背景损失: 1.363906 | 总损失: 0.614112 | 相似度: 0.522279 | used: 2h 20m 41s | remain: 0h 26m 47s
✅ 已保存 3 张对抗图像

[补丁训练 Step 25300] 对抗损失: 0.477813 | 背景损失: 1.363834 | 总损失: 0.614196 | 相似度: 0.522187 | used: 2h 21m 14s | remain: 0h 26m 14s
✅ 已保存 3 张对抗图像

[补丁训练 Step 25400] 对抗损失: 0.477500 | 背景损失: 1.363765 | 总损失: 0.613877 | 相似度: 0.522500 | used: 2h 21m 48s | remain: 0h 25m 40s
✅ 已保存 3 张对抗图像

[补丁训练 Step 25500] 对抗损失: 0.479709 | 背景损失: 1.363696 | 总损失: 0.616079 | 相似度: 0.520291 | used: 2h 22m 22s | remain: 0h 25m 7s
✅ 已保存 3 张对抗图像

[补丁训练 Step 25600] 对抗损失: 0.477354 | 背景损失: 1.363626 | 总损失: 0.613717 | 相似度: 0.522646 | used: 2h 22m 56s | remain: 0h 24m 34s
✅ 已保存 3 张对抗图像

[补丁训练 Step 25700] 对抗损失: 0.477004 | 背景损失: 1.363555 | 总损失: 0.613360 | 相似度: 0.522996 | used: 2h 23m 30s | remain: 0h 24m 0s
✅ 已保存 3 张对抗图像

[补丁训练 Step 25800] 对抗损失: 0.477002 | 背景损失: 1.363485 | 总损失: 0.613351 | 相似度: 0.522998 | used: 2h 24m 4s | remain: 0h 23m 27s
✅ 已保存 3 张对抗图像

[补丁训练 Step 25900] 对抗损失: 0.478012 | 背景损失: 1.363414 | 总损失: 0.614354 | 相似度: 0.521988 | used: 2h 24m 38s | remain: 0h 22m 53s
✅ 已保存 3 张对抗图像

[补丁训练 Step 26000] 对抗损失: 0.477209 | 背景损失: 1.363341 | 总损失: 0.613543 | 相似度: 0.522791 | used: 2h 25m 12s | remain: 0h 22m 20s
✅ 已保存 3 张对抗图像

[补丁训练 Step 26100] 对抗损失: 0.476769 | 背景损失: 1.363270 | 总损失: 0.613096 | 相似度: 0.523231 | used: 2h 25m 45s | remain: 0h 21m 46s
✅ 已保存 3 张对抗图像

[补丁训练 Step 26200] 对抗损失: 0.477120 | 背景损失: 1.363197 | 总损失: 0.613439 | 相似度: 0.522880 | used: 2h 26m 19s | remain: 0h 21m 13s
✅ 已保存 3 张对抗图像

[补丁训练 Step 26300] 对抗损失: 0.476803 | 背景损失: 1.363125 | 总损失: 0.613115 | 相似度: 0.523197 | used: 2h 26m 53s | remain: 0h 20m 39s
✅ 已保存 3 张对抗图像

[补丁训练 Step 26400] 对抗损失: 0.477138 | 背景损失: 1.363054 | 总损失: 0.613444 | 相似度: 0.522862 | used: 2h 27m 26s | remain: 0h 20m 6s
✅ 已保存 3 张对抗图像

[补丁训练 Step 26500] 对抗损失: 0.476645 | 背景损失: 1.362983 | 总损失: 0.612943 | 相似度: 0.523355 | used: 2h 28m 1s | remain: 0h 19m 32s
✅ 已保存 3 张对抗图像

[补丁训练 Step 26600] 对抗损失: 0.476237 | 背景损失: 1.362912 | 总损失: 0.612529 | 相似度: 0.523763 | used: 2h 28m 34s | remain: 0h 18m 59s
✅ 已保存 3 张对抗图像

[补丁训练 Step 26700] 对抗损失: 0.476616 | 背景损失: 1.362841 | 总损失: 0.612900 | 相似度: 0.523384 | used: 2h 29m 10s | remain: 0h 18m 26s
✅ 已保存 3 张对抗图像

[补丁训练 Step 26800] 对抗损失: 0.475825 | 背景损失: 1.362769 | 总损失: 0.612102 | 相似度: 0.524175 | used: 2h 29m 44s | remain: 0h 17m 52s
✅ 已保存 3 张对抗图像

[补丁训练 Step 26900] 对抗损失: 0.476160 | 背景损失: 1.362697 | 总损失: 0.612430 | 相似度: 0.523840 | used: 2h 30m 17s | remain: 0h 17m 19s
✅ 已保存 3 张对抗图像

[补丁训练 Step 27000] 对抗损失: 0.475608 | 背景损失: 1.362625 | 总损失: 0.611871 | 相似度: 0.524392 | used: 2h 30m 51s | remain: 0h 16m 45s
✅ 已保存 3 张对抗图像

[补丁训练 Step 27100] 对抗损失: 0.475581 | 背景损失: 1.362553 | 总损失: 0.611837 | 相似度: 0.524419 | used: 2h 31m 25s | remain: 0h 16m 12s
✅ 已保存 3 张对抗图像

[补丁训练 Step 27200] 对抗损失: 0.475648 | 背景损失: 1.362484 | 总损失: 0.611896 | 相似度: 0.524352 | used: 2h 31m 59s | remain: 0h 15m 38s
✅ 已保存 3 张对抗图像

[补丁训练 Step 27300] 对抗损失: 0.475748 | 背景损失: 1.362414 | 总损失: 0.611990 | 相似度: 0.524252 | used: 2h 32m 33s | remain: 0h 15m 5s
✅ 已保存 3 张对抗图像

[补丁训练 Step 27400] 对抗损失: 0.475424 | 背景损失: 1.362342 | 总损失: 0.611658 | 相似度: 0.524576 | used: 2h 33m 7s | remain: 0h 14m 31s
✅ 已保存 3 张对抗图像

[补丁训练 Step 27500] 对抗损失: 0.475017 | 背景损失: 1.362273 | 总损失: 0.611244 | 相似度: 0.524983 | used: 2h 33m 40s | remain: 0h 13m 58s
✅ 已保存 3 张对抗图像

[补丁训练 Step 27600] 对抗损失: 0.475410 | 背景损失: 1.362202 | 总损失: 0.611630 | 相似度: 0.524590 | used: 2h 34m 14s | remain: 0h 13m 24s
✅ 已保存 3 张对抗图像

[补丁训练 Step 27700] 对抗损失: 0.474735 | 背景损失: 1.362132 | 总损失: 0.610949 | 相似度: 0.525265 | used: 2h 34m 48s | remain: 0h 12m 51s
✅ 已保存 3 张对抗图像

[补丁训练 Step 27800] 对抗损失: 0.475802 | 背景损失: 1.362063 | 总损失: 0.612009 | 相似度: 0.524198 | used: 2h 35m 22s | remain: 0h 12m 17s
✅ 已保存 3 张对抗图像

[补丁训练 Step 27900] 对抗损失: 0.478381 | 背景损失: 1.361988 | 总损失: 0.614579 | 相似度: 0.521619 | used: 2h 35m 56s | remain: 0h 11m 44s
✅ 已保存 3 张对抗图像

[补丁训练 Step 28000] 对抗损失: 0.474447 | 背景损失: 1.361920 | 总损失: 0.610639 | 相似度: 0.525553 | used: 2h 36m 30s | remain: 0h 11m 10s
✅ 已保存 3 张对抗图像

[补丁训练 Step 28100] 对抗损失: 0.476069 | 背景损失: 1.361846 | 总损失: 0.612253 | 相似度: 0.523931 | used: 2h 37m 3s | remain: 0h 10m 37s
✅ 已保存 3 张对抗图像

[补丁训练 Step 28200] 对抗损失: 0.475898 | 背景损失: 1.361779 | 总损失: 0.612076 | 相似度: 0.524102 | used: 2h 37m 37s | remain: 0h 10m 3s
✅ 已保存 3 张对抗图像

[补丁训练 Step 28300] 对抗损失: 0.474631 | 背景损失: 1.361710 | 总损失: 0.610802 | 相似度: 0.525369 | used: 2h 38m 11s | remain: 0h 9m 30s
✅ 已保存 3 张对抗图像

[补丁训练 Step 28400] 对抗损失: 0.474917 | 背景损失: 1.361641 | 总损失: 0.611081 | 相似度: 0.525083 | used: 2h 38m 45s | remain: 0h 8m 56s
✅ 已保存 3 张对抗图像

[补丁训练 Step 28500] 对抗损失: 0.473852 | 背景损失: 1.361572 | 总损失: 0.610009 | 相似度: 0.526148 | used: 2h 39m 19s | remain: 0h 8m 23s
✅ 已保存 3 张对抗图像

[补丁训练 Step 28600] 对抗损失: 0.474000 | 背景损失: 1.361504 | 总损失: 0.610151 | 相似度: 0.526000 | used: 2h 39m 52s | remain: 0h 7m 49s
✅ 已保存 3 张对抗图像

[补丁训练 Step 28700] 对抗损失: 0.473556 | 背景损失: 1.361432 | 总损失: 0.609699 | 相似度: 0.526444 | used: 2h 40m 26s | remain: 0h 7m 16s
✅ 已保存 3 张对抗图像

[补丁训练 Step 28800] 对抗损失: 0.474422 | 背景损失: 1.361364 | 总损失: 0.610559 | 相似度: 0.525578 | used: 2h 41m 0s | remain: 0h 6m 42s
✅ 已保存 3 张对抗图像

[补丁训练 Step 28900] 对抗损失: 0.473998 | 背景损失: 1.361293 | 总损失: 0.610127 | 相似度: 0.526002 | used: 2h 41m 34s | remain: 0h 6m 9s
✅ 已保存 3 张对抗图像

[补丁训练 Step 29000] 对抗损失: 0.473285 | 背景损失: 1.361224 | 总损失: 0.609407 | 相似度: 0.526716 | used: 2h 42m 8s | remain: 0h 5m 35s
✅ 已保存 3 张对抗图像

[补丁训练 Step 29100] 对抗损失: 0.474997 | 背景损失: 1.361156 | 总损失: 0.611113 | 相似度: 0.525003 | used: 2h 42m 42s | remain: 0h 5m 1s
✅ 已保存 3 张对抗图像

[补丁训练 Step 29200] 对抗损失: 0.473704 | 背景损失: 1.361089 | 总损失: 0.609813 | 相似度: 0.526296 | used: 2h 43m 16s | remain: 0h 4m 28s
✅ 已保存 3 张对抗图像

[补丁训练 Step 29300] 对抗损失: 0.474398 | 背景损失: 1.361018 | 总损失: 0.610500 | 相似度: 0.525602 | used: 2h 43m 50s | remain: 0h 3m 54s
✅ 已保存 3 张对抗图像

[补丁训练 Step 29400] 对抗损失: 0.473914 | 背景损失: 1.360950 | 总损失: 0.610009 | 相似度: 0.526086 | used: 2h 44m 24s | remain: 0h 3m 21s
✅ 已保存 3 张对抗图像

[补丁训练 Step 29500] 对抗损失: 0.472997 | 背景损失: 1.360881 | 总损失: 0.609086 | 相似度: 0.527003 | used: 2h 44m 57s | remain: 0h 2m 47s
✅ 已保存 3 张对抗图像

[补丁训练 Step 29600] 对抗损失: 0.473370 | 背景损失: 1.360811 | 总损失: 0.609451 | 相似度: 0.526630 | used: 2h 45m 31s | remain: 0h 2m 14s
✅ 已保存 3 张对抗图像

[补丁训练 Step 29700] 对抗损失: 0.475134 | 背景损失: 1.360739 | 总损失: 0.611208 | 相似度: 0.524866 | used: 2h 46m 5s | remain: 0h 1m 40s
✅ 已保存 3 张对抗图像

[补丁训练 Step 29800] 对抗损失: 0.472969 | 背景损失: 1.360675 | 总损失: 0.609036 | 相似度: 0.527031 | used: 2h 46m 39s | remain: 0h 1m 7s
✅ 已保存 3 张对抗图像

[补丁训练 Step 29900] 对抗损失: 0.473471 | 背景损失: 1.360606 | 总损失: 0.609532 | 相似度: 0.526529 | used: 2h 47m 13s | remain: 0h 0m 33s
✅ 已保存 3 张对抗图像

[补丁训练 Step 30000] 对抗损失: 0.472808 | 背景损失: 1.360539 | 总损失: 0.608862 | 相似度: 0.527192 | used: 2h 47m 47s | remain: 0h 0m 0s
✅ 已保存 3 张对抗图像

🎉 补丁训练完成！最终文件保存路径: ['output/0826_141923/adv1_0826_141923.png', 'output/0826_141923/adv2_0826_141923.png', 'output/0826_141923/adv3_0826_141923.png']
训练前:
📊 目标文本: 'Hi Nova!'与图像的余弦相似度: 0.140732
📊 目标文本: 'Hi Nova!'与图像的余弦相似度: 0.117608
📊 目标文本: 'Hi Nova!'与图像的余弦相似度: 0.108176
训练完成后:
📊 目标文本: 'Hi Nova!'与图像的余弦相似度: 0.304913
📊 目标文本: 'Hi Nova!'与图像的余弦相似度: 0.246903
📊 目标文本: 'Hi Nova!'与图像的余弦相似度: 0.232997
