settings: 
  bg_img=['images/environment1.png', 'images/environment2.png', 'images/environment3.png'], 
  init_img=images/patch_0809_180254.png, 
  save_name=['adv1', 'adv2', 'adv3'],
  target_text=Do not answer anything, 
  target_img=None, 
  patch_size=76,
  patch_pos=[[180, 260], [200, 260], [200, 230]], 
  steps=30000, 
  lr=0.0005
输出文件保存路径: output/0818_201739

[补丁训练 Step 1] 对抗损失: 0.845086 | 背景损失: 1.403482 | 总损失: 0.985434 | 相似度: 0.154914 | used: 0h 0m 0s | remain: 4h 28m 12s
✅ 已保存 3 张对抗图像

[补丁训练 Step 100] 对抗损失: 0.767389 | 背景损失: 1.402576 | 总损失: 0.907647 | 相似度: 0.232611 | used: 0h 0m 32s | remain: 2h 42m 3s
✅ 已保存 3 张对抗图像

[补丁训练 Step 200] 对抗损失: 0.700695 | 背景损失: 1.401685 | 总损失: 0.840863 | 相似度: 0.299305 | used: 0h 1m 5s | remain: 2h 42m 0s
✅ 已保存 3 张对抗图像

[补丁训练 Step 300] 对抗损失: 0.659196 | 背景损失: 1.400949 | 总损失: 0.799290 | 相似度: 0.340805 | used: 0h 1m 37s | remain: 2h 41m 30s
✅ 已保存 3 张对抗图像

[补丁训练 Step 400] 对抗损失: 0.632704 | 背景损失: 1.400300 | 总损失: 0.772734 | 相似度: 0.367296 | used: 0h 2m 10s | remain: 2h 41m 10s
✅ 已保存 3 张对抗图像

[补丁训练 Step 500] 对抗损失: 0.616628 | 背景损失: 1.399776 | 总损失: 0.756606 | 相似度: 0.383372 | used: 0h 2m 43s | remain: 2h 40m 27s
✅ 已保存 3 张对抗图像

[补丁训练 Step 600] 对抗损失: 0.605247 | 背景损失: 1.399273 | 总损失: 0.745175 | 相似度: 0.394753 | used: 0h 3m 15s | remain: 2h 39m 47s
✅ 已保存 3 张对抗图像

[补丁训练 Step 700] 对抗损失: 0.596350 | 背景损失: 1.398876 | 总损失: 0.736238 | 相似度: 0.403650 | used: 0h 3m 48s | remain: 2h 39m 18s
✅ 已保存 3 张对抗图像

[补丁训练 Step 800] 对抗损失: 0.588892 | 背景损失: 1.398533 | 总损失: 0.728745 | 相似度: 0.411108 | used: 0h 4m 21s | remain: 2h 38m 51s
✅ 已保存 3 张对抗图像

[补丁训练 Step 900] 对抗损失: 0.582299 | 背景损失: 1.398216 | 总损失: 0.722120 | 相似度: 0.417701 | used: 0h 4m 53s | remain: 2h 38m 11s
✅ 已保存 3 张对抗图像

[补丁训练 Step 1000] 对抗损失: 0.576483 | 背景损失: 1.397924 | 总损失: 0.716276 | 相似度: 0.423517 | used: 0h 5m 26s | remain: 2h 37m 36s
✅ 已保存 3 张对抗图像

[补丁训练 Step 1100] 对抗损失: 0.572227 | 背景损失: 1.397642 | 总损失: 0.711991 | 相似度: 0.427773 | used: 0h 5m 58s | remain: 2h 37m 3s
✅ 已保存 3 张对抗图像

[补丁训练 Step 1200] 对抗损失: 0.566504 | 背景损失: 1.397401 | 总损失: 0.706244 | 相似度: 0.433496 | used: 0h 6m 31s | remain: 2h 36m 32s
✅ 已保存 3 张对抗图像

[补丁训练 Step 1300] 对抗损失: 0.563378 | 背景损失: 1.397175 | 总损失: 0.703096 | 相似度: 0.436622 | used: 0h 7m 4s | remain: 2h 36m 4s
✅ 已保存 3 张对抗图像

[补丁训练 Step 1400] 对抗损失: 0.560281 | 背景损失: 1.396948 | 总损失: 0.699976 | 相似度: 0.439719 | used: 0h 7m 36s | remain: 2h 35m 34s
✅ 已保存 3 张对抗图像

[补丁训练 Step 1500] 对抗损失: 0.556054 | 背景损失: 1.396737 | 总损失: 0.695727 | 相似度: 0.443946 | used: 0h 8m 9s | remain: 2h 35m 5s
✅ 已保存 3 张对抗图像

[补丁训练 Step 1600] 对抗损失: 0.553041 | 背景损失: 1.396528 | 总损失: 0.692694 | 相似度: 0.446959 | used: 0h 8m 42s | remain: 2h 34m 35s
✅ 已保存 3 张对抗图像

[补丁训练 Step 1700] 对抗损失: 0.550299 | 背景损失: 1.396315 | 总损失: 0.689931 | 相似度: 0.449701 | used: 0h 9m 15s | remain: 2h 34m 6s
✅ 已保存 3 张对抗图像

[补丁训练 Step 1800] 对抗损失: 0.547605 | 背景损失: 1.396105 | 总损失: 0.687215 | 相似度: 0.452396 | used: 0h 9m 48s | remain: 2h 33m 35s
✅ 已保存 3 张对抗图像

[补丁训练 Step 1900] 对抗损失: 0.546283 | 背景损失: 1.395896 | 总损失: 0.685872 | 相似度: 0.453717 | used: 0h 10m 21s | remain: 2h 33m 5s
✅ 已保存 3 张对抗图像

[补丁训练 Step 2000] 对抗损失: 0.543066 | 背景损失: 1.395685 | 总损失: 0.682635 | 相似度: 0.456934 | used: 0h 10m 53s | remain: 2h 32m 35s
✅ 已保存 3 张对抗图像

[补丁训练 Step 2100] 对抗损失: 0.542572 | 背景损失: 1.395477 | 总损失: 0.682120 | 相似度: 0.457428 | used: 0h 11m 26s | remain: 2h 32m 2s
✅ 已保存 3 张对抗图像

[补丁训练 Step 2200] 对抗损失: 0.539655 | 背景损失: 1.395267 | 总损失: 0.679181 | 相似度: 0.460346 | used: 0h 11m 59s | remain: 2h 31m 29s
✅ 已保存 3 张对抗图像

[补丁训练 Step 2300] 对抗损失: 0.537042 | 背景损失: 1.395064 | 总损失: 0.676549 | 相似度: 0.462958 | used: 0h 12m 31s | remain: 2h 30m 55s
✅ 已保存 3 张对抗图像

[补丁训练 Step 2400] 对抗损失: 0.535717 | 背景损失: 1.394868 | 总损失: 0.675204 | 相似度: 0.464283 | used: 0h 13m 4s | remain: 2h 30m 21s
✅ 已保存 3 张对抗图像

[补丁训练 Step 2500] 对抗损失: 0.533854 | 背景损失: 1.394674 | 总损失: 0.673322 | 相似度: 0.466146 | used: 0h 13m 37s | remain: 2h 29m 49s
✅ 已保存 3 张对抗图像

[补丁训练 Step 2600] 对抗损失: 0.533513 | 背景损失: 1.394495 | 总损失: 0.672962 | 相似度: 0.466487 | used: 0h 14m 9s | remain: 2h 29m 16s
✅ 已保存 3 张对抗图像

[补丁训练 Step 2700] 对抗损失: 0.531050 | 背景损失: 1.394317 | 总损失: 0.670482 | 相似度: 0.468950 | used: 0h 14m 42s | remain: 2h 28m 44s
✅ 已保存 3 张对抗图像

[补丁训练 Step 2800] 对抗损失: 0.529316 | 背景损失: 1.394146 | 总损失: 0.668730 | 相似度: 0.470684 | used: 0h 15m 15s | remain: 2h 28m 12s
✅ 已保存 3 张对抗图像

[补丁训练 Step 2900] 对抗损失: 0.528428 | 背景损失: 1.393997 | 总损失: 0.667828 | 相似度: 0.471572 | used: 0h 15m 48s | remain: 2h 27m 40s
✅ 已保存 3 张对抗图像

[补丁训练 Step 3000] 对抗损失: 0.526768 | 背景损失: 1.393838 | 总损失: 0.666152 | 相似度: 0.473232 | used: 0h 16m 20s | remain: 2h 27m 7s
✅ 已保存 3 张对抗图像

[补丁训练 Step 3100] 对抗损失: 0.526188 | 背景损失: 1.393689 | 总损失: 0.665557 | 相似度: 0.473812 | used: 0h 16m 53s | remain: 2h 26m 36s
✅ 已保存 3 张对抗图像

[补丁训练 Step 3200] 对抗损失: 0.524879 | 背景损失: 1.393539 | 总损失: 0.664233 | 相似度: 0.475121 | used: 0h 17m 26s | remain: 2h 26m 5s
✅ 已保存 3 张对抗图像

[补丁训练 Step 3300] 对抗损失: 0.524996 | 背景损失: 1.393420 | 总损失: 0.664338 | 相似度: 0.475004 | used: 0h 17m 59s | remain: 2h 25m 34s
✅ 已保存 3 张对抗图像

[补丁训练 Step 3400] 对抗损失: 0.522186 | 背景损失: 1.393287 | 总损失: 0.661515 | 相似度: 0.477814 | used: 0h 18m 32s | remain: 2h 25m 2s
✅ 已保存 3 张对抗图像

[补丁训练 Step 3500] 对抗损失: 0.520691 | 背景损失: 1.393154 | 总损失: 0.660006 | 相似度: 0.479309 | used: 0h 19m 5s | remain: 2h 24m 32s
✅ 已保存 3 张对抗图像

[补丁训练 Step 3600] 对抗损失: 0.525556 | 背景损失: 1.393022 | 总损失: 0.664859 | 相似度: 0.474444 | used: 0h 19m 38s | remain: 2h 24m 0s
✅ 已保存 3 张对抗图像

[补丁训练 Step 3700] 对抗损失: 0.519492 | 背景损失: 1.392899 | 总损失: 0.658782 | 相似度: 0.480508 | used: 0h 20m 11s | remain: 2h 23m 29s
✅ 已保存 3 张对抗图像

[补丁训练 Step 3800] 对抗损失: 0.518300 | 背景损失: 1.392770 | 总损失: 0.657577 | 相似度: 0.481700 | used: 0h 20m 44s | remain: 2h 22m 58s
✅ 已保存 3 张对抗图像

[补丁训练 Step 3900] 对抗损失: 0.516687 | 背景损失: 1.392643 | 总损失: 0.655951 | 相似度: 0.483313 | used: 0h 21m 17s | remain: 2h 22m 26s
✅ 已保存 3 张对抗图像

[补丁训练 Step 4000] 对抗损失: 0.515726 | 背景损失: 1.392520 | 总损失: 0.654978 | 相似度: 0.484274 | used: 0h 21m 50s | remain: 2h 21m 55s
✅ 已保存 3 张对抗图像

[补丁训练 Step 4100] 对抗损失: 0.515632 | 背景损失: 1.392398 | 总损失: 0.654872 | 相似度: 0.484368 | used: 0h 22m 23s | remain: 2h 21m 25s
✅ 已保存 3 张对抗图像

[补丁训练 Step 4200] 对抗损失: 0.514642 | 背景损失: 1.392279 | 总损失: 0.653870 | 相似度: 0.485358 | used: 0h 22m 55s | remain: 2h 20m 51s
✅ 已保存 3 张对抗图像

[补丁训练 Step 4300] 对抗损失: 0.516109 | 背景损失: 1.392159 | 总损失: 0.655325 | 相似度: 0.483891 | used: 0h 23m 28s | remain: 2h 20m 18s
✅ 已保存 3 张对抗图像

[补丁训练 Step 4400] 对抗损失: 0.512580 | 背景损失: 1.392051 | 总损失: 0.651785 | 相似度: 0.487420 | used: 0h 24m 1s | remain: 2h 19m 45s
✅ 已保存 3 张对抗图像

[补丁训练 Step 4500] 对抗损失: 0.511790 | 背景损失: 1.391934 | 总损失: 0.650984 | 相似度: 0.488210 | used: 0h 24m 33s | remain: 2h 19m 11s
✅ 已保存 3 张对抗图像

[补丁训练 Step 4600] 对抗损失: 0.510817 | 背景损失: 1.391819 | 总损失: 0.649999 | 相似度: 0.489183 | used: 0h 25m 6s | remain: 2h 18m 38s
✅ 已保存 3 张对抗图像

[补丁训练 Step 4700] 对抗损失: 0.512095 | 背景损失: 1.391710 | 总损失: 0.651266 | 相似度: 0.487905 | used: 0h 25m 39s | remain: 2h 18m 5s
✅ 已保存 3 张对抗图像

[补丁训练 Step 4800] 对抗损失: 0.510719 | 背景损失: 1.391602 | 总损失: 0.649879 | 相似度: 0.489281 | used: 0h 26m 11s | remain: 2h 17m 32s
✅ 已保存 3 张对抗图像

[补丁训练 Step 4900] 对抗损失: 0.509686 | 背景损失: 1.391491 | 总损失: 0.648835 | 相似度: 0.490314 | used: 0h 26m 44s | remain: 2h 17m 0s
✅ 已保存 3 张对抗图像

[补丁训练 Step 5000] 对抗损失: 0.509834 | 背景损失: 1.391383 | 总损失: 0.648972 | 相似度: 0.490166 | used: 0h 27m 17s | remain: 2h 16m 27s
✅ 已保存 3 张对抗图像

[补丁训练 Step 5100] 对抗损失: 0.509747 | 背景损失: 1.391276 | 总损失: 0.648875 | 相似度: 0.490253 | used: 0h 27m 50s | remain: 2h 15m 55s
✅ 已保存 3 张对抗图像

[补丁训练 Step 5200] 对抗损失: 0.507699 | 背景损失: 1.391170 | 总损失: 0.646816 | 相似度: 0.492302 | used: 0h 28m 23s | remain: 2h 15m 22s
✅ 已保存 3 张对抗图像

[补丁训练 Step 5300] 对抗损失: 0.508007 | 背景损失: 1.391064 | 总损失: 0.647114 | 相似度: 0.491993 | used: 0h 28m 55s | remain: 2h 14m 50s
✅ 已保存 3 张对抗图像

[补丁训练 Step 5400] 对抗损失: 0.506133 | 背景损失: 1.390956 | 总损失: 0.645229 | 相似度: 0.493867 | used: 0h 29m 28s | remain: 2h 14m 17s
✅ 已保存 3 张对抗图像

[补丁训练 Step 5500] 对抗损失: 0.506072 | 背景损失: 1.390852 | 总损失: 0.645158 | 相似度: 0.493928 | used: 0h 30m 1s | remain: 2h 13m 45s
✅ 已保存 3 张对抗图像

[补丁训练 Step 5600] 对抗损失: 0.504591 | 背景损失: 1.390745 | 总损失: 0.643666 | 相似度: 0.495409 | used: 0h 30m 34s | remain: 2h 13m 12s
✅ 已保存 3 张对抗图像

[补丁训练 Step 5700] 对抗损失: 0.505236 | 背景损失: 1.390640 | 总损失: 0.644300 | 相似度: 0.494764 | used: 0h 31m 7s | remain: 2h 12m 40s
✅ 已保存 3 张对抗图像

[补丁训练 Step 5800] 对抗损失: 0.503639 | 背景损失: 1.390534 | 总损失: 0.642692 | 相似度: 0.496361 | used: 0h 31m 40s | remain: 2h 12m 8s
✅ 已保存 3 张对抗图像

[补丁训练 Step 5900] 对抗损失: 0.504331 | 背景损失: 1.390429 | 总损失: 0.643374 | 相似度: 0.495669 | used: 0h 32m 13s | remain: 2h 11m 36s
✅ 已保存 3 张对抗图像

[补丁训练 Step 6000] 对抗损失: 0.503040 | 背景损失: 1.390330 | 总损失: 0.642073 | 相似度: 0.496960 | used: 0h 32m 45s | remain: 2h 11m 3s
✅ 已保存 3 张对抗图像

[补丁训练 Step 6100] 对抗损失: 0.501643 | 背景损失: 1.390224 | 总损失: 0.640665 | 相似度: 0.498357 | used: 0h 33m 18s | remain: 2h 10m 31s
✅ 已保存 3 张对抗图像

[补丁训练 Step 6200] 对抗损失: 0.501461 | 背景损失: 1.390141 | 总损失: 0.640475 | 相似度: 0.498539 | used: 0h 33m 51s | remain: 2h 9m 59s
✅ 已保存 3 张对抗图像

[补丁训练 Step 6300] 对抗损失: 0.500284 | 背景损失: 1.390040 | 总损失: 0.639288 | 相似度: 0.499716 | used: 0h 34m 24s | remain: 2h 9m 27s
✅ 已保存 3 张对抗图像

[补丁训练 Step 6400] 对抗损失: 0.500006 | 背景损失: 1.389940 | 总损失: 0.639000 | 相似度: 0.499994 | used: 0h 34m 57s | remain: 2h 8m 55s
✅ 已保存 3 张对抗图像

[补丁训练 Step 6500] 对抗损失: 0.501531 | 背景损失: 1.389841 | 总损失: 0.640515 | 相似度: 0.498469 | used: 0h 35m 30s | remain: 2h 8m 22s
✅ 已保存 3 张对抗图像

[补丁训练 Step 6600] 对抗损失: 0.498713 | 背景损失: 1.389750 | 总损失: 0.637688 | 相似度: 0.501287 | used: 0h 36m 3s | remain: 2h 7m 50s
✅ 已保存 3 张对抗图像

[补丁训练 Step 6700] 对抗损失: 0.498614 | 背景损失: 1.389656 | 总损失: 0.637580 | 相似度: 0.501386 | used: 0h 36m 36s | remain: 2h 7m 18s
✅ 已保存 3 张对抗图像

[补丁训练 Step 6800] 对抗损失: 0.497785 | 背景损失: 1.389562 | 总损失: 0.636741 | 相似度: 0.502215 | used: 0h 37m 9s | remain: 2h 6m 47s
✅ 已保存 3 张对抗图像

[补丁训练 Step 6900] 对抗损失: 0.497613 | 背景损失: 1.389470 | 总损失: 0.636560 | 相似度: 0.502387 | used: 0h 37m 42s | remain: 2h 6m 15s
✅ 已保存 3 张对抗图像

[补丁训练 Step 7000] 对抗损失: 0.498521 | 背景损失: 1.389374 | 总损失: 0.637458 | 相似度: 0.501479 | used: 0h 38m 15s | remain: 2h 5m 42s
✅ 已保存 3 张对抗图像

[补丁训练 Step 7100] 对抗损失: 0.498128 | 背景损失: 1.389280 | 总损失: 0.637056 | 相似度: 0.501872 | used: 0h 38m 49s | remain: 2h 5m 13s
✅ 已保存 3 张对抗图像

[补丁训练 Step 7200] 对抗损失: 0.495921 | 背景损失: 1.389193 | 总损失: 0.634840 | 相似度: 0.504079 | used: 0h 39m 22s | remain: 2h 4m 41s
✅ 已保存 3 张对抗图像

[补丁训练 Step 7300] 对抗损失: 0.495225 | 背景损失: 1.389101 | 总损失: 0.634135 | 相似度: 0.504775 | used: 0h 39m 55s | remain: 2h 4m 9s
✅ 已保存 3 张对抗图像

[补丁训练 Step 7400] 对抗损失: 0.494673 | 背景损失: 1.389011 | 总损失: 0.633574 | 相似度: 0.505328 | used: 0h 40m 28s | remain: 2h 3m 37s
✅ 已保存 3 张对抗图像

[补丁训练 Step 7500] 对抗损失: 0.495246 | 背景损失: 1.388921 | 总损失: 0.634138 | 相似度: 0.504754 | used: 0h 41m 1s | remain: 2h 3m 4s
✅ 已保存 3 张对抗图像

[补丁训练 Step 7600] 对抗损失: 0.497350 | 背景损失: 1.388828 | 总损失: 0.636233 | 相似度: 0.502650 | used: 0h 41m 34s | remain: 2h 2m 32s
✅ 已保存 3 张对抗图像

[补丁训练 Step 7700] 对抗损失: 0.495017 | 背景损失: 1.388740 | 总损失: 0.633891 | 相似度: 0.504983 | used: 0h 42m 7s | remain: 2h 2m 0s
✅ 已保存 3 张对抗图像

[补丁训练 Step 7800] 对抗损失: 0.494386 | 背景损失: 1.388652 | 总损失: 0.633251 | 相似度: 0.505614 | used: 0h 42m 40s | remain: 2h 1m 28s
✅ 已保存 3 张对抗图像

[补丁训练 Step 7900] 对抗损失: 0.494532 | 背景损失: 1.388557 | 总损失: 0.633387 | 相似度: 0.505468 | used: 0h 43m 14s | remain: 2h 0m 56s
✅ 已保存 3 张对抗图像

[补丁训练 Step 8000] 对抗损失: 0.492353 | 背景损失: 1.388464 | 总损失: 0.631199 | 相似度: 0.507647 | used: 0h 43m 47s | remain: 2h 0m 25s
✅ 已保存 3 张对抗图像

[补丁训练 Step 8100] 对抗损失: 0.502874 | 背景损失: 1.388371 | 总损失: 0.641711 | 相似度: 0.497126 | used: 0h 44m 20s | remain: 1h 59m 53s
✅ 已保存 3 张对抗图像

[补丁训练 Step 8200] 对抗损失: 0.493229 | 背景损失: 1.388283 | 总损失: 0.632057 | 相似度: 0.506771 | used: 0h 44m 53s | remain: 1h 59m 21s
✅ 已保存 3 张对抗图像

[补丁训练 Step 8300] 对抗损失: 0.490952 | 背景损失: 1.388194 | 总损失: 0.629772 | 相似度: 0.509048 | used: 0h 45m 26s | remain: 1h 58m 48s
✅ 已保存 3 张对抗图像

[补丁训练 Step 8400] 对抗损失: 0.491624 | 背景损失: 1.388105 | 总损失: 0.630435 | 相似度: 0.508376 | used: 0h 45m 59s | remain: 1h 58m 15s
✅ 已保存 3 张对抗图像

[补丁训练 Step 8500] 对抗损失: 0.490606 | 背景损失: 1.388014 | 总损失: 0.629407 | 相似度: 0.509394 | used: 0h 46m 32s | remain: 1h 57m 42s
✅ 已保存 3 张对抗图像

[补丁训练 Step 8600] 对抗损失: 0.490297 | 背景损失: 1.387924 | 总损失: 0.629089 | 相似度: 0.509703 | used: 0h 47m 4s | remain: 1h 57m 9s
✅ 已保存 3 张对抗图像

[补丁训练 Step 8700] 对抗损失: 0.490312 | 背景损失: 1.387830 | 总损失: 0.629095 | 相似度: 0.509688 | used: 0h 47m 37s | remain: 1h 56m 36s
✅ 已保存 3 张对抗图像

[补丁训练 Step 8800] 对抗损失: 0.488815 | 背景损失: 1.387741 | 总损失: 0.627589 | 相似度: 0.511185 | used: 0h 48m 10s | remain: 1h 56m 3s
✅ 已保存 3 张对抗图像

[补丁训练 Step 8900] 对抗损失: 0.488245 | 背景损失: 1.387650 | 总损失: 0.627010 | 相似度: 0.511755 | used: 0h 48m 43s | remain: 1h 55m 30s
✅ 已保存 3 张对抗图像

[补丁训练 Step 9000] 对抗损失: 0.488978 | 背景损失: 1.387566 | 总损失: 0.627734 | 相似度: 0.511022 | used: 0h 49m 16s | remain: 1h 54m 58s
✅ 已保存 3 张对抗图像

[补丁训练 Step 9100] 对抗损失: 0.487642 | 背景损失: 1.387474 | 总损失: 0.626390 | 相似度: 0.512358 | used: 0h 49m 49s | remain: 1h 54m 25s
✅ 已保存 3 张对抗图像

[补丁训练 Step 9200] 对抗损失: 0.487592 | 背景损失: 1.387388 | 总损失: 0.626330 | 相似度: 0.512408 | used: 0h 50m 22s | remain: 1h 53m 52s
✅ 已保存 3 张对抗图像

[补丁训练 Step 9300] 对抗损失: 0.487234 | 背景损失: 1.387301 | 总损失: 0.625964 | 相似度: 0.512766 | used: 0h 50m 54s | remain: 1h 53m 19s
✅ 已保存 3 张对抗图像

[补丁训练 Step 9400] 对抗损失: 0.486919 | 背景损失: 1.387213 | 总损失: 0.625641 | 相似度: 0.513081 | used: 0h 51m 27s | remain: 1h 52m 46s
✅ 已保存 3 张对抗图像

[补丁训练 Step 9500] 对抗损失: 0.486998 | 背景损失: 1.387123 | 总损失: 0.625710 | 相似度: 0.513002 | used: 0h 52m 0s | remain: 1h 52m 13s
✅ 已保存 3 张对抗图像

[补丁训练 Step 9600] 对抗损失: 0.486148 | 背景损失: 1.387038 | 总损失: 0.624852 | 相似度: 0.513852 | used: 0h 52m 33s | remain: 1h 51m 40s
✅ 已保存 3 张对抗图像

[补丁训练 Step 9700] 对抗损失: 0.485994 | 背景损失: 1.386949 | 总损失: 0.624689 | 相似度: 0.514006 | used: 0h 53m 5s | remain: 1h 51m 7s
✅ 已保存 3 张对抗图像

[补丁训练 Step 9800] 对抗损失: 0.485334 | 背景损失: 1.386858 | 总损失: 0.624019 | 相似度: 0.514666 | used: 0h 53m 38s | remain: 1h 50m 34s
✅ 已保存 3 张对抗图像

[补丁训练 Step 9900] 对抗损失: 0.484925 | 背景损失: 1.386770 | 总损失: 0.623602 | 相似度: 0.515075 | used: 0h 54m 11s | remain: 1h 50m 1s
✅ 已保存 3 张对抗图像

[补丁训练 Step 10000] 对抗损失: 0.487091 | 背景损失: 1.386679 | 总损失: 0.625759 | 相似度: 0.512909 | used: 0h 54m 44s | remain: 1h 49m 29s
✅ 已保存 3 张对抗图像

[补丁训练 Step 10100] 对抗损失: 0.488509 | 背景损失: 1.386589 | 总损失: 0.627168 | 相似度: 0.511491 | used: 0h 55m 17s | remain: 1h 48m 56s
✅ 已保存 3 张对抗图像

[补丁训练 Step 10200] 对抗损失: 0.483928 | 背景损失: 1.386502 | 总损失: 0.622578 | 相似度: 0.516072 | used: 0h 55m 50s | remain: 1h 48m 23s
✅ 已保存 3 张对抗图像

[补丁训练 Step 10300] 对抗损失: 0.486251 | 背景损失: 1.386411 | 总损失: 0.624892 | 相似度: 0.513749 | used: 0h 56m 23s | remain: 1h 47m 50s
✅ 已保存 3 张对抗图像

[补丁训练 Step 10400] 对抗损失: 0.483921 | 背景损失: 1.386321 | 总损失: 0.622553 | 相似度: 0.516079 | used: 0h 56m 56s | remain: 1h 47m 17s
✅ 已保存 3 张对抗图像

[补丁训练 Step 10500] 对抗损失: 0.484142 | 背景损失: 1.386231 | 总损失: 0.622765 | 相似度: 0.515858 | used: 0h 57m 28s | remain: 1h 46m 45s
✅ 已保存 3 张对抗图像

[补丁训练 Step 10600] 对抗损失: 0.482945 | 背景损失: 1.386142 | 总损失: 0.621559 | 相似度: 0.517055 | used: 0h 58m 1s | remain: 1h 46m 12s
✅ 已保存 3 张对抗图像

[补丁训练 Step 10700] 对抗损失: 0.482920 | 背景损失: 1.386050 | 总损失: 0.621525 | 相似度: 0.517080 | used: 0h 58m 34s | remain: 1h 45m 39s
✅ 已保存 3 张对抗图像

[补丁训练 Step 10800] 对抗损失: 0.482877 | 背景损失: 1.385960 | 总损失: 0.621472 | 相似度: 0.517123 | used: 0h 59m 7s | remain: 1h 45m 6s
✅ 已保存 3 张对抗图像

[补丁训练 Step 10900] 对抗损失: 0.484576 | 背景损失: 1.385869 | 总损失: 0.623163 | 相似度: 0.515424 | used: 0h 59m 40s | remain: 1h 44m 34s
✅ 已保存 3 张对抗图像

[补丁训练 Step 11000] 对抗损失: 0.481714 | 背景损失: 1.385781 | 总损失: 0.620292 | 相似度: 0.518286 | used: 1h 0m 13s | remain: 1h 44m 1s
✅ 已保存 3 张对抗图像

[补丁训练 Step 11100] 对抗损失: 0.485500 | 背景损失: 1.385690 | 总损失: 0.624069 | 相似度: 0.514500 | used: 1h 0m 46s | remain: 1h 43m 28s
✅ 已保存 3 张对抗图像

[补丁训练 Step 11200] 对抗损失: 0.481894 | 背景损失: 1.385605 | 总损失: 0.620455 | 相似度: 0.518106 | used: 1h 1m 19s | remain: 1h 42m 56s
✅ 已保存 3 张对抗图像

[补丁训练 Step 11300] 对抗损失: 0.480947 | 背景损失: 1.385515 | 总损失: 0.619499 | 相似度: 0.519053 | used: 1h 1m 52s | remain: 1h 42m 23s
✅ 已保存 3 张对抗图像

[补丁训练 Step 11400] 对抗损失: 0.481375 | 背景损失: 1.385424 | 总损失: 0.619918 | 相似度: 0.518625 | used: 1h 2m 25s | remain: 1h 41m 50s
✅ 已保存 3 张对抗图像

[补丁训练 Step 11500] 对抗损失: 0.481339 | 背景损失: 1.385334 | 总损失: 0.619873 | 相似度: 0.518661 | used: 1h 2m 58s | remain: 1h 41m 17s
✅ 已保存 3 张对抗图像

[补丁训练 Step 11600] 对抗损失: 0.480181 | 背景损失: 1.385247 | 总损失: 0.618705 | 相似度: 0.519819 | used: 1h 3m 31s | remain: 1h 40m 45s
✅ 已保存 3 张对抗图像

[补丁训练 Step 11700] 对抗损失: 0.479946 | 背景损失: 1.385157 | 总损失: 0.618462 | 相似度: 0.520054 | used: 1h 4m 4s | remain: 1h 40m 12s
✅ 已保存 3 张对抗图像

[补丁训练 Step 11800] 对抗损失: 0.479524 | 背景损失: 1.385068 | 总损失: 0.618031 | 相似度: 0.520476 | used: 1h 4m 37s | remain: 1h 39m 40s
✅ 已保存 3 张对抗图像

[补丁训练 Step 11900] 对抗损失: 0.479636 | 背景损失: 1.384977 | 总损失: 0.618134 | 相似度: 0.520364 | used: 1h 5m 15s | remain: 1h 39m 15s
✅ 已保存 3 张对抗图像

[补丁训练 Step 12000] 对抗损失: 0.479192 | 背景损失: 1.384892 | 总损失: 0.617682 | 相似度: 0.520808 | used: 1h 5m 48s | remain: 1h 38m 43s
✅ 已保存 3 张对抗图像

[补丁训练 Step 12100] 对抗损失: 0.478929 | 背景损失: 1.384801 | 总损失: 0.617409 | 相似度: 0.521071 | used: 1h 6m 21s | remain: 1h 38m 10s
✅ 已保存 3 张对抗图像

[补丁训练 Step 12200] 对抗损失: 0.478344 | 背景损失: 1.384713 | 总损失: 0.616815 | 相似度: 0.521656 | used: 1h 6m 54s | remain: 1h 37m 37s
✅ 已保存 3 张对抗图像

[补丁训练 Step 12300] 对抗损失: 0.478660 | 背景损失: 1.384625 | 总损失: 0.617123 | 相似度: 0.521340 | used: 1h 7m 27s | remain: 1h 37m 5s
✅ 已保存 3 张对抗图像

[补丁训练 Step 12400] 对抗损失: 0.478828 | 背景损失: 1.384535 | 总损失: 0.617281 | 相似度: 0.521173 | used: 1h 8m 1s | remain: 1h 36m 32s
✅ 已保存 3 张对抗图像

[补丁训练 Step 12500] 对抗损失: 0.477645 | 背景损失: 1.384446 | 总损失: 0.616089 | 相似度: 0.522355 | used: 1h 8m 34s | remain: 1h 35m 59s
✅ 已保存 3 张对抗图像

[补丁训练 Step 12600] 对抗损失: 0.478014 | 背景损失: 1.384359 | 总损失: 0.616450 | 相似度: 0.521986 | used: 1h 9m 7s | remain: 1h 35m 27s
✅ 已保存 3 张对抗图像

[补丁训练 Step 12700] 对抗损失: 0.477080 | 背景损失: 1.384271 | 总损失: 0.615507 | 相似度: 0.522920 | used: 1h 9m 40s | remain: 1h 34m 54s
✅ 已保存 3 张对抗图像

[补丁训练 Step 12800] 对抗损失: 0.477583 | 背景损失: 1.384183 | 总损失: 0.616002 | 相似度: 0.522417 | used: 1h 10m 13s | remain: 1h 34m 21s
✅ 已保存 3 张对抗图像

[补丁训练 Step 12900] 对抗损失: 0.478860 | 背景损失: 1.384099 | 总损失: 0.617270 | 相似度: 0.521140 | used: 1h 10m 46s | remain: 1h 33m 49s
✅ 已保存 3 张对抗图像

[补丁训练 Step 13000] 对抗损失: 0.477324 | 背景损失: 1.384012 | 总损失: 0.615725 | 相似度: 0.522676 | used: 1h 11m 19s | remain: 1h 33m 16s
✅ 已保存 3 张对抗图像

[补丁训练 Step 13100] 对抗损失: 0.476162 | 背景损失: 1.383928 | 总损失: 0.614555 | 相似度: 0.523838 | used: 1h 11m 52s | remain: 1h 32m 43s
✅ 已保存 3 张对抗图像

[补丁训练 Step 13200] 对抗损失: 0.476279 | 背景损失: 1.383839 | 总损失: 0.614663 | 相似度: 0.523721 | used: 1h 12m 25s | remain: 1h 32m 11s
✅ 已保存 3 张对抗图像

[补丁训练 Step 13300] 对抗损失: 0.477900 | 背景损失: 1.383753 | 总损失: 0.616276 | 相似度: 0.522100 | used: 1h 12m 59s | remain: 1h 31m 38s
✅ 已保存 3 张对抗图像

[补丁训练 Step 13400] 对抗损失: 0.475263 | 背景损失: 1.383666 | 总损失: 0.613630 | 相似度: 0.524737 | used: 1h 13m 32s | remain: 1h 31m 5s
✅ 已保存 3 张对抗图像

[补丁训练 Step 13500] 对抗损失: 0.476481 | 背景损失: 1.383582 | 总损失: 0.614839 | 相似度: 0.523519 | used: 1h 14m 5s | remain: 1h 30m 33s
✅ 已保存 3 张对抗图像

[补丁训练 Step 13600] 对抗损失: 0.476795 | 背景损失: 1.383496 | 总损失: 0.615145 | 相似度: 0.523205 | used: 1h 14m 38s | remain: 1h 30m 0s
✅ 已保存 3 张对抗图像

[补丁训练 Step 13700] 对抗损失: 0.474488 | 背景损失: 1.383408 | 总损失: 0.612829 | 相似度: 0.525512 | used: 1h 15m 12s | remain: 1h 29m 28s
✅ 已保存 3 张对抗图像

[补丁训练 Step 13800] 对抗损失: 0.474561 | 背景损失: 1.383327 | 总损失: 0.612894 | 相似度: 0.525439 | used: 1h 15m 45s | remain: 1h 28m 56s
✅ 已保存 3 张对抗图像

[补丁训练 Step 13900] 对抗损失: 0.474615 | 背景损失: 1.383244 | 总损失: 0.612940 | 相似度: 0.525385 | used: 1h 16m 18s | remain: 1h 28m 23s
✅ 已保存 3 张对抗图像

[补丁训练 Step 14000] 对抗损失: 0.474285 | 背景损失: 1.383159 | 总损失: 0.612601 | 相似度: 0.525715 | used: 1h 16m 52s | remain: 1h 27m 50s
✅ 已保存 3 张对抗图像

[补丁训练 Step 14100] 对抗损失: 0.475918 | 背景损失: 1.383076 | 总损失: 0.614226 | 相似度: 0.524082 | used: 1h 17m 25s | remain: 1h 27m 18s
✅ 已保存 3 张对抗图像

[补丁训练 Step 14200] 对抗损失: 0.475879 | 背景损失: 1.382989 | 总损失: 0.614178 | 相似度: 0.524121 | used: 1h 17m 58s | remain: 1h 26m 45s
✅ 已保存 3 张对抗图像

[补丁训练 Step 14300] 对抗损失: 0.473738 | 背景损失: 1.382904 | 总损失: 0.612028 | 相似度: 0.526262 | used: 1h 18m 31s | remain: 1h 26m 13s
✅ 已保存 3 张对抗图像

[补丁训练 Step 14400] 对抗损失: 0.473840 | 背景损失: 1.382817 | 总损失: 0.612122 | 相似度: 0.526160 | used: 1h 19m 5s | remain: 1h 25m 40s
✅ 已保存 3 张对抗图像

[补丁训练 Step 14500] 对抗损失: 0.476144 | 背景损失: 1.382729 | 总损失: 0.614417 | 相似度: 0.523856 | used: 1h 19m 38s | remain: 1h 25m 7s
✅ 已保存 3 张对抗图像

[补丁训练 Step 14600] 对抗损失: 0.476682 | 背景损失: 1.382639 | 总损失: 0.614946 | 相似度: 0.523318 | used: 1h 20m 11s | remain: 1h 24m 35s
✅ 已保存 3 张对抗图像

[补丁训练 Step 14700] 对抗损失: 0.480007 | 背景损失: 1.382555 | 总损失: 0.618262 | 相似度: 0.519993 | used: 1h 20m 44s | remain: 1h 24m 2s
✅ 已保存 3 张对抗图像

[补丁训练 Step 14800] 对抗损失: 0.485026 | 背景损失: 1.382477 | 总损失: 0.623274 | 相似度: 0.514974 | used: 1h 21m 18s | remain: 1h 23m 29s
✅ 已保存 3 张对抗图像

[补丁训练 Step 14900] 对抗损失: 0.472981 | 背景损失: 1.382394 | 总损失: 0.611220 | 相似度: 0.527020 | used: 1h 21m 51s | remain: 1h 22m 57s
✅ 已保存 3 张对抗图像

[补丁训练 Step 15000] 对抗损失: 0.473400 | 背景损失: 1.382313 | 总损失: 0.611631 | 相似度: 0.526601 | used: 1h 22m 24s | remain: 1h 22m 24s
✅ 已保存 3 张对抗图像

[补丁训练 Step 15100] 对抗损失: 0.472579 | 背景损失: 1.382229 | 总损失: 0.610802 | 相似度: 0.527421 | used: 1h 22m 57s | remain: 1h 21m 51s
✅ 已保存 3 张对抗图像

[补丁训练 Step 15200] 对抗损失: 0.473272 | 背景损失: 1.382148 | 总损失: 0.611487 | 相似度: 0.526728 | used: 1h 23m 31s | remain: 1h 21m 19s
✅ 已保存 3 张对抗图像

[补丁训练 Step 15300] 对抗损失: 0.471802 | 背景损失: 1.382066 | 总损失: 0.610009 | 相似度: 0.528198 | used: 1h 24m 4s | remain: 1h 20m 46s
✅ 已保存 3 张对抗图像

[补丁训练 Step 15400] 对抗损失: 0.473181 | 背景损失: 1.381984 | 总损失: 0.611380 | 相似度: 0.526819 | used: 1h 24m 37s | remain: 1h 20m 14s
✅ 已保存 3 张对抗图像

[补丁训练 Step 15500] 对抗损失: 0.473651 | 背景损失: 1.381901 | 总损失: 0.611842 | 相似度: 0.526349 | used: 1h 25m 11s | remain: 1h 19m 41s
✅ 已保存 3 张对抗图像

[补丁训练 Step 15600] 对抗损失: 0.477172 | 背景损失: 1.381818 | 总损失: 0.615354 | 相似度: 0.522828 | used: 1h 25m 44s | remain: 1h 19m 8s
✅ 已保存 3 张对抗图像

[补丁训练 Step 15700] 对抗损失: 0.472304 | 背景损失: 1.381738 | 总损失: 0.610478 | 相似度: 0.527696 | used: 1h 26m 17s | remain: 1h 18m 36s
✅ 已保存 3 张对抗图像

[补丁训练 Step 15800] 对抗损失: 0.471708 | 背景损失: 1.381654 | 总损失: 0.609874 | 相似度: 0.528292 | used: 1h 26m 51s | remain: 1h 18m 3s
✅ 已保存 3 张对抗图像

[补丁训练 Step 15900] 对抗损失: 0.471379 | 背景损失: 1.381574 | 总损失: 0.609536 | 相似度: 0.528621 | used: 1h 27m 24s | remain: 1h 17m 30s
✅ 已保存 3 张对抗图像

[补丁训练 Step 16000] 对抗损失: 0.470685 | 背景损失: 1.381490 | 总损失: 0.608834 | 相似度: 0.529315 | used: 1h 27m 58s | remain: 1h 16m 58s
✅ 已保存 3 张对抗图像

[补丁训练 Step 16100] 对抗损失: 0.470548 | 背景损失: 1.381409 | 总损失: 0.608689 | 相似度: 0.529452 | used: 1h 28m 31s | remain: 1h 16m 25s
✅ 已保存 3 张对抗图像

[补丁训练 Step 16200] 对抗损失: 0.470049 | 背景损失: 1.381326 | 总损失: 0.608181 | 相似度: 0.529952 | used: 1h 29m 4s | remain: 1h 15m 53s
✅ 已保存 3 张对抗图像

[补丁训练 Step 16300] 对抗损失: 0.470684 | 背景损失: 1.381243 | 总损失: 0.608809 | 相似度: 0.529316 | used: 1h 29m 38s | remain: 1h 15m 20s
✅ 已保存 3 张对抗图像

[补丁训练 Step 16400] 对抗损失: 0.470147 | 背景损失: 1.381162 | 总损失: 0.608263 | 相似度: 0.529853 | used: 1h 30m 11s | remain: 1h 14m 47s
✅ 已保存 3 张对抗图像

[补丁训练 Step 16500] 对抗损失: 0.470064 | 背景损失: 1.381078 | 总损失: 0.608171 | 相似度: 0.529936 | used: 1h 30m 44s | remain: 1h 14m 14s
✅ 已保存 3 张对抗图像

[补丁训练 Step 16600] 对抗损失: 0.469926 | 背景损失: 1.380995 | 总损失: 0.608025 | 相似度: 0.530074 | used: 1h 31m 18s | remain: 1h 13m 42s
✅ 已保存 3 张对抗图像

[补丁训练 Step 16700] 对抗损失: 0.469486 | 背景损失: 1.380913 | 总损失: 0.607578 | 相似度: 0.530514 | used: 1h 31m 51s | remain: 1h 13m 9s
✅ 已保存 3 张对抗图像

[补丁训练 Step 16800] 对抗损失: 0.469494 | 背景损失: 1.380833 | 总损失: 0.607577 | 相似度: 0.530506 | used: 1h 32m 24s | remain: 1h 12m 36s
✅ 已保存 3 张对抗图像

[补丁训练 Step 16900] 对抗损失: 0.469202 | 背景损失: 1.380752 | 总损失: 0.607277 | 相似度: 0.530798 | used: 1h 32m 57s | remain: 1h 12m 3s
✅ 已保存 3 张对抗图像

[补丁训练 Step 17000] 对抗损失: 0.468419 | 背景损失: 1.380673 | 总损失: 0.606486 | 相似度: 0.531582 | used: 1h 33m 31s | remain: 1h 11m 30s
✅ 已保存 3 张对抗图像

[补丁训练 Step 17100] 对抗损失: 0.469022 | 背景损失: 1.380593 | 总损失: 0.607082 | 相似度: 0.530978 | used: 1h 34m 4s | remain: 1h 10m 58s
✅ 已保存 3 张对抗图像

[补丁训练 Step 17200] 对抗损失: 0.468485 | 背景损失: 1.380511 | 总损失: 0.606536 | 相似度: 0.531515 | used: 1h 34m 37s | remain: 1h 10m 25s
✅ 已保存 3 张对抗图像

[补丁训练 Step 17300] 对抗损失: 0.468892 | 背景损失: 1.380432 | 总损失: 0.606935 | 相似度: 0.531108 | used: 1h 35m 11s | remain: 1h 9m 52s
✅ 已保存 3 张对抗图像

[补丁训练 Step 17400] 对抗损失: 0.467751 | 背景损失: 1.380353 | 总损失: 0.605786 | 相似度: 0.532249 | used: 1h 35m 44s | remain: 1h 9m 19s
✅ 已保存 3 张对抗图像

[补丁训练 Step 17500] 对抗损失: 0.467978 | 背景损失: 1.380273 | 总损失: 0.606006 | 相似度: 0.532022 | used: 1h 36m 17s | remain: 1h 8m 46s
✅ 已保存 3 张对抗图像

[补丁训练 Step 17600] 对抗损失: 0.467576 | 背景损失: 1.380194 | 总损失: 0.605595 | 相似度: 0.532424 | used: 1h 36m 51s | remain: 1h 8m 14s
✅ 已保存 3 张对抗图像

[补丁训练 Step 17700] 对抗损失: 0.467945 | 背景损失: 1.380115 | 总损失: 0.605956 | 相似度: 0.532055 | used: 1h 37m 24s | remain: 1h 7m 41s
✅ 已保存 3 张对抗图像

[补丁训练 Step 17800] 对抗损失: 0.467312 | 背景损失: 1.380040 | 总损失: 0.605316 | 相似度: 0.532688 | used: 1h 37m 57s | remain: 1h 7m 8s
✅ 已保存 3 张对抗图像

[补丁训练 Step 17900] 对抗损失: 0.467401 | 背景损失: 1.379960 | 总损失: 0.605397 | 相似度: 0.532599 | used: 1h 38m 31s | remain: 1h 6m 35s
✅ 已保存 3 张对抗图像

[补丁训练 Step 18000] 对抗损失: 0.466889 | 背景损失: 1.379882 | 总损失: 0.604878 | 相似度: 0.533111 | used: 1h 39m 4s | remain: 1h 6m 2s
✅ 已保存 3 张对抗图像

[补丁训练 Step 18100] 对抗损失: 0.467100 | 背景损失: 1.379802 | 总损失: 0.605080 | 相似度: 0.532900 | used: 1h 39m 37s | remain: 1h 5m 30s
✅ 已保存 3 张对抗图像

[补丁训练 Step 18200] 对抗损失: 0.466694 | 背景损失: 1.379724 | 总损失: 0.604666 | 相似度: 0.533306 | used: 1h 40m 11s | remain: 1h 4m 57s
✅ 已保存 3 张对抗图像

[补丁训练 Step 18300] 对抗损失: 0.466800 | 背景损失: 1.379645 | 总损失: 0.604764 | 相似度: 0.533200 | used: 1h 40m 44s | remain: 1h 4m 24s
✅ 已保存 3 张对抗图像

[补丁训练 Step 18400] 对抗损失: 0.466165 | 背景损失: 1.379566 | 总损失: 0.604121 | 相似度: 0.533835 | used: 1h 41m 17s | remain: 1h 3m 51s
✅ 已保存 3 张对抗图像

[补丁训练 Step 18500] 对抗损失: 0.466712 | 背景损失: 1.379487 | 总损失: 0.604661 | 相似度: 0.533288 | used: 1h 41m 50s | remain: 1h 3m 18s
✅ 已保存 3 张对抗图像

[补丁训练 Step 18600] 对抗损失: 0.466612 | 背景损失: 1.379410 | 总损失: 0.604553 | 相似度: 0.533388 | used: 1h 42m 24s | remain: 1h 2m 45s
✅ 已保存 3 张对抗图像

[补丁训练 Step 18700] 对抗损失: 0.466279 | 背景损失: 1.379333 | 总损失: 0.604212 | 相似度: 0.533721 | used: 1h 42m 57s | remain: 1h 2m 13s
✅ 已保存 3 张对抗图像

[补丁训练 Step 18800] 对抗损失: 0.467988 | 背景损失: 1.379254 | 总损失: 0.605913 | 相似度: 0.532012 | used: 1h 43m 31s | remain: 1h 1m 40s
✅ 已保存 3 张对抗图像

[补丁训练 Step 18900] 对抗损失: 0.466110 | 背景损失: 1.379176 | 总损失: 0.604028 | 相似度: 0.533890 | used: 1h 44m 4s | remain: 1h 1m 7s
✅ 已保存 3 张对抗图像

[补丁训练 Step 19000] 对抗损失: 0.466255 | 背景损失: 1.379101 | 总损失: 0.604165 | 相似度: 0.533745 | used: 1h 44m 37s | remain: 1h 0m 34s
✅ 已保存 3 张对抗图像

[补丁训练 Step 19100] 对抗损失: 0.465063 | 背景损失: 1.379023 | 总损失: 0.602966 | 相似度: 0.534937 | used: 1h 45m 11s | remain: 1h 0m 1s
✅ 已保存 3 张对抗图像

[补丁训练 Step 19200] 对抗损失: 0.469624 | 背景损失: 1.378946 | 总损失: 0.607519 | 相似度: 0.530376 | used: 1h 45m 44s | remain: 0h 59m 28s
✅ 已保存 3 张对抗图像

[补丁训练 Step 19300] 对抗损失: 0.465461 | 背景损失: 1.378873 | 总损失: 0.603348 | 相似度: 0.534539 | used: 1h 46m 17s | remain: 0h 58m 55s
✅ 已保存 3 张对抗图像

[补丁训练 Step 19400] 对抗损失: 0.464676 | 背景损失: 1.378796 | 总损失: 0.602556 | 相似度: 0.535324 | used: 1h 46m 51s | remain: 0h 58m 23s
✅ 已保存 3 张对抗图像

[补丁训练 Step 19500] 对抗损失: 0.465561 | 背景损失: 1.378718 | 总损失: 0.603433 | 相似度: 0.534439 | used: 1h 47m 24s | remain: 0h 57m 50s
✅ 已保存 3 张对抗图像

[补丁训练 Step 19600] 对抗损失: 0.465014 | 背景损失: 1.378647 | 总损失: 0.602879 | 相似度: 0.534986 | used: 1h 47m 58s | remain: 0h 57m 17s
✅ 已保存 3 张对抗图像

[补丁训练 Step 19700] 对抗损失: 0.464683 | 背景损失: 1.378569 | 总损失: 0.602540 | 相似度: 0.535317 | used: 1h 48m 31s | remain: 0h 56m 44s
✅ 已保存 3 张对抗图像

[补丁训练 Step 19800] 对抗损失: 0.464112 | 背景损失: 1.378494 | 总损失: 0.601961 | 相似度: 0.535888 | used: 1h 49m 5s | remain: 0h 56m 11s
✅ 已保存 3 张对抗图像

[补丁训练 Step 19900] 对抗损失: 0.464275 | 背景损失: 1.378419 | 总损失: 0.602117 | 相似度: 0.535725 | used: 1h 49m 38s | remain: 0h 55m 38s
✅ 已保存 3 张对抗图像

[补丁训练 Step 20000] 对抗损失: 0.464113 | 背景损失: 1.378344 | 总损失: 0.601947 | 相似度: 0.535887 | used: 1h 50m 12s | remain: 0h 55m 6s
✅ 已保存 3 张对抗图像

[补丁训练 Step 20100] 对抗损失: 0.463413 | 背景损失: 1.378267 | 总损失: 0.601240 | 相似度: 0.536587 | used: 1h 50m 45s | remain: 0h 54m 33s
✅ 已保存 3 张对抗图像

[补丁训练 Step 20200] 对抗损失: 0.464048 | 背景损失: 1.378189 | 总损失: 0.601867 | 相似度: 0.535952 | used: 1h 51m 19s | remain: 0h 54m 0s
✅ 已保存 3 张对抗图像

[补丁训练 Step 20300] 对抗损失: 0.463301 | 背景损失: 1.378112 | 总损失: 0.601112 | 相似度: 0.536699 | used: 1h 51m 52s | remain: 0h 53m 27s
✅ 已保存 3 张对抗图像

[补丁训练 Step 20400] 对抗损失: 0.463414 | 背景损失: 1.378036 | 总损失: 0.601217 | 相似度: 0.536586 | used: 1h 52m 25s | remain: 0h 52m 54s
✅ 已保存 3 张对抗图像

[补丁训练 Step 20500] 对抗损失: 0.463344 | 背景损失: 1.377959 | 总损失: 0.601140 | 相似度: 0.536656 | used: 1h 52m 59s | remain: 0h 52m 21s
✅ 已保存 3 张对抗图像

[补丁训练 Step 20600] 对抗损失: 0.463176 | 背景损失: 1.377882 | 总损失: 0.600964 | 相似度: 0.536824 | used: 1h 53m 32s | remain: 0h 51m 48s
✅ 已保存 3 张对抗图像

[补丁训练 Step 20700] 对抗损失: 0.464604 | 背景损失: 1.377806 | 总损失: 0.602384 | 相似度: 0.535396 | used: 1h 54m 5s | remain: 0h 51m 15s
✅ 已保存 3 张对抗图像

[补丁训练 Step 20800] 对抗损失: 0.463052 | 背景损失: 1.377729 | 总损失: 0.600825 | 相似度: 0.536948 | used: 1h 54m 39s | remain: 0h 50m 42s
✅ 已保存 3 张对抗图像

[补丁训练 Step 20900] 对抗损失: 0.463225 | 背景损失: 1.377652 | 总损失: 0.600991 | 相似度: 0.536775 | used: 1h 55m 12s | remain: 0h 50m 9s
✅ 已保存 3 张对抗图像

[补丁训练 Step 21000] 对抗损失: 0.463175 | 背景损失: 1.377576 | 总损失: 0.600933 | 相似度: 0.536825 | used: 1h 55m 47s | remain: 0h 49m 37s
✅ 已保存 3 张对抗图像

[补丁训练 Step 21100] 对抗损失: 0.462686 | 背景损失: 1.377503 | 总损失: 0.600436 | 相似度: 0.537314 | used: 1h 56m 20s | remain: 0h 49m 4s
✅ 已保存 3 张对抗图像

[补丁训练 Step 21200] 对抗损失: 0.463080 | 背景损失: 1.377427 | 总损失: 0.600823 | 相似度: 0.536920 | used: 1h 56m 53s | remain: 0h 48m 31s
✅ 已保存 3 张对抗图像

[补丁训练 Step 21300] 对抗损失: 0.462587 | 背景损失: 1.377352 | 总损失: 0.600322 | 相似度: 0.537413 | used: 1h 57m 27s | remain: 0h 47m 58s
✅ 已保存 3 张对抗图像

[补丁训练 Step 21400] 对抗损失: 0.463271 | 背景损失: 1.377278 | 总损失: 0.600998 | 相似度: 0.536730 | used: 1h 58m 0s | remain: 0h 47m 25s
✅ 已保存 3 张对抗图像

[补丁训练 Step 21500] 对抗损失: 0.461951 | 背景损失: 1.377201 | 总损失: 0.599671 | 相似度: 0.538049 | used: 1h 58m 33s | remain: 0h 46m 52s
✅ 已保存 3 张对抗图像

[补丁训练 Step 21600] 对抗损失: 0.461833 | 背景损失: 1.377126 | 总损失: 0.599545 | 相似度: 0.538167 | used: 1h 59m 6s | remain: 0h 46m 19s
✅ 已保存 3 张对抗图像

[补丁训练 Step 21700] 对抗损失: 0.463796 | 背景损失: 1.377050 | 总损失: 0.601501 | 相似度: 0.536204 | used: 1h 59m 39s | remain: 0h 45m 46s
✅ 已保存 3 张对抗图像

[补丁训练 Step 21800] 对抗损失: 0.463627 | 背景损失: 1.376973 | 总损失: 0.601324 | 相似度: 0.536373 | used: 2h 0m 12s | remain: 0h 45m 13s
✅ 已保存 3 张对抗图像

[补丁训练 Step 21900] 对抗损失: 0.461087 | 背景损失: 1.376900 | 总损失: 0.598777 | 相似度: 0.538913 | used: 2h 0m 45s | remain: 0h 44m 39s
✅ 已保存 3 张对抗图像

[补丁训练 Step 22000] 对抗损失: 0.460918 | 背景损失: 1.376827 | 总损失: 0.598600 | 相似度: 0.539082 | used: 2h 1m 19s | remain: 0h 44m 6s
✅ 已保存 3 张对抗图像

[补丁训练 Step 22100] 对抗损失: 0.462476 | 背景损失: 1.376750 | 总损失: 0.600151 | 相似度: 0.537524 | used: 2h 1m 52s | remain: 0h 43m 33s
✅ 已保存 3 张对抗图像

[补丁训练 Step 22200] 对抗损失: 0.462495 | 背景损失: 1.376672 | 总损失: 0.600163 | 相似度: 0.537505 | used: 2h 2m 25s | remain: 0h 43m 0s
✅ 已保存 3 张对抗图像

[补丁训练 Step 22300] 对抗损失: 0.461149 | 背景损失: 1.376597 | 总损失: 0.598809 | 相似度: 0.538851 | used: 2h 2m 58s | remain: 0h 42m 27s
✅ 已保存 3 张对抗图像

[补丁训练 Step 22400] 对抗损失: 0.461026 | 背景损失: 1.376520 | 总损失: 0.598678 | 相似度: 0.538974 | used: 2h 3m 31s | remain: 0h 41m 54s
✅ 已保存 3 张对抗图像

[补丁训练 Step 22500] 对抗损失: 0.460237 | 背景损失: 1.376445 | 总损失: 0.597881 | 相似度: 0.539763 | used: 2h 4m 5s | remain: 0h 41m 21s
✅ 已保存 3 张对抗图像

[补丁训练 Step 22600] 对抗损失: 0.460666 | 背景损失: 1.376370 | 总损失: 0.598303 | 相似度: 0.539334 | used: 2h 4m 38s | remain: 0h 40m 48s
✅ 已保存 3 张对抗图像

[补丁训练 Step 22700] 对抗损失: 0.460545 | 背景损失: 1.376294 | 总损失: 0.598174 | 相似度: 0.539455 | used: 2h 5m 11s | remain: 0h 40m 15s
✅ 已保存 3 张对抗图像

[补丁训练 Step 22800] 对抗损失: 0.461599 | 背景损失: 1.376218 | 总损失: 0.599221 | 相似度: 0.538401 | used: 2h 5m 44s | remain: 0h 39m 42s
✅ 已保存 3 张对抗图像

[补丁训练 Step 22900] 对抗损失: 0.460124 | 背景损失: 1.376143 | 总损失: 0.597739 | 相似度: 0.539876 | used: 2h 6m 17s | remain: 0h 39m 9s
✅ 已保存 3 张对抗图像

[补丁训练 Step 23000] 对抗损失: 0.460607 | 背景损失: 1.376068 | 总损失: 0.598214 | 相似度: 0.539393 | used: 2h 6m 51s | remain: 0h 38m 36s
✅ 已保存 3 张对抗图像

[补丁训练 Step 23100] 对抗损失: 0.460386 | 背景损失: 1.375994 | 总损失: 0.597985 | 相似度: 0.539614 | used: 2h 7m 24s | remain: 0h 38m 3s
✅ 已保存 3 张对抗图像

[补丁训练 Step 23200] 对抗损失: 0.459548 | 背景损失: 1.375921 | 总损失: 0.597140 | 相似度: 0.540452 | used: 2h 7m 57s | remain: 0h 37m 30s
✅ 已保存 3 张对抗图像

[补丁训练 Step 23300] 对抗损失: 0.459529 | 背景损失: 1.375845 | 总损失: 0.597114 | 相似度: 0.540471 | used: 2h 8m 30s | remain: 0h 36m 57s
✅ 已保存 3 张对抗图像

[补丁训练 Step 23400] 对抗损失: 0.460526 | 背景损失: 1.375770 | 总损失: 0.598103 | 相似度: 0.539474 | used: 2h 9m 3s | remain: 0h 36m 24s
✅ 已保存 3 张对抗图像

[补丁训练 Step 23500] 对抗损失: 0.459352 | 背景损失: 1.375699 | 总损失: 0.596922 | 相似度: 0.540648 | used: 2h 9m 37s | remain: 0h 35m 51s
✅ 已保存 3 张对抗图像

[补丁训练 Step 23600] 对抗损失: 0.459440 | 背景损失: 1.375623 | 总损失: 0.597002 | 相似度: 0.540560 | used: 2h 10m 11s | remain: 0h 35m 18s
✅ 已保存 3 张对抗图像

[补丁训练 Step 23700] 对抗损失: 0.460106 | 背景损失: 1.375547 | 总损失: 0.597661 | 相似度: 0.539894 | used: 2h 10m 45s | remain: 0h 34m 45s
✅ 已保存 3 张对抗图像

[补丁训练 Step 23800] 对抗损失: 0.462956 | 背景损失: 1.375474 | 总损失: 0.600503 | 相似度: 0.537044 | used: 2h 11m 18s | remain: 0h 34m 12s
✅ 已保存 3 张对抗图像

[补丁训练 Step 23900] 对抗损失: 0.459059 | 背景损失: 1.375403 | 总损失: 0.596600 | 相似度: 0.540941 | used: 2h 11m 52s | remain: 0h 33m 39s
✅ 已保存 3 张对抗图像

[补丁训练 Step 24000] 对抗损失: 0.459209 | 背景损失: 1.375331 | 总损失: 0.596742 | 相似度: 0.540791 | used: 2h 12m 25s | remain: 0h 33m 6s
✅ 已保存 3 张对抗图像

[补丁训练 Step 24100] 对抗损失: 0.458773 | 背景损失: 1.375257 | 总损失: 0.596298 | 相似度: 0.541227 | used: 2h 12m 58s | remain: 0h 32m 33s
✅ 已保存 3 张对抗图像

[补丁训练 Step 24200] 对抗损失: 0.458229 | 背景损失: 1.375185 | 总损失: 0.595747 | 相似度: 0.541771 | used: 2h 13m 32s | remain: 0h 32m 0s
✅ 已保存 3 张对抗图像

[补丁训练 Step 24300] 对抗损失: 0.460640 | 背景损失: 1.375113 | 总损失: 0.598151 | 相似度: 0.539360 | used: 2h 14m 5s | remain: 0h 31m 27s
✅ 已保存 3 张对抗图像

[补丁训练 Step 24400] 对抗损失: 0.459789 | 背景损失: 1.375038 | 总损失: 0.597293 | 相似度: 0.540211 | used: 2h 14m 38s | remain: 0h 30m 54s
✅ 已保存 3 张对抗图像

[补丁训练 Step 24500] 对抗损失: 0.459216 | 背景损失: 1.374968 | 总损失: 0.596713 | 相似度: 0.540784 | used: 2h 15m 12s | remain: 0h 30m 21s
✅ 已保存 3 张对抗图像

[补丁训练 Step 24600] 对抗损失: 0.459657 | 背景损失: 1.374896 | 总损失: 0.597146 | 相似度: 0.540344 | used: 2h 15m 45s | remain: 0h 29m 48s
✅ 已保存 3 张对抗图像

[补丁训练 Step 24700] 对抗损失: 0.457961 | 背景损失: 1.374822 | 总损失: 0.595443 | 相似度: 0.542039 | used: 2h 16m 18s | remain: 0h 29m 14s
✅ 已保存 3 张对抗图像

[补丁训练 Step 24800] 对抗损失: 0.458103 | 背景损失: 1.374750 | 总损失: 0.595578 | 相似度: 0.541897 | used: 2h 16m 52s | remain: 0h 28m 41s
✅ 已保存 3 张对抗图像

[补丁训练 Step 24900] 对抗损失: 0.458723 | 背景损失: 1.374677 | 总损失: 0.596191 | 相似度: 0.541277 | used: 2h 17m 25s | remain: 0h 28m 8s
✅ 已保存 3 张对抗图像

[补丁训练 Step 25000] 对抗损失: 0.458248 | 背景损失: 1.374605 | 总损失: 0.595708 | 相似度: 0.541752 | used: 2h 17m 58s | remain: 0h 27m 35s
✅ 已保存 3 张对抗图像

[补丁训练 Step 25100] 对抗损失: 0.457614 | 背景损失: 1.374532 | 总损失: 0.595067 | 相似度: 0.542386 | used: 2h 18m 32s | remain: 0h 27m 2s
✅ 已保存 3 张对抗图像

[补丁训练 Step 25200] 对抗损失: 0.458438 | 背景损失: 1.374459 | 总损失: 0.595884 | 相似度: 0.541562 | used: 2h 19m 5s | remain: 0h 26m 29s
✅ 已保存 3 张对抗图像

[补丁训练 Step 25300] 对抗损失: 0.460415 | 背景损失: 1.374386 | 总损失: 0.597853 | 相似度: 0.539585 | used: 2h 19m 38s | remain: 0h 25m 56s
✅ 已保存 3 张对抗图像

[补丁训练 Step 25400] 对抗损失: 0.457345 | 背景损失: 1.374316 | 总损失: 0.594777 | 相似度: 0.542655 | used: 2h 20m 12s | remain: 0h 25m 23s
✅ 已保存 3 张对抗图像

[补丁训练 Step 25500] 对抗损失: 0.458100 | 背景损失: 1.374245 | 总损失: 0.595524 | 相似度: 0.541900 | used: 2h 20m 45s | remain: 0h 24m 50s
✅ 已保存 3 张对抗图像

[补丁训练 Step 25600] 对抗损失: 0.457591 | 背景损失: 1.374174 | 总损失: 0.595009 | 相似度: 0.542409 | used: 2h 21m 18s | remain: 0h 24m 17s
✅ 已保存 3 张对抗图像

[补丁训练 Step 25700] 对抗损失: 0.458325 | 背景损失: 1.374102 | 总损失: 0.595736 | 相似度: 0.541675 | used: 2h 21m 52s | remain: 0h 23m 44s
✅ 已保存 3 张对抗图像

[补丁训练 Step 25800] 对抗损失: 0.456444 | 背景损失: 1.374032 | 总损失: 0.593847 | 相似度: 0.543556 | used: 2h 22m 25s | remain: 0h 23m 11s
✅ 已保存 3 张对抗图像

[补丁训练 Step 25900] 对抗损失: 0.456819 | 背景损失: 1.373960 | 总损失: 0.594215 | 相似度: 0.543181 | used: 2h 22m 58s | remain: 0h 22m 38s
✅ 已保存 3 张对抗图像

[补丁训练 Step 26000] 对抗损失: 0.456742 | 背景损失: 1.373891 | 总损失: 0.594131 | 相似度: 0.543258 | used: 2h 23m 32s | remain: 0h 22m 4s
✅ 已保存 3 张对抗图像

[补丁训练 Step 26100] 对抗损失: 0.456697 | 背景损失: 1.373820 | 总损失: 0.594079 | 相似度: 0.543303 | used: 2h 24m 5s | remain: 0h 21m 31s
✅ 已保存 3 张对抗图像

[补丁训练 Step 26200] 对抗损失: 0.456112 | 背景损失: 1.373751 | 总损失: 0.593487 | 相似度: 0.543888 | used: 2h 24m 38s | remain: 0h 20m 58s
✅ 已保存 3 张对抗图像

[补丁训练 Step 26300] 对抗损失: 0.456331 | 背景损失: 1.373680 | 总损失: 0.593699 | 相似度: 0.543669 | used: 2h 25m 12s | remain: 0h 20m 25s
✅ 已保存 3 张对抗图像

[补丁训练 Step 26400] 对抗损失: 0.456322 | 背景损失: 1.373610 | 总损失: 0.593684 | 相似度: 0.543678 | used: 2h 25m 45s | remain: 0h 19m 52s
✅ 已保存 3 张对抗图像

[补丁训练 Step 26500] 对抗损失: 0.455947 | 背景损失: 1.373542 | 总损失: 0.593301 | 相似度: 0.544053 | used: 2h 26m 18s | remain: 0h 19m 19s
✅ 已保存 3 张对抗图像

[补丁训练 Step 26600] 对抗损失: 0.456467 | 背景损失: 1.373469 | 总损失: 0.593814 | 相似度: 0.543533 | used: 2h 26m 52s | remain: 0h 18m 46s
✅ 已保存 3 张对抗图像

[补丁训练 Step 26700] 对抗损失: 0.456047 | 背景损失: 1.373398 | 总损失: 0.593387 | 相似度: 0.543953 | used: 2h 27m 25s | remain: 0h 18m 13s
✅ 已保存 3 张对抗图像

[补丁训练 Step 26800] 对抗损失: 0.456408 | 背景损失: 1.373328 | 总损失: 0.593740 | 相似度: 0.543592 | used: 2h 27m 58s | remain: 0h 17m 40s
✅ 已保存 3 张对抗图像

[补丁训练 Step 26900] 对抗损失: 0.456569 | 背景损失: 1.373258 | 总损失: 0.593895 | 相似度: 0.543431 | used: 2h 28m 32s | remain: 0h 17m 7s
✅ 已保存 3 张对抗图像

[补丁训练 Step 27000] 对抗损失: 0.455608 | 背景损失: 1.373191 | 总损失: 0.592927 | 相似度: 0.544392 | used: 2h 29m 5s | remain: 0h 16m 33s
✅ 已保存 3 张对抗图像

[补丁训练 Step 27100] 对抗损失: 0.455744 | 背景损失: 1.373119 | 总损失: 0.593056 | 相似度: 0.544256 | used: 2h 29m 38s | remain: 0h 16m 0s
✅ 已保存 3 张对抗图像

[补丁训练 Step 27200] 对抗损失: 0.456197 | 背景损失: 1.373049 | 总损失: 0.593502 | 相似度: 0.543803 | used: 2h 30m 12s | remain: 0h 15m 27s
✅ 已保存 3 张对抗图像

[补丁训练 Step 27300] 对抗损失: 0.456097 | 背景损失: 1.372979 | 总损失: 0.593395 | 相似度: 0.543903 | used: 2h 30m 45s | remain: 0h 14m 54s
✅ 已保存 3 张对抗图像

[补丁训练 Step 27400] 对抗损失: 0.456270 | 背景损失: 1.372909 | 总损失: 0.593561 | 相似度: 0.543730 | used: 2h 31m 18s | remain: 0h 14m 21s
✅ 已保存 3 张对抗图像

[补丁训练 Step 27500] 对抗损失: 0.455985 | 背景损失: 1.372838 | 总损失: 0.593269 | 相似度: 0.544015 | used: 2h 31m 52s | remain: 0h 13m 48s
✅ 已保存 3 张对抗图像

[补丁训练 Step 27600] 对抗损失: 0.455667 | 背景损失: 1.372769 | 总损失: 0.592944 | 相似度: 0.544333 | used: 2h 32m 25s | remain: 0h 13m 15s
✅ 已保存 3 张对抗图像

[补丁训练 Step 27700] 对抗损失: 0.454828 | 背景损失: 1.372703 | 总损失: 0.592098 | 相似度: 0.545172 | used: 2h 32m 58s | remain: 0h 12m 42s
✅ 已保存 3 张对抗图像

[补丁训练 Step 27800] 对抗损失: 0.455661 | 背景损失: 1.372629 | 总损失: 0.592924 | 相似度: 0.544339 | used: 2h 33m 32s | remain: 0h 12m 9s
✅ 已保存 3 张对抗图像

[补丁训练 Step 27900] 对抗损失: 0.454625 | 背景损失: 1.372561 | 总损失: 0.591881 | 相似度: 0.545376 | used: 2h 34m 5s | remain: 0h 11m 35s
✅ 已保存 3 张对抗图像

[补丁训练 Step 28000] 对抗损失: 0.456380 | 背景损失: 1.372490 | 总损失: 0.593629 | 相似度: 0.543620 | used: 2h 34m 39s | remain: 0h 11m 2s
✅ 已保存 3 张对抗图像

[补丁训练 Step 28100] 对抗损失: 0.455370 | 背景损失: 1.372424 | 总损失: 0.592612 | 相似度: 0.544630 | used: 2h 35m 12s | remain: 0h 10m 29s
✅ 已保存 3 张对抗图像

[补丁训练 Step 28200] 对抗损失: 0.454539 | 背景损失: 1.372355 | 总损失: 0.591774 | 相似度: 0.545461 | used: 2h 35m 45s | remain: 0h 9m 56s
✅ 已保存 3 张对抗图像

[补丁训练 Step 28300] 对抗损失: 0.454013 | 背景损失: 1.372287 | 总损失: 0.591242 | 相似度: 0.545987 | used: 2h 36m 19s | remain: 0h 9m 23s
✅ 已保存 3 张对抗图像

[补丁训练 Step 28400] 对抗损失: 0.454183 | 背景损失: 1.372221 | 总损失: 0.591405 | 相似度: 0.545817 | used: 2h 36m 52s | remain: 0h 8m 50s
✅ 已保存 3 张对抗图像

[补丁训练 Step 28500] 对抗损失: 0.454900 | 背景损失: 1.372154 | 总损失: 0.592115 | 相似度: 0.545100 | used: 2h 37m 26s | remain: 0h 8m 17s
✅ 已保存 3 张对抗图像

[补丁训练 Step 28600] 对抗损失: 0.454712 | 背景损失: 1.372085 | 总损失: 0.591921 | 相似度: 0.545288 | used: 2h 37m 59s | remain: 0h 7m 44s
✅ 已保存 3 张对抗图像

[补丁训练 Step 28700] 对抗损失: 0.454919 | 背景损失: 1.372016 | 总损失: 0.592121 | 相似度: 0.545081 | used: 2h 38m 33s | remain: 0h 7m 10s
✅ 已保存 3 张对抗图像

[补丁训练 Step 28800] 对抗损失: 0.454994 | 背景损失: 1.371950 | 总损失: 0.592189 | 相似度: 0.545006 | used: 2h 39m 6s | remain: 0h 6m 37s
✅ 已保存 3 张对抗图像

[补丁训练 Step 28900] 对抗损失: 0.454448 | 背景损失: 1.371882 | 总损失: 0.591636 | 相似度: 0.545552 | used: 2h 39m 40s | remain: 0h 6m 4s
✅ 已保存 3 张对抗图像

[补丁训练 Step 29000] 对抗损失: 0.453860 | 背景损失: 1.371818 | 总损失: 0.591042 | 相似度: 0.546140 | used: 2h 40m 13s | remain: 0h 5m 31s
✅ 已保存 3 张对抗图像

[补丁训练 Step 29100] 对抗损失: 0.455279 | 背景损失: 1.371753 | 总损失: 0.592454 | 相似度: 0.544721 | used: 2h 40m 46s | remain: 0h 4m 58s
✅ 已保存 3 张对抗图像

[补丁训练 Step 29200] 对抗损失: 0.453175 | 背景损失: 1.371684 | 总损失: 0.590343 | 相似度: 0.546825 | used: 2h 41m 20s | remain: 0h 4m 25s
✅ 已保存 3 张对抗图像

[补丁训练 Step 29300] 对抗损失: 0.454699 | 背景损失: 1.371615 | 总损失: 0.591861 | 相似度: 0.545301 | used: 2h 41m 53s | remain: 0h 3m 52s
✅ 已保存 3 张对抗图像

[补丁训练 Step 29400] 对抗损失: 0.453027 | 背景损失: 1.371547 | 总损失: 0.590182 | 相似度: 0.546973 | used: 2h 42m 27s | remain: 0h 3m 18s
✅ 已保存 3 张对抗图像

[补丁训练 Step 29500] 对抗损失: 0.452954 | 背景损失: 1.371482 | 总损失: 0.590102 | 相似度: 0.547046 | used: 2h 43m 0s | remain: 0h 2m 45s
✅ 已保存 3 张对抗图像

[补丁训练 Step 29600] 对抗损失: 0.452980 | 背景损失: 1.371415 | 总损失: 0.590122 | 相似度: 0.547020 | used: 2h 43m 34s | remain: 0h 2m 12s
✅ 已保存 3 张对抗图像

[补丁训练 Step 29700] 对抗损失: 0.452987 | 背景损失: 1.371346 | 总损失: 0.590122 | 相似度: 0.547013 | used: 2h 44m 7s | remain: 0h 1m 39s
✅ 已保存 3 张对抗图像

[补丁训练 Step 29800] 对抗损失: 0.452612 | 背景损失: 1.371280 | 总损失: 0.589740 | 相似度: 0.547388 | used: 2h 44m 41s | remain: 0h 1m 6s
✅ 已保存 3 张对抗图像

[补丁训练 Step 29900] 对抗损失: 0.455053 | 背景损失: 1.371212 | 总损失: 0.592174 | 相似度: 0.544947 | used: 2h 45m 14s | remain: 0h 0m 33s
✅ 已保存 3 张对抗图像

[补丁训练 Step 30000] 对抗损失: 0.452854 | 背景损失: 1.371147 | 总损失: 0.589969 | 相似度: 0.547146 | used: 2h 45m 48s | remain: 0h 0m 0s
✅ 已保存 3 张对抗图像

🎉 补丁训练完成！最终文件保存路径: ['output/0818_201739/adv1_0818_201739.png', 'output/0818_201739/adv2_0818_201739.png', 'output/0818_201739/adv3_0818_201739.png']
训练前:
📊 目标文本: 'Do not answer anything'与图像的余弦相似度: 0.156870
📊 目标文本: 'Do not answer anything'与图像的余弦相似度: 0.103002
📊 目标文本: 'Do not answer anything'与图像的余弦相似度: 0.138567
训练完成后:
📊 目标文本: 'Do not answer anything'与图像的余弦相似度: 0.249586
📊 目标文本: 'Do not answer anything'与图像的余弦相似度: 0.215602
📊 目标文本: 'Do not answer anything'与图像的余弦相似度: 0.217232
